<?xml version="1.0" encoding="UTF-8" ?>
<testsuites>
  <testsuite errors="0" failures="0" name="Test_DateRangeQuery" package="imginfo" tests="5" time="3.885">
  
    <properties>
[...]
</properties>

      <testcase classname="imginfo.Test_DateRangeQuery" name="testUpperUnboundedRange" time="2.383"></testcase>

      <testcase classname="imginfo.Test_DateRangeQuery" name="testBoundedRange" time="0.041"></testcase>

      <testcase classname="imginfo.Test_DateRangeQuery" name="testLowerUnboundedRange" time="0.721"></testcase>

      <testcase classname="imginfo.Test_DateRangeQuery" name="testQueryModification" time="0.38"></testcase>

      <testcase classname="imginfo.Test_DateRangeQuery" name="testNotification" time="0.02"></testcase>

      <system-out><![CDATA[[org.apache.ojb.broker.core.PersistenceBrokerFactoryDefaultImpl] INFO: Create PersistenceBroker instance pool, pool configuration was {whenExhaustedAction=0, maxIdle=-1, maxActive=100, maxWait=2000, removeAbandoned=false, numTestsPerEvictionRun=10, testWhileIdle=false, minEvictableIdleTimeMillis=1000000, testOnReturn=false, logAbandoned=false, removeAbandonedTimeout=300, timeBetweenEvictionRunsMillis=-1, testOnBorrow=false}
[org.apache.ojb.broker.metadata.RepositoryPersistor] INFO: OJB Descriptor Repository: file:C:/java/photovault/conf/repository.xml
[org.apache.ojb.broker.metadata.RepositoryXmlHandler] INFO: Found attribute (name=grabSize, value=20) but I can not assign them to a descriptor
[org.apache.ojb.broker.metadata.RepositoryPersistor] INFO: Read class descriptors took 281 ms
[org.apache.ojb.broker.metadata.RepositoryPersistor] INFO: OJB Descriptor Repository: file:C:/java/photovault/conf/repository.xml
[org.apache.ojb.broker.metadata.RepositoryPersistor] INFO: Read connection repository took 60 ms
[org.apache.ojb.broker.core.PersistenceBrokerFactoryBaseImpl] INFO: Create new PB instance for PBKey org.apache.ojb.broker.PBKey: jcdAlias=repository.xml, user=, password=*****, already created persistence broker instances: 0
[DEFAULT] WARN: [PlatformFactory] problems with platform org.apache.ojb.broker.platforms.PlatformMysqlImpl: org.apache.ojb.broker.platforms.PlatformMysqlImpl
[DEFAULT] WARN: [PlatformFactory] OJB will use PlatformDefaultImpl instead
[org.apache.ojb.broker.cache.ObjectCacheFactory] INFO: Start creating new ObjectCache instance
[org.apache.ojb.broker.cache.ObjectCacheFactory] INFO: Default ObjectCache class was org.apache.ojb.broker.cache.ObjectCacheDefaultImpl
[org.apache.ojb.broker.cache.CacheDistributor] INFO: Use property 'descriptorBasedCaches' is set 'false'
[org.apache.ojb.broker.cache.ObjectCacheFactory] INFO: Instantiate new org.apache.ojb.broker.cache.CacheDistributor class object
[org.apache.ojb.broker.cache.ObjectCacheFactory] INFO: New ObjectCache instance was created
[org.apache.ojb.broker.core.PersistenceBrokerFactoryBaseImpl] INFO: Create new PB instance for PBKey org.apache.ojb.broker.PBKey: jcdAlias=repository.xml, user=, password=*****, already created persistence broker instances: 1
[org.apache.ojb.broker.cache.ObjectCacheFactory] INFO: Start creating new ObjectCache instance
[org.apache.ojb.broker.cache.ObjectCacheFactory] INFO: Default ObjectCache class was org.apache.ojb.broker.cache.ObjectCacheDefaultImpl
[org.apache.ojb.broker.cache.CacheDistributor] INFO: Use property 'descriptorBasedCaches' is set 'false'
[org.apache.ojb.broker.cache.ObjectCacheFactory] INFO: Instantiate new org.apache.ojb.broker.cache.CacheDistributor class object
[org.apache.ojb.broker.cache.ObjectCacheFactory] INFO: New ObjectCache instance was created
[org.apache.ojb.broker.accesslayer.ConnectionFactoryPooledImpl] INFO: Create new connection pool:org.apache.ojb.broker.metadata.JdbcConnectionDescriptor@4ac216[
  jcd-alias=repository.xml
  default-connection=true
  dbms=mysql
  jdbc-level=2.0
  driver=com.mysql.jdbc.Driver
  protocol=jdbc
  sub-protocol=mysql
  db-alias=///pv_test
  user=
  password=*****
  eager-release=false
  ConnectionPoolDescriptor={whenExhaustedAction=0, maxIdle=-1, maxActive=21, maxWait=5000, removeAbandoned=false, numTestsPerEvictionRun=10, testWhileIdle=false, minEvictableIdleTimeMillis=600000, testOnReturn=false, logAbandoned=false, removeAbandonedTimeout=300, timeBetweenEvictionRunsMillis=-1, testOnBorrow=true}
  batchMode=false
  useAutoCommit=AUTO_COMMIT_SET_TRUE_AND_TEMPORARY_FALSE
  ignoreAutoCommitExceptions=false
  sequenceDescriptor=org.apache.ojb.broker.metadata.SequenceDescriptor@11db6bb[
     sequenceManagerClass=class org.apache.ojb.broker.util.sequence.SequenceManagerHighLowImpl
     Properties={grabSize=20}
]
]
[DEFAULT] DEBUG: transition: imginfo.PhotoInfo{10845} (org.apache.ojb.odmg.states.StateNewDirty --> org.apache.ojb.odmg.states.StateOldClean)
[DEFAULT] DEBUG: transition: imginfo.PhotoInfo{10845} (org.apache.ojb.odmg.states.StateOldClean --> org.apache.ojb.odmg.states.StateOldDirty)
[DEFAULT] DEBUG: transition: imginfo.PhotoInfo{10845} (org.apache.ojb.odmg.states.StateOldDirty --> org.apache.ojb.odmg.states.StateOldClean)
[DEFAULT] DEBUG: transition: imginfo.PhotoInfo{10846} (org.apache.ojb.odmg.states.StateNewDirty --> org.apache.ojb.odmg.states.StateOldClean)
[DEFAULT] DEBUG: transition: imginfo.PhotoInfo{10846} (org.apache.ojb.odmg.states.StateOldClean --> org.apache.ojb.odmg.states.StateOldDirty)
[DEFAULT] DEBUG: transition: imginfo.PhotoInfo{10846} (org.apache.ojb.odmg.states.StateOldDirty --> org.apache.ojb.odmg.states.StateOldClean)
[DEFAULT] DEBUG: transition: imginfo.PhotoInfo{10847} (org.apache.ojb.odmg.states.StateNewDirty --> org.apache.ojb.odmg.states.StateOldClean)
[DEFAULT] DEBUG: transition: imginfo.PhotoInfo{10847} (org.apache.ojb.odmg.states.StateOldClean --> org.apache.ojb.odmg.states.StateOldDirty)
[DEFAULT] DEBUG: transition: imginfo.PhotoInfo{10847} (org.apache.ojb.odmg.states.StateOldDirty --> org.apache.ojb.odmg.states.StateOldClean)
[DEFAULT] DEBUG: transition: imginfo.PhotoInfo{10848} (org.apache.ojb.odmg.states.StateNewDirty --> org.apache.ojb.odmg.states.StateOldClean)
[DEFAULT] DEBUG: transition: imginfo.PhotoInfo{10848} (org.apache.ojb.odmg.states.StateOldClean --> org.apache.ojb.odmg.states.StateOldDirty)
[DEFAULT] DEBUG: transition: imginfo.PhotoInfo{10848} (org.apache.ojb.odmg.states.StateOldDirty --> org.apache.ojb.odmg.states.StateOldClean)
(imginfo.ImageInstance               105 ) Error while initializing imageFile: c:\java\photovault\testdb\2003\200302\20030220_00001.JPG does not exist in volume
(imginfo.ImageInstance               105 ) Error while initializing imageFile: c:\java\photovault\testdb\2003\200302\20030220_00002.jpg does not exist in volume
(imginfo.ImageInstance               105 ) Error while initializing imageFile: c:\java\photovault\testdb\2003\200302\20030220_00003.JPG does not exist in volume
(imginfo.ImageInstance               105 ) Error while initializing imageFile: c:\java\photovault\testdb\2003\200302\20030220_00004.JPG does not exist in volume
(imginfo.ImageInstance               105 ) Error while initializing imageFile: c:\java\photovault\testdb\2003\200302\20030220_00005.JPG does not exist in volume
(imginfo.ImageInstance               105 ) Error while initializing imageFile: c:\java\photovault\testdb\2003\200302\20030222_00001.jpg does not exist in volume
(imginfo.ImageInstance               105 ) Error while initializing imageFile: c:\java\photovault\testdb\2003\200302\20030222_00002.jpg does not exist in volume
(imginfo.ImageInstance               105 ) Error while initializing imageFile: c:\java\photovault\testdb\2003\200302\20030222_00003.jpg does not exist in volume
(imginfo.ImageInstance               105 ) Error while initializing imageFile: c:\java\photovault\testdb\2003\200302\20030220_00009.JPG does not exist in volume
(imginfo.ImageInstance               105 ) Error while initializing imageFile: c:\java\photovault\testdb\2003\200302\20030220_00010.jpg does not exist in volume
(imginfo.ImageInstance               105 ) Error while initializing imageFile: c:\java\photovault\testdb\2003\200302\20030223_00001.JPG does not exist in volume
(imginfo.ImageInstance               105 ) Error while initializing imageFile: c:\java\photovault\testdb\2003\200302\20030223_00002.JPG does not exist in volume
(imginfo.ImageInstance               105 ) Error while initializing imageFile: c:\java\photovault\testdb\2003\200302\20030223_00003.JPG does not exist in volume
(imginfo.ImageInstance               105 ) Error while initializing imageFile: c:\java\photovault\testdb\2003\200303\20030302_00001.JPG does not exist in volume
(imginfo.ImageInstance               105 ) Error while initializing imageFile: c:\java\photovault\testdb\2003\200303\20030302_00002.JPG does not exist in volume
(imginfo.ImageInstance               105 ) Error while initializing imageFile: c:\java\photovault\testdb\2003\200303\20030302_00003.JPG does not exist in volume
(imginfo.ImageInstance               105 ) Error while initializing imageFile: c:\java\photovault\testdb\2003\200303\20030302_00004.JPG does not exist in volume
(imginfo.ImageInstance               105 ) Error while initializing imageFile: c:\java\photovault\testdb\2003\200303\20030302_00005.JPG does not exist in volume
(imginfo.ImageInstance               105 ) Error while initializing imageFile: c:\java\photovault\testdb\2003\200303\20030302_00006.JPG does not exist in volume
(imginfo.ImageInstance               105 ) Error while initializing imageFile: c:\java\photovault\testdb\2003\200303\20030302_00007.JPG does not exist in volume
(imginfo.ImageInstance               105 ) Error while initializing imageFile: c:\java\photovault\testdb\2003\200303\20030302_00008.JPG does not exist in volume
(imginfo.ImageInstance               105 ) Error while initializing imageFile: c:\java\photovault\testdb\2003\200303\20030302_00009.JPG does not exist in volume
(imginfo.ImageInstance               105 ) Error while initializing imageFile: c:\java\photovault\testdb\2003\200303\20030302_00010.JPG does not exist in volume
(imginfo.ImageInstance               105 ) Error while initializing imageFile: c:\java\photovault\testdb\2003\200303\20030302_00011.JPG does not exist in volume
(imginfo.ImageInstance               105 ) Error while initializing imageFile: c:\java\photovault\testdb\2003\200303\20030302_00012.JPG does not exist in volume
(imginfo.ImageInstance               105 ) Error while initializing imageFile: c:\java\photovault\testdb\2003\200303\20030302_00013.JPG does not exist in volume
(imginfo.ImageInstance               105 ) Error while initializing imageFile: c:\java\photovault\testdb\2003\200303\20030302_00014.JPG does not exist in volume
(imginfo.ImageInstance               105 ) Error while initializing imageFile: c:\java\photovault\testdb\2003\200303\20030302_00015.JPG does not exist in volume
(imginfo.ImageInstance               105 ) Error while initializing imageFile: c:\java\photovault\testdb\2003\200303\20030302_00016.JPG does not exist in volume
(imginfo.ImageInstance               105 ) Error while initializing imageFile: c:\java\photovault\testdb\2003\200303\20030302_00017.JPG does not exist in volume
(imginfo.ImageInstance               105 ) Error while initializing imageFile: c:\java\photovault\testdb\2003\200303\20030302_00018.JPG does not exist in volume
(imginfo.ImageInstance               105 ) Error while initializing imageFile: c:\java\photovault\testdb\2003\200303\20030302_00019.JPG does not exist in volume
(imginfo.ImageInstance               105 ) Error while initializing imageFile: c:\java\photovault\testdb\2003\200303\20030302_00020.JPG does not exist in volume
(imginfo.ImageInstance               105 ) Error while initializing imageFile: c:\java\photovault\testdb\2003\200303\20030302_00021.JPG does not exist in volume
(imginfo.ImageInstance               105 ) Error while initializing imageFile: c:\java\photovault\testdb\2003\200303\20030302_00022.JPG does not exist in volume
(imginfo.ImageInstance               105 ) Error while initializing imageFile: c:\java\photovault\testdb\2003\200303\20030302_00023.JPG does not exist in volume
(imginfo.ImageInstance               105 ) Error while initializing imageFile: c:\java\photovault\testdb\2003\200303\20030302_00024.JPG does not exist in volume
(imginfo.ImageInstance               105 ) Error while initializing imageFile: c:\java\photovault\testdb\2003\200303\20030302_00025.JPG does not exist in volume
(imginfo.ImageInstance               105 ) Error while initializing imageFile: c:\java\photovault\testdb\2003\200303\20030302_00026.JPG does not exist in volume
(imginfo.ImageInstance               105 ) Error while initializing imageFile: c:\java\photovault\testdb\2003\200303\20030302_00027.JPG does not exist in volume
(imginfo.ImageInstance               105 ) Error while initializing imageFile: c:\java\photovault\testdb\2003\200303\20030304_00001.JPG does not exist in volume
(imginfo.ImageInstance               105 ) Error while initializing imageFile: c:\java\photovault\testdb\2003\200303\20030304_00002.JPG does not exist in volume
(imginfo.ImageInstance               105 ) Error while initializing imageFile: c:\java\photovault\testdb\2003\200303\20030304_00003.JPG does not exist in volume
(imginfo.ImageInstance               105 ) Error while initializing imageFile: c:\java\photovault\testdb\2003\200303\20030304_00004.JPG does not exist in volume
(imginfo.ImageInstance               105 ) Error while initializing imageFile: c:\java\photovault\testdb\2003\200303\20030315_00001.JPG does not exist in volume
(imginfo.ImageInstance               105 ) Error while initializing imageFile: c:\java\photovault\testdb\2003\200303\20030316_00001.JPG does not exist in volume
(imginfo.ImageInstance               105 ) Error while initializing imageFile: c:\java\photovault\testdb\2003\200303\20030316_00002.JPG does not exist in volume
(imginfo.ImageInstance               105 ) Error while initializing imageFile: c:\java\photovault\testdb\2003\200303\20030316_00003.JPG does not exist in volume
(imginfo.ImageInstance               105 ) Error while initializing imageFile: c:\java\photovault\testdb\2003\200303\20030316_00004.JPG does not exist in volume
(imginfo.ImageInstance               105 ) Error while initializing imageFile: c:\java\photovault\testdb\2003\200303\20030316_00005.JPG does not exist in volume
(imginfo.ImageInstance               105 ) Error while initializing imageFile: c:\java\photovault\testdb\2003\200303\20030316_00006.JPG does not exist in volume
(imginfo.ImageInstance               105 ) Error while initializing imageFile: c:\java\photovault\testdb\2003\200303\20030316_00007.JPG does not exist in volume
(imginfo.ImageInstance               105 ) Error while initializing imageFile: c:\java\photovault\testdb\2003\200303\20030316_00008.JPG does not exist in volume
(imginfo.ImageInstance               105 ) Error while initializing imageFile: c:\java\photovault\testdb\2003\200303\20030316_00009.JPG does not exist in volume
(imginfo.ImageInstance               105 ) Error while initializing imageFile: c:\java\photovault\testdb\2003\200303\20030316_00010.JPG does not exist in volume
(imginfo.ImageInstance               105 ) Error while initializing imageFile: c:\java\photovault\testdb\2003\200303\20030316_00011.JPG does not exist in volume
(imginfo.ImageInstance               105 ) Error while initializing imageFile: c:\java\photovault\testdb\2003\200303\20030316_00012.JPG does not exist in volume
(imginfo.ImageInstance               105 ) Error while initializing imageFile: c:\java\photovault\testdb\2003\200303\20030316_00013.JPG does not exist in volume
(imginfo.ImageInstance               105 ) Error while initializing imageFile: c:\java\photovault\testdb\2003\200303\20030321_00001.JPG does not exist in volume
(imginfo.ImageInstance               105 ) Error while initializing imageFile: c:\java\photovault\testdb\2003\200303\20030330_00001.JPG does not exist in volume
(imginfo.ImageInstance               105 ) Error while initializing imageFile: c:\java\photovault\testdb\2003\200303\20030330_00002.JPG does not exist in volume
(imginfo.ImageInstance               105 ) Error while initializing imageFile: c:\java\photovault\testdb\2003\200303\20030330_00003.JPG does not exist in volume
(imginfo.ImageInstance               105 ) Error while initializing imageFile: c:\java\photovault\testdb\2003\200302\20030223_00004.jpg does not exist in volume
(imginfo.ImageInstance               105 ) Error while initializing imageFile: c:\java\photovault\testdb\2003\200302\20030223_00005.jpg does not exist in volume
(imginfo.ImageInstance               105 ) Error while initializing imageFile: c:\java\photovault\testdb\2003\200302\20030223_00006.jpg does not exist in volume
(imginfo.ImageInstance               105 ) Error while initializing imageFile: c:\java\photovault\testdb\2003\200303\20030302_00028.jpg does not exist in volume
(imginfo.ImageInstance               105 ) Error while initializing imageFile: c:\java\photovault\testdb\2003\200303\20030302_00029.jpg does not exist in volume
(imginfo.ImageInstance               105 ) Error while initializing imageFile: c:\java\photovault\testdb\2003\200303\20030302_00030.jpg does not exist in volume
(imginfo.ImageInstance               105 ) Error while initializing imageFile: c:\java\photovault\testdb\2003\200303\20030302_00031.jpg does not exist in volume
(imginfo.ImageInstance               105 ) Error while initializing imageFile: c:\java\photovault\testdb\2003\200303\20030302_00032.jpg does not exist in volume
(imginfo.ImageInstance               105 ) Error while initializing imageFile: c:\java\photovault\testdb\2003\200303\20030302_00033.jpg does not exist in volume
(imginfo.ImageInstance               105 ) Error while initializing imageFile: c:\java\photovault\testdb\2003\200303\20030302_00034.jpg does not exist in volume
(imginfo.ImageInstance               105 ) Error while initializing imageFile: c:\java\photovault\testdb\2003\200303\20030302_00035.jpg does not exist in volume
(imginfo.ImageInstance               105 ) Error while initializing imageFile: c:\java\photovault\testdb\2003\200303\20030302_00036.jpg does not exist in volume
(imginfo.ImageInstance               105 ) Error while initializing imageFile: c:\java\photovault\testdb\2003\200303\20030302_00037.jpg does not exist in volume
(imginfo.ImageInstance               105 ) Error while initializing imageFile: c:\java\photovault\testdb\2003\200303\20030302_00038.jpg does not exist in volume
(imginfo.ImageInstance               105 ) Error while initializing imageFile: c:\java\photovault\testdb\2003\200303\20030302_00039.jpg does not exist in volume
(imginfo.ImageInstance               105 ) Error while initializing imageFile: c:\java\photovault\testdb\2003\200303\20030302_00040.jpg does not exist in volume
(imginfo.ImageInstance               105 ) Error while initializing imageFile: c:\java\photovault\testdb\2003\200303\20030302_00041.jpg does not exist in volume
(imginfo.ImageInstance               105 ) Error while initializing imageFile: c:\java\photovault\testdb\2003\200303\20030302_00042.jpg does not exist in volume
(imginfo.ImageInstance               105 ) Error while initializing imageFile: c:\java\photovault\testdb\2003\200303\20030302_00043.jpg does not exist in volume
(imginfo.ImageInstance               105 ) Error while initializing imageFile: c:\java\photovault\testdb\2003\200303\20030302_00044.jpg does not exist in volume
(imginfo.ImageInstance               105 ) Error while initializing imageFile: c:\java\photovault\testdb\2003\200303\20030302_00045.jpg does not exist in volume
(imginfo.ImageInstance               105 ) Error while initializing imageFile: c:\java\photovault\testdb\2003\200303\20030302_00046.jpg does not exist in volume
(imginfo.ImageInstance               105 ) Error while initializing imageFile: c:\java\photovault\testdb\2003\200303\20030302_00047.jpg does not exist in volume
(imginfo.ImageInstance               105 ) Error while initializing imageFile: c:\java\photovault\testdb\2003\200303\20030302_00048.jpg does not exist in volume
(imginfo.ImageInstance               105 ) Error while initializing imageFile: c:\java\photovault\testdb\2003\200303\20030302_00049.jpg does not exist in volume
(imginfo.ImageInstance               105 ) Error while initializing imageFile: c:\java\photovault\testdb\2003\200303\20030302_00050.jpg does not exist in volume
(imginfo.ImageInstance               105 ) Error while initializing imageFile: c:\java\photovault\testdb\2003\200303\20030302_00051.jpg does not exist in volume
(imginfo.ImageInstance               105 ) Error while initializing imageFile: c:\java\photovault\testdb\2003\200303\20030302_00052.jpg does not exist in volume
(imginfo.ImageInstance               105 ) Error while initializing imageFile: c:\java\photovault\testdb\2003\200303\20030302_00053.jpg does not exist in volume
(imginfo.ImageInstance               105 ) Error while initializing imageFile: c:\java\photovault\testdb\2003\200303\20030302_00054.jpg does not exist in volume
(imginfo.ImageInstance               105 ) Error while initializing imageFile: c:\java\photovault\testdb\2003\200303\20030304_00005.jpg does not exist in volume
(imginfo.ImageInstance               105 ) Error while initializing imageFile: c:\java\photovault\testdb\2003\200303\20030304_00006.jpg does not exist in volume
(imginfo.ImageInstance               105 ) Error while initializing imageFile: c:\java\photovault\testdb\2003\200303\20030304_00007.jpg does not exist in volume
(imginfo.ImageInstance               105 ) Error while initializing imageFile: c:\java\photovault\testdb\2003\200303\20030304_00008.jpg does not exist in volume
(imginfo.ImageInstance               105 ) Error while initializing imageFile: c:\java\photovault\testdb\2003\200303\20030315_00002.jpg does not exist in volume
(imginfo.ImageInstance               105 ) Error while initializing imageFile: c:\java\photovault\testdb\2003\200303\20030316_00014.jpg does not exist in volume
(imginfo.ImageInstance               105 ) Error while initializing imageFile: c:\java\photovault\testdb\2003\200303\20030316_00015.jpg does not exist in volume
(imginfo.ImageInstance               105 ) Error while initializing imageFile: c:\java\photovault\testdb\2003\200303\20030316_00016.jpg does not exist in volume
(imginfo.ImageInstance               105 ) Error while initializing imageFile: c:\java\photovault\testdb\2003\200303\20030316_00017.jpg does not exist in volume
(imginfo.ImageInstance               105 ) Error while initializing imageFile: c:\java\photovault\testdb\2003\200303\20030316_00018.jpg does not exist in volume
(imginfo.ImageInstance               105 ) Error while initializing imageFile: c:\java\photovault\testdb\2003\200303\20030316_00019.jpg does not exist in volume
(imginfo.ImageInstance               105 ) Error while initializing imageFile: c:\java\photovault\testdb\2003\200303\20030316_00020.jpg does not exist in volume
(imginfo.ImageInstance               105 ) Error while initializing imageFile: c:\java\photovault\testdb\2003\200303\20030316_00021.jpg does not exist in volume
(imginfo.ImageInstance               105 ) Error while initializing imageFile: c:\java\photovault\testdb\2003\200303\20030316_00022.jpg does not exist in volume
(imginfo.ImageInstance               105 ) Error while initializing imageFile: c:\java\photovault\testdb\2003\200303\20030316_00023.jpg does not exist in volume
(imginfo.ImageInstance               105 ) Error while initializing imageFile: c:\java\photovault\testdb\2003\200303\20030316_00024.jpg does not exist in volume
(imginfo.ImageInstance               105 ) Error while initializing imageFile: c:\java\photovault\testdb\2003\200303\20030316_00025.jpg does not exist in volume
(imginfo.ImageInstance               105 ) Error while initializing imageFile: c:\java\photovault\testdb\2003\200303\20030316_00026.jpg does not exist in volume
(imginfo.ImageInstance               105 ) Error while initializing imageFile: c:\java\photovault\testdb\2003\200303\20030321_00002.jpg does not exist in volume
(imginfo.ImageInstance               105 ) Error while initializing imageFile: c:\java\photovault\testdb\2003\200303\20030330_00004.jpg does not exist in volume
(imginfo.ImageInstance               105 ) Error while initializing imageFile: c:\java\photovault\testdb\2003\200303\20030330_00005.jpg does not exist in volume
(imginfo.ImageInstance               105 ) Error while initializing imageFile: c:\java\photovault\testdb\2003\200303\20030330_00006.jpg does not exist in volume
(imginfo.ImageInstance               105 ) Error while initializing imageFile: c:\java\photovault\testdb\2003\200303\20030316_00027.jpg does not exist in volume
(imginfo.ImageInstance               105 ) Error while initializing imageFile: c:\java\photovault\testdb\2003\200303\20030316_00028.jpg does not exist in volume
(imginfo.ImageInstance               105 ) Error while initializing imageFile: c:\java\photovault\testdb\2003\200303\20030316_00029.jpg does not exist in volume
(imginfo.ImageInstance               105 ) Error while initializing imageFile: c:\java\photovault\testdb\2003\200303\20030316_00030.jpg does not exist in volume
(imginfo.ImageInstance               105 ) Error while initializing imageFile: c:\java\photovault\testdb\2003\200308\20030802_00001.jpg does not exist in volume
(imginfo.ImageInstance               105 ) Error while initializing imageFile: c:\java\photovault\testdb\2003\200307\20030727_00001.jpg does not exist in volume
(imginfo.ImageInstance               105 ) Error while initializing imageFile: c:\java\photovault\testdb\2004\200401\20040118_00001.JPG does not exist in volume
(imginfo.ImageInstance               105 ) Error while initializing imageFile: c:\java\photovault\testdb\2004\200401\20040118_00002.jpg does not exist in volume
[DEFAULT] DEBUG: transition: imginfo.PhotoInfo{10845} (org.apache.ojb.odmg.states.StateOldClean --> org.apache.ojb.odmg.states.StateOldDelete)
[DEFAULT] DEBUG: transition: imginfo.PhotoInfo{10845} (org.apache.ojb.odmg.states.StateOldDelete --> org.apache.ojb.odmg.states.StateOldClean)
[DEFAULT] DEBUG: transition: imginfo.PhotoInfo{10846} (org.apache.ojb.odmg.states.StateOldClean --> org.apache.ojb.odmg.states.StateOldDelete)
[DEFAULT] DEBUG: transition: imginfo.PhotoInfo{10846} (org.apache.ojb.odmg.states.StateOldDelete --> org.apache.ojb.odmg.states.StateOldClean)
[DEFAULT] DEBUG: transition: imginfo.PhotoInfo{10847} (org.apache.ojb.odmg.states.StateOldClean --> org.apache.ojb.odmg.states.StateOldDelete)
[DEFAULT] DEBUG: transition: imginfo.PhotoInfo{10847} (org.apache.ojb.odmg.states.StateOldDelete --> org.apache.ojb.odmg.states.StateOldClean)
[DEFAULT] DEBUG: transition: imginfo.PhotoInfo{10848} (org.apache.ojb.odmg.states.StateOldClean --> org.apache.ojb.odmg.states.StateOldDelete)
[DEFAULT] DEBUG: transition: imginfo.PhotoInfo{10848} (org.apache.ojb.odmg.states.StateOldDelete --> org.apache.ojb.odmg.states.StateOldClean)
[DEFAULT] DEBUG: transition: imginfo.PhotoInfo{10849} (org.apache.ojb.odmg.states.StateNewDirty --> org.apache.ojb.odmg.states.StateOldClean)
[DEFAULT] DEBUG: transition: imginfo.PhotoInfo{10849} (org.apache.ojb.odmg.states.StateOldClean --> org.apache.ojb.odmg.states.StateOldDirty)
[DEFAULT] DEBUG: transition: imginfo.PhotoInfo{10849} (org.apache.ojb.odmg.states.StateOldDirty --> org.apache.ojb.odmg.states.StateOldClean)
[DEFAULT] DEBUG: transition: imginfo.PhotoInfo{10850} (org.apache.ojb.odmg.states.StateNewDirty --> org.apache.ojb.odmg.states.StateOldClean)
[DEFAULT] DEBUG: transition: imginfo.PhotoInfo{10850} (org.apache.ojb.odmg.states.StateOldClean --> org.apache.ojb.odmg.states.StateOldDirty)
[DEFAULT] DEBUG: transition: imginfo.PhotoInfo{10850} (org.apache.ojb.odmg.states.StateOldDirty --> org.apache.ojb.odmg.states.StateOldClean)
[DEFAULT] DEBUG: transition: imginfo.PhotoInfo{10851} (org.apache.ojb.odmg.states.StateNewDirty --> org.apache.ojb.odmg.states.StateOldClean)
[DEFAULT] DEBUG: transition: imginfo.PhotoInfo{10851} (org.apache.ojb.odmg.states.StateOldClean --> org.apache.ojb.odmg.states.StateOldDirty)
[DEFAULT] DEBUG: transition: imginfo.PhotoInfo{10851} (org.apache.ojb.odmg.states.StateOldDirty --> org.apache.ojb.odmg.states.StateOldClean)
[DEFAULT] DEBUG: transition: imginfo.PhotoInfo{10852} (org.apache.ojb.odmg.states.StateNewDirty --> org.apache.ojb.odmg.states.StateOldClean)
[DEFAULT] DEBUG: transition: imginfo.PhotoInfo{10852} (org.apache.ojb.odmg.states.StateOldClean --> org.apache.ojb.odmg.states.StateOldDirty)
[DEFAULT] DEBUG: transition: imginfo.PhotoInfo{10852} (org.apache.ojb.odmg.states.StateOldDirty --> org.apache.ojb.odmg.states.StateOldClean)
[DEFAULT] DEBUG: transition: imginfo.PhotoInfo{10849} (org.apache.ojb.odmg.states.StateOldClean --> org.apache.ojb.odmg.states.StateOldDelete)
[DEFAULT] DEBUG: transition: imginfo.PhotoInfo{10849} (org.apache.ojb.odmg.states.StateOldDelete --> org.apache.ojb.odmg.states.StateOldClean)
[DEFAULT] DEBUG: transition: imginfo.PhotoInfo{10850} (org.apache.ojb.odmg.states.StateOldClean --> org.apache.ojb.odmg.states.StateOldDelete)
[DEFAULT] DEBUG: transition: imginfo.PhotoInfo{10850} (org.apache.ojb.odmg.states.StateOldDelete --> org.apache.ojb.odmg.states.StateOldClean)
[DEFAULT] DEBUG: transition: imginfo.PhotoInfo{10851} (org.apache.ojb.odmg.states.StateOldClean --> org.apache.ojb.odmg.states.StateOldDelete)
[DEFAULT] DEBUG: transition: imginfo.PhotoInfo{10851} (org.apache.ojb.odmg.states.StateOldDelete --> org.apache.ojb.odmg.states.StateOldClean)
[DEFAULT] DEBUG: transition: imginfo.PhotoInfo{10852} (org.apache.ojb.odmg.states.StateOldClean --> org.apache.ojb.odmg.states.StateOldDelete)
[DEFAULT] DEBUG: transition: imginfo.PhotoInfo{10852} (org.apache.ojb.odmg.states.StateOldDelete --> org.apache.ojb.odmg.states.StateOldClean)
[DEFAULT] DEBUG: transition: imginfo.PhotoInfo{10853} (org.apache.ojb.odmg.states.StateNewDirty --> org.apache.ojb.odmg.states.StateOldClean)
[DEFAULT] DEBUG: transition: imginfo.PhotoInfo{10853} (org.apache.ojb.odmg.states.StateOldClean --> org.apache.ojb.odmg.states.StateOldDirty)
[DEFAULT] DEBUG: transition: imginfo.PhotoInfo{10853} (org.apache.ojb.odmg.states.StateOldDirty --> org.apache.ojb.odmg.states.StateOldClean)
[DEFAULT] DEBUG: transition: imginfo.PhotoInfo{10854} (org.apache.ojb.odmg.states.StateNewDirty --> org.apache.ojb.odmg.states.StateOldClean)
[DEFAULT] DEBUG: transition: imginfo.PhotoInfo{10854} (org.apache.ojb.odmg.states.StateOldClean --> org.apache.ojb.odmg.states.StateOldDirty)
[DEFAULT] DEBUG: transition: imginfo.PhotoInfo{10854} (org.apache.ojb.odmg.states.StateOldDirty --> org.apache.ojb.odmg.states.StateOldClean)
[DEFAULT] DEBUG: transition: imginfo.PhotoInfo{10855} (org.apache.ojb.odmg.states.StateNewDirty --> org.apache.ojb.odmg.states.StateOldClean)
[DEFAULT] DEBUG: transition: imginfo.PhotoInfo{10855} (org.apache.ojb.odmg.states.StateOldClean --> org.apache.ojb.odmg.states.StateOldDirty)
[DEFAULT] DEBUG: transition: imginfo.PhotoInfo{10855} (org.apache.ojb.odmg.states.StateOldDirty --> org.apache.ojb.odmg.states.StateOldClean)
[DEFAULT] DEBUG: transition: imginfo.PhotoInfo{10856} (org.apache.ojb.odmg.states.StateNewDirty --> org.apache.ojb.odmg.states.StateOldClean)
[DEFAULT] DEBUG: transition: imginfo.PhotoInfo{10856} (org.apache.ojb.odmg.states.StateOldClean --> org.apache.ojb.odmg.states.StateOldDirty)
[DEFAULT] DEBUG: transition: imginfo.PhotoInfo{10856} (org.apache.ojb.odmg.states.StateOldDirty --> org.apache.ojb.odmg.states.StateOldClean)
(imginfo.ImageInstance               105 ) Error while initializing imageFile: c:\java\photovault\testdb\2002\200212\20021207_00003.jpg does not exist in volume
(imginfo.ImageInstance               105 ) Error while initializing imageFile: c:\java\photovault\testdb\2002\200212\20021207_00004.jpg does not exist in volume
(imginfo.ImageInstance               105 ) Error while initializing imageFile: c:\java\photovault\testdb\2002\200212\20021207_00005.jpg does not exist in volume
(imginfo.ImageInstance               105 ) Error while initializing imageFile: c:\java\photovault\testdb\2002\200212\20021207_00007.jpg does not exist in volume
(imginfo.ImageInstance               105 ) Error while initializing imageFile: c:\java\photovault\testdb\2002\200212\20021207_00008.jpg does not exist in volume
(imginfo.ImageInstance               105 ) Error while initializing imageFile: c:\java\photovault\testdb\2002\200212\20021207_00009.jpg does not exist in volume
(imginfo.ImageInstance               105 ) Error while initializing imageFile: c:\java\photovault\testdb\2002\200212\20021207_00010.jpg does not exist in volume
(imginfo.ImageInstance               105 ) Error while initializing imageFile: c:\java\photovault\testdb\2002\200212\20021207_00011.jpg does not exist in volume
(imginfo.ImageInstance               105 ) Error while initializing imageFile: c:\java\photovault\testdb\2002\200212\20021207_00012.jpg does not exist in volume
(imginfo.ImageInstance               105 ) Error while initializing imageFile: c:\java\photovault\testdb\2002\200212\20021207_00013.jpg does not exist in volume
(imginfo.ImageInstance               105 ) Error while initializing imageFile: c:\java\photovault\testdb\2002\200212\20021207_00014.jpg does not exist in volume
(imginfo.ImageInstance               105 ) Error while initializing imageFile: c:\java\photovault\testdb\2002\200212\20021207_00015.jpg does not exist in volume
(imginfo.ImageInstance               105 ) Error while initializing imageFile: c:\java\photovault\testdb\2002\200212\20021207_00023.jpg does not exist in volume
(imginfo.ImageInstance               105 ) Error while initializing imageFile: c:\java\photovault\testdb\2002\200212\20021207_00024.jpg does not exist in volume
(imginfo.ImageInstance               105 ) Error while initializing imageFile: c:\java\photovault\testdb\2002\200212\20021207_00025.jpg does not exist in volume
(imginfo.ImageInstance               105 ) Error while initializing imageFile: c:\java\photovault\testdb\2002\200212\20021207_00026.jpg does not exist in volume
(imginfo.ImageInstance               105 ) Error while initializing imageFile: c:\java\photovault\testdb\2002\200212\20021207_00027.jpg does not exist in volume
(imginfo.ImageInstance               105 ) Error while initializing imageFile: c:\java\photovault\testdb\2002\200212\20021207_00028.jpg does not exist in volume
(imginfo.ImageInstance               105 ) Error while initializing imageFile: c:\java\photovault\testdb\2002\200212\20021207_00032.jpg does not exist in volume
(imginfo.ImageInstance               105 ) Error while initializing imageFile: c:\java\photovault\testdb\2002\200212\20021207_00031.jpg does not exist in volume
(imginfo.ImageInstance               105 ) Error while initializing imageFile: c:\java\photovault\testdb\2002\200212\20021207_00033.jpg does not exist in volume
(imginfo.ImageInstance               105 ) Error while initializing imageFile: c:\java\photovault\testdb\2002\200212\20021207_00034.jpg does not exist in volume
(imginfo.ImageInstance               105 ) Error while initializing imageFile: c:\java\photovault\testdb\2002\200212\20021207_00035.jpg does not exist in volume
(imginfo.ImageInstance               105 ) Error while initializing imageFile: c:\java\photovault\testdb\2002\200212\20021207_00036.jpg does not exist in volume
(imginfo.ImageInstance               105 ) Error while initializing imageFile: c:\java\photovault\testdb\2002\200212\20021207_00037.jpg does not exist in volume
(imginfo.ImageInstance               105 ) Error while initializing imageFile: c:\java\photovault\testdb\2002\200212\20021207_00038.jpg does not exist in volume
(imginfo.ImageInstance               105 ) Error while initializing imageFile: c:\java\photovault\testdb\2002\200212\20021207_00039.jpg does not exist in volume
(imginfo.ImageInstance               105 ) Error while initializing imageFile: c:\java\photovault\testdb\2002\200212\20021207_00040.jpg does not exist in volume
(imginfo.ImageInstance               105 ) Error while initializing imageFile: c:\java\photovault\testdb\2002\200212\20021207_00041.jpg does not exist in volume
(imginfo.ImageInstance               105 ) Error while initializing imageFile: c:\java\photovault\testdb\2002\200212\20021207_00042.jpg does not exist in volume
(imginfo.ImageInstance               105 ) Error while initializing imageFile: c:\java\photovault\testdb\2002\200212\20021207_00043.jpg does not exist in volume
(imginfo.ImageInstance               105 ) Error while initializing imageFile: c:\java\photovault\testdb\2002\200212\20021207_00044.jpg does not exist in volume
(imginfo.ImageInstance               105 ) Error while initializing imageFile: c:\java\photovault\testdb\2002\200212\20021207_00045.jpg does not exist in volume
(imginfo.ImageInstance               105 ) Error while initializing imageFile: c:\java\photovault\testdb\2002\200212\20021207_00046.jpg does not exist in volume
(imginfo.ImageInstance               105 ) Error while initializing imageFile: c:\java\photovault\testdb\2002\200212\20021207_00047.jpg does not exist in volume
(imginfo.ImageInstance               105 ) Error while initializing imageFile: c:\java\photovault\testdb\2002\200212\20021207_00048.jpg does not exist in volume
(imginfo.ImageInstance               105 ) Error while initializing imageFile: c:\java\photovault\testdb\2002\200212\20021207_00049.jpg does not exist in volume
(imginfo.ImageInstance               105 ) Error while initializing imageFile: c:\java\photovault\testdb\2002\200212\20021207_00050.jpg does not exist in volume
(imginfo.ImageInstance               105 ) Error while initializing imageFile: c:\java\photovault\testdb\2002\200212\20021207_00051.jpg does not exist in volume
(imginfo.ImageInstance               105 ) Error while initializing imageFile: c:\java\photovault\testdb\2002\200212\20021207_00052.jpg does not exist in volume
(imginfo.ImageInstance               105 ) Error while initializing imageFile: c:\java\photovault\testdb\2002\200212\20021207_00053.jpg does not exist in volume
(imginfo.ImageInstance               105 ) Error while initializing imageFile: c:\java\photovault\testdb\2002\200212\20021207_00054.jpg does not exist in volume
(imginfo.ImageInstance               105 ) Error while initializing imageFile: c:\java\photovault\testdb\2002\200212\20021207_00055.jpg does not exist in volume
(imginfo.ImageInstance               105 ) Error while initializing imageFile: c:\java\photovault\testdb\2002\200212\20021207_00056.jpg does not exist in volume
(imginfo.ImageInstance               105 ) Error while initializing imageFile: c:\java\photovault\testdb\2002\200212\20021207_00057.jpg does not exist in volume
(imginfo.ImageInstance               105 ) Error while initializing imageFile: c:\java\photovault\testdb\2002\200212\20021207_00058.jpg does not exist in volume
(imginfo.ImageInstance               105 ) Error while initializing imageFile: c:\java\photovault\testdb\2002\200212\20021207_00059.jpg does not exist in volume
(imginfo.ImageInstance               105 ) Error while initializing imageFile: c:\java\photovault\testdb\2002\200212\20021207_00060.jpg does not exist in volume
(imginfo.ImageInstance               105 ) Error while initializing imageFile: c:\java\photovault\testdb\2002\200212\20021207_00061.jpg does not exist in volume
(imginfo.ImageInstance               105 ) Error while initializing imageFile: c:\java\photovault\testdb\2002\200212\20021207_00062.jpg does not exist in volume
(imginfo.ImageInstance               105 ) Error while initializing imageFile: c:\java\photovault\testdb\2002\200212\20021207_00063.jpg does not exist in volume
(imginfo.ImageInstance               105 ) Error while initializing imageFile: c:\java\photovault\testdb\2002\200212\20021207_00064.jpg does not exist in volume
(imginfo.ImageInstance               105 ) Error while initializing imageFile: c:\java\photovault\testdb\2002\200212\20021207_00065.jpg does not exist in volume
(imginfo.ImageInstance               105 ) Error while initializing imageFile: c:\java\photovault\testdb\2002\200212\20021207_00066.jpg does not exist in volume
(imginfo.ImageInstance               105 ) Error while initializing imageFile: c:\java\photovault\testdb\2002\200212\20021207_00067.jpg does not exist in volume
(imginfo.ImageInstance               105 ) Error while initializing imageFile: c:\java\photovault\testdb\2002\200212\20021207_00068.jpg does not exist in volume
(imginfo.ImageInstance               105 ) Error while initializing imageFile: c:\java\photovault\testdb\2002\200212\20021207_00069.jpg does not exist in volume
(imginfo.ImageInstance               105 ) Error while initializing imageFile: c:\java\photovault\testdb\2002\200212\20021207_00070.jpg does not exist in volume
(imginfo.ImageInstance               105 ) Error while initializing imageFile: c:\java\photovault\testdb\2002\200212\20021207_00071.jpg does not exist in volume
(imginfo.ImageInstance               105 ) Error while initializing imageFile: c:\java\photovault\testdb\2002\200212\20021207_00072.jpg does not exist in volume
(imginfo.ImageInstance               105 ) Error while initializing imageFile: c:\java\photovault\testdb\2002\200212\20021207_00073.jpg does not exist in volume
(imginfo.ImageInstance               105 ) Error while initializing imageFile: c:\java\photovault\testdb\2002\200212\20021207_00074.jpg does not exist in volume
(imginfo.ImageInstance               105 ) Error while initializing imageFile: c:\java\photovault\testdb\2002\200212\20021207_00075.jpg does not exist in volume
(imginfo.ImageInstance               105 ) Error while initializing imageFile: c:\java\photovault\testdb\2002\200212\20021207_00076.jpg does not exist in volume
(imginfo.ImageInstance               105 ) Error while initializing imageFile: c:\java\photovault\testdb\2002\200212\20021207_00077.jpg does not exist in volume
(imginfo.ImageInstance               105 ) Error while initializing imageFile: c:\java\photovault\testdb\2002\200212\20021207_00078.jpg does not exist in volume
(imginfo.ImageInstance               105 ) Error while initializing imageFile: c:\java\photovault\testdb\2002\200212\20021207_00079.jpg does not exist in volume
(imginfo.ImageInstance               105 ) Error while initializing imageFile: c:\java\photovault\testdb\2002\200212\20021207_00080.jpg does not exist in volume
(imginfo.ImageInstance               105 ) Error while initializing imageFile: c:\java\photovault\testdb\2002\200212\20021207_00081.jpg does not exist in volume
(imginfo.ImageInstance               105 ) Error while initializing imageFile: c:\java\photovault\testdb\2002\200212\20021207_00082.jpg does not exist in volume
(imginfo.ImageInstance               105 ) Error while initializing imageFile: c:\java\photovault\testdb\2002\200212\20021207_00083.jpg does not exist in volume
(imginfo.ImageInstance               105 ) Error while initializing imageFile: c:\java\photovault\testdb\2002\200212\20021207_00084.jpg does not exist in volume
(imginfo.ImageInstance               105 ) Error while initializing imageFile: c:\java\photovault\testdb\2002\200212\20021207_00085.jpg does not exist in volume
(imginfo.ImageInstance               105 ) Error while initializing imageFile: c:\java\photovault\testdb\2002\200212\20021207_00086.jpg does not exist in volume
(imginfo.ImageInstance               105 ) Error while initializing imageFile: c:\java\photovault\testdb\2002\200212\20021207_00087.jpg does not exist in volume
(imginfo.ImageInstance               105 ) Error while initializing imageFile: c:\java\photovault\testdb\2002\200212\20021207_00088.jpg does not exist in volume
(imginfo.ImageInstance               105 ) Error while initializing imageFile: c:\java\photovault\testdb\2002\200212\20021207_00089.jpg does not exist in volume
(imginfo.ImageInstance               105 ) Error while initializing imageFile: c:\java\photovault\testdb\2002\200212\20021207_00090.jpg does not exist in volume
(imginfo.ImageInstance               105 ) Error while initializing imageFile: c:\java\photovault\testdb\2002\200212\20021207_00091.jpg does not exist in volume
(imginfo.ImageInstance               105 ) Error while initializing imageFile: c:\java\photovault\testdb\2002\200212\20021207_00092.jpg does not exist in volume
(imginfo.ImageInstance               105 ) Error while initializing imageFile: c:\java\photovault\testdb\2002\200212\20021207_00093.jpg does not exist in volume
(imginfo.ImageInstance               105 ) Error while initializing imageFile: c:\java\photovault\testdb\2002\200212\20021207_00094.jpg does not exist in volume
(imginfo.ImageInstance               105 ) Error while initializing imageFile: c:\java\photovault\testdb\2002\200212\20021207_00095.jpg does not exist in volume
(imginfo.ImageInstance               105 ) Error while initializing imageFile: c:\java\photovault\testdb\2002\200212\20021207_00096.jpg does not exist in volume
(imginfo.ImageInstance               105 ) Error while initializing imageFile: c:\java\photovault\testdb\2002\200212\20021207_00097.jpg does not exist in volume
(imginfo.ImageInstance               105 ) Error while initializing imageFile: c:\java\photovault\testdb\2002\200212\20021207_00098.jpg does not exist in volume
(imginfo.ImageInstance               105 ) Error while initializing imageFile: c:\java\photovault\testdb\2002\200212\20021207_00099.jpg does not exist in volume
(imginfo.ImageInstance               105 ) Error while initializing imageFile: c:\java\photovault\testdb\2002\200212\20021207_00100.jpg does not exist in volume
(imginfo.ImageInstance               105 ) Error while initializing imageFile: c:\java\photovault\testdb\2002\200212\20021207_00101.jpg does not exist in volume
(imginfo.ImageInstance               105 ) Error while initializing imageFile: c:\java\photovault\testdb\2002\200212\20021207_00102.jpg does not exist in volume
(imginfo.ImageInstance               105 ) Error while initializing imageFile: c:\java\photovault\testdb\2002\200212\20021207_00103.jpg does not exist in volume
(imginfo.ImageInstance               105 ) Error while initializing imageFile: c:\java\photovault\testdb\2002\200212\20021207_00104.jpg does not exist in volume
(imginfo.ImageInstance               105 ) Error while initializing imageFile: c:\java\photovault\testdb\2002\200212\20021207_00105.jpg does not exist in volume
(imginfo.ImageInstance               105 ) Error while initializing imageFile: c:\java\photovault\testdb\2002\200212\20021207_00106.jpg does not exist in volume
(imginfo.ImageInstance               105 ) Error while initializing imageFile: c:\java\photovault\testdb\2002\200212\20021207_00107.jpg does not exist in volume
(imginfo.ImageInstance               105 ) Error while initializing imageFile: c:\java\photovault\testdb\2002\200212\20021207_00108.jpg does not exist in volume
(imginfo.ImageInstance               105 ) Error while initializing imageFile: c:\java\photovault\testdb\2002\200212\20021207_00109.jpg does not exist in volume
(imginfo.ImageInstance               105 ) Error while initializing imageFile: c:\java\photovault\testdb\2002\200212\20021207_00110.jpg does not exist in volume
(imginfo.ImageInstance               105 ) Error while initializing imageFile: c:\java\photovault\testdb\2002\200211\20021102_00007.jpg does not exist in volume
(imginfo.ImageInstance               105 ) Error while initializing imageFile: c:\java\photovault\testdb\2002\200211\20021102_00008.jpg does not exist in volume
(imginfo.ImageInstance               105 ) Error while initializing imageFile: c:\java\photovault\testdb\2002\200211\20021102_00009.jpg does not exist in volume
(imginfo.ImageInstance               105 ) Error while initializing imageFile: c:\java\photovault\testdb\2002\200211\20021102_00010.jpg does not exist in volume
(imginfo.ImageInstance               105 ) Error while initializing imageFile: c:\java\photovault\testdb\2002\200211\20021102_00011.jpg does not exist in volume
(imginfo.ImageInstance               105 ) Error while initializing imageFile: c:\java\photovault\testdb\2002\200211\20021102_00012.jpg does not exist in volume
(imginfo.ImageInstance               105 ) Error while initializing imageFile: c:\java\photovault\testdb\2002\200212\20021207_00111.jpg does not exist in volume
(imginfo.ImageInstance               105 ) Error while initializing imageFile: c:\java\photovault\testdb\2002\200212\20021207_00112.jpg does not exist in volume
(imginfo.ImageInstance               105 ) Error while initializing imageFile: c:\java\photovault\testdb\2002\200212\20021207_00113.jpg does not exist in volume
(imginfo.ImageInstance               105 ) Error while initializing imageFile: c:\java\photovault\testdb\2002\200212\20021207_00114.jpg does not exist in volume
(imginfo.ImageInstance               105 ) Error while initializing imageFile: c:\java\photovault\testdb\2002\200212\20021207_00115.jpg does not exist in volume
(imginfo.ImageInstance               105 ) Error while initializing imageFile: c:\java\photovault\testdb\2002\200212\20021207_00116.jpg does not exist in volume
(imginfo.ImageInstance               105 ) Error while initializing imageFile: c:\java\photovault\testdb\2002\200212\20021207_00117.jpg does not exist in volume
(imginfo.ImageInstance               105 ) Error while initializing imageFile: c:\java\photovault\testdb\2002\200212\20021207_00118.jpg does not exist in volume
(imginfo.ImageInstance               105 ) Error while initializing imageFile: c:\java\photovault\testdb\2002\200212\20021207_00119.jpg does not exist in volume
(imginfo.ImageInstance               105 ) Error while initializing imageFile: c:\java\photovault\testdb\2002\200212\20021207_00120.jpg does not exist in volume
(imginfo.ImageInstance               105 ) Error while initializing imageFile: c:\java\photovault\testdb\2002\200212\20021207_00121.jpg does not exist in volume
(imginfo.ImageInstance               105 ) Error while initializing imageFile: c:\java\photovault\testdb\2002\200212\20021207_00122.jpg does not exist in volume
(imginfo.ImageInstance               105 ) Error while initializing imageFile: c:\java\photovault\testdb\2002\200212\20021207_00123.jpg does not exist in volume
(imginfo.ImageInstance               105 ) Error while initializing imageFile: c:\java\photovault\testdb\2002\200212\20021207_00124.jpg does not exist in volume
(imginfo.ImageInstance               105 ) Error while initializing imageFile: c:\java\photovault\testdb\2002\200212\20021207_00125.jpg does not exist in volume
(imginfo.ImageInstance               105 ) Error while initializing imageFile: c:\java\photovault\testdb\2002\200212\20021207_00126.jpg does not exist in volume
(imginfo.ImageInstance               105 ) Error while initializing imageFile: c:\java\photovault\testdb\2002\200212\20021207_00127.jpg does not exist in volume
(imginfo.ImageInstance               105 ) Error while initializing imageFile: c:\java\photovault\testdb\2002\200212\20021207_00128.jpg does not exist in volume
(imginfo.ImageInstance               105 ) Error while initializing imageFile: c:\java\photovault\testdb\2002\200212\20021207_00129.jpg does not exist in volume
(imginfo.ImageInstance               105 ) Error while initializing imageFile: c:\java\photovault\testdb\2002\200212\20021207_00130.jpg does not exist in volume
(imginfo.ImageInstance               105 ) Error while initializing imageFile: c:\java\photovault\testdb\2002\200212\20021207_00131.jpg does not exist in volume
(imginfo.ImageInstance               105 ) Error while initializing imageFile: c:\java\photovault\testdb\2002\200211\20021102_00013.jpg does not exist in volume
(imginfo.ImageInstance               105 ) Error while initializing imageFile: c:\java\photovault\testdb\2002\200212\20021207_00132.jpg does not exist in volume
(imginfo.ImageInstance               105 ) Error while initializing imageFile: c:\java\photovault\testdb\2002\200211\20021102_00014.jpg does not exist in volume
(imginfo.ImageInstance               105 ) Error while initializing imageFile: c:\java\photovault\testdb\2002\200212\20021207_00134.jpg does not exist in volume
(imginfo.ImageInstance               105 ) Error while initializing imageFile: c:\java\photovault\testdb\2002\200212\20021207_00133.jpg does not exist in volume
(imginfo.ImageInstance               105 ) Error while initializing imageFile: c:\java\photovault\testdb\2002\200212\20021207_00135.jpg does not exist in volume
(imginfo.ImageInstance               105 ) Error while initializing imageFile: c:\java\photovault\testdb\2002\200212\20021207_00136.jpg does not exist in volume
(imginfo.ImageInstance               105 ) Error while initializing imageFile: c:\java\photovault\testdb\2002\200212\20021207_00137.jpg does not exist in volume
(imginfo.ImageInstance               105 ) Error while initializing imageFile: c:\java\photovault\testdb\2002\200212\20021207_00138.jpg does not exist in volume
(imginfo.ImageInstance               105 ) Error while initializing imageFile: c:\java\photovault\testdb\2002\200212\20021207_00139.jpg does not exist in volume
(imginfo.ImageInstance               105 ) Error while initializing imageFile: c:\java\photovault\testdb\2002\200212\20021207_00140.jpg does not exist in volume
(imginfo.ImageInstance               105 ) Error while initializing imageFile: c:\java\photovault\testdb\2002\200212\20021207_00141.jpg does not exist in volume
(imginfo.ImageInstance               105 ) Error while initializing imageFile: c:\java\photovault\testdb\2002\200212\20021207_00142.jpg does not exist in volume
(imginfo.ImageInstance               105 ) Error while initializing imageFile: c:\java\photovault\testdb\2002\200212\20021207_00143.jpg does not exist in volume
(imginfo.ImageInstance               105 ) Error while initializing imageFile: c:\java\photovault\testdb\2002\200212\20021207_00144.jpg does not exist in volume
(imginfo.ImageInstance               105 ) Error while initializing imageFile: c:\java\photovault\testdb\2002\200212\20021207_00149.jpg does not exist in volume
(imginfo.ImageInstance               105 ) Error while initializing imageFile: c:\java\photovault\testdb\2002\200211\20021102_00016.jpg does not exist in volume
(imginfo.ImageInstance               105 ) Error while initializing imageFile: c:\java\photovault\testdb\2002\200212\20021207_00150.jpg does not exist in volume
(imginfo.ImageInstance               105 ) Error while initializing imageFile: c:\java\photovault\testdb\2002\200211\20021102_00017.jpg does not exist in volume
(imginfo.ImageInstance               105 ) Error while initializing imageFile: c:\java\photovault\testdb\2002\200212\20021207_00151.jpg does not exist in volume
(imginfo.ImageInstance               105 ) Error while initializing imageFile: c:\java\photovault\testdb\2002\200211\20021102_00018.jpg does not exist in volume
(imginfo.ImageInstance               105 ) Error while initializing imageFile: c:\java\photovault\testdb\2002\200212\20021207_00152.jpg does not exist in volume
(imginfo.ImageInstance               105 ) Error while initializing imageFile: c:\java\photovault\testdb\2002\200211\20021102_00019.jpg does not exist in volume
(imginfo.ImageInstance               105 ) Error while initializing imageFile: c:\java\photovault\testdb\2002\200212\20021207_00153.jpg does not exist in volume
(imginfo.ImageInstance               105 ) Error while initializing imageFile: c:\java\photovault\testdb\2002\200211\20021102_00020.jpg does not exist in volume
(imginfo.ImageInstance               105 ) Error while initializing imageFile: c:\java\photovault\testdb\2002\200212\20021207_00154.jpg does not exist in volume
(imginfo.ImageInstance               105 ) Error while initializing imageFile: c:\java\photovault\testdb\2002\200211\20021102_00021.jpg does not exist in volume
(imginfo.ImageInstance               105 ) Error while initializing imageFile: c:\java\photovault\testdb\2002\200212\20021207_00155.jpg does not exist in volume
(imginfo.ImageInstance               105 ) Error while initializing imageFile: c:\java\photovault\testdb\2002\200211\20021102_00022.jpg does not exist in volume
(imginfo.ImageInstance               105 ) Error while initializing imageFile: c:\java\photovault\testdb\2002\200211\20021102_00023.jpg does not exist in volume
(imginfo.ImageInstance               105 ) Error while initializing imageFile: c:\java\photovault\testdb\2002\200212\20021207_00156.jpg does not exist in volume
(imginfo.ImageInstance               105 ) Error while initializing imageFile: c:\java\photovault\testdb\2002\200212\20021207_00157.jpg does not exist in volume
(imginfo.ImageInstance               105 ) Error while initializing imageFile: c:\java\photovault\testdb\2002\200211\20021102_00024.jpg does not exist in volume
(imginfo.ImageInstance               105 ) Error while initializing imageFile: c:\java\photovault\testdb\2002\200211\20021102_00025.jpg does not exist in volume
(imginfo.ImageInstance               105 ) Error while initializing imageFile: c:\java\photovault\testdb\2002\200212\20021207_00158.jpg does not exist in volume
(imginfo.ImageInstance               105 ) Error while initializing imageFile: c:\java\photovault\testdb\2002\200211\20021102_00026.jpg does not exist in volume
(imginfo.ImageInstance               105 ) Error while initializing imageFile: c:\java\photovault\testdb\2002\200212\20021207_00159.jpg does not exist in volume
(imginfo.ImageInstance               105 ) Error while initializing imageFile: c:\java\photovault\testdb\2002\200212\20021207_00160.jpg does not exist in volume
(imginfo.ImageInstance               105 ) Error while initializing imageFile: c:\java\photovault\testdb\2002\200211\20021102_00027.jpg does not exist in volume
(imginfo.ImageInstance               105 ) Error while initializing imageFile: c:\java\photovault\testdb\2002\200211\20021102_00028.jpg does not exist in volume
(imginfo.ImageInstance               105 ) Error while initializing imageFile: c:\java\photovault\testdb\2002\200212\20021207_00161.jpg does not exist in volume
(imginfo.ImageInstance               105 ) Error while initializing imageFile: c:\java\photovault\testdb\2002\200212\20021207_00162.jpg does not exist in volume
(imginfo.ImageInstance               105 ) Error while initializing imageFile: c:\java\photovault\testdb\2002\200211\20021102_00029.jpg does not exist in volume
(imginfo.ImageInstance               105 ) Error while initializing imageFile: c:\java\photovault\testdb\2002\200212\20021207_00163.jpg does not exist in volume
(imginfo.ImageInstance               105 ) Error while initializing imageFile: c:\java\photovault\testdb\2002\200211\20021102_00030.jpg does not exist in volume
(imginfo.ImageInstance               105 ) Error while initializing imageFile: c:\java\photovault\testdb\2002\200212\20021207_00164.jpg does not exist in volume
(imginfo.ImageInstance               105 ) Error while initializing imageFile: c:\java\photovault\testdb\2002\200211\20021102_00031.jpg does not exist in volume
(imginfo.ImageInstance               105 ) Error while initializing imageFile: c:\java\photovault\testdb\2002\200212\20021207_00165.jpg does not exist in volume
(imginfo.ImageInstance               105 ) Error while initializing imageFile: c:\java\photovault\testdb\2002\200211\20021102_00032.jpg does not exist in volume
(imginfo.ImageInstance               105 ) Error while initializing imageFile: c:\java\photovault\testdb\2002\200212\20021207_00166.jpg does not exist in volume
(imginfo.ImageInstance               105 ) Error while initializing imageFile: c:\java\photovault\testdb\2002\200211\20021102_00033.jpg does not exist in volume
(imginfo.ImageInstance               105 ) Error while initializing imageFile: c:\java\photovault\testdb\2002\200211\20021102_00034.jpg does not exist in volume
(imginfo.ImageInstance               105 ) Error while initializing imageFile: c:\java\photovault\testdb\2002\200212\20021207_00167.jpg does not exist in volume
(imginfo.ImageInstance               105 ) Error while initializing imageFile: c:\java\photovault\testdb\2002\200211\20021102_00035.jpg does not exist in volume
(imginfo.ImageInstance               105 ) Error while initializing imageFile: c:\java\photovault\testdb\2002\200212\20021207_00169.jpg does not exist in volume
(imginfo.ImageInstance               105 ) Error while initializing imageFile: c:\java\photovault\testdb\2002\200211\20021102_00036.jpg does not exist in volume
(imginfo.ImageInstance               105 ) Error while initializing imageFile: c:\java\photovault\testdb\2002\200212\20021207_00170.jpg does not exist in volume
(imginfo.ImageInstance               105 ) Error while initializing imageFile: c:\java\photovault\testdb\2002\200211\20021102_00037.jpg does not exist in volume
(imginfo.ImageInstance               105 ) Error while initializing imageFile: c:\java\photovault\testdb\2002\200212\20021207_00171.jpg does not exist in volume
(imginfo.ImageInstance               105 ) Error while initializing imageFile: c:\java\photovault\testdb\2002\200211\20021102_00038.jpg does not exist in volume
(imginfo.ImageInstance               105 ) Error while initializing imageFile: c:\java\photovault\testdb\2002\200212\20021207_00172.jpg does not exist in volume
(imginfo.ImageInstance               105 ) Error while initializing imageFile: c:\java\photovault\testdb\2002\200211\20021102_00039.jpg does not exist in volume
(imginfo.ImageInstance               105 ) Error while initializing imageFile: c:\java\photovault\testdb\2002\200212\20021207_00173.jpg does not exist in volume
(imginfo.ImageInstance               105 ) Error while initializing imageFile: c:\java\photovault\testdb\2002\200211\20021102_00040.jpg does not exist in volume
(imginfo.ImageInstance               105 ) Error while initializing imageFile: c:\java\photovault\testdb\2002\200212\20021207_00174.jpg does not exist in volume
(imginfo.ImageInstance               105 ) Error while initializing imageFile: c:\java\photovault\testdb\2002\200211\20021102_00041.jpg does not exist in volume
(imginfo.ImageInstance               105 ) Error while initializing imageFile: c:\java\photovault\testdb\2002\200212\20021207_00176.jpg does not exist in volume
(imginfo.ImageInstance               105 ) Error while initializing imageFile: c:\java\photovault\testdb\2002\200211\20021102_00042.jpg does not exist in volume
(imginfo.ImageInstance               105 ) Error while initializing imageFile: c:\java\photovault\testdb\2002\200212\20021207_00177.jpg does not exist in volume
(imginfo.ImageInstance               105 ) Error while initializing imageFile: c:\java\photovault\testdb\2002\200211\20021102_00043.jpg does not exist in volume
(imginfo.ImageInstance               105 ) Error while initializing imageFile: c:\java\photovault\testdb\2002\200212\20021207_00178.jpg does not exist in volume
(imginfo.ImageInstance               105 ) Error while initializing imageFile: c:\java\photovault\testdb\2002\200211\20021102_00044.jpg does not exist in volume
(imginfo.ImageInstance               105 ) Error while initializing imageFile: c:\java\photovault\testdb\2002\200212\20021207_00179.jpg does not exist in volume
(imginfo.ImageInstance               105 ) Error while initializing imageFile: c:\java\photovault\testdb\2002\200211\20021102_00045.jpg does not exist in volume
(imginfo.ImageInstance               105 ) Error while initializing imageFile: c:\java\photovault\testdb\2002\200212\20021207_00180.jpg does not exist in volume
(imginfo.ImageInstance               105 ) Error while initializing imageFile: c:\java\photovault\testdb\2002\200211\20021102_00046.jpg does not exist in volume
(imginfo.ImageInstance               105 ) Error while initializing imageFile: c:\java\photovault\testdb\2002\200212\20021207_00181.jpg does not exist in volume
(imginfo.ImageInstance               105 ) Error while initializing imageFile: c:\java\photovault\testdb\2002\200211\20021102_00047.jpg does not exist in volume
(imginfo.ImageInstance               105 ) Error while initializing imageFile: c:\java\photovault\testdb\2002\200212\20021207_00182.jpg does not exist in volume
(imginfo.ImageInstance               105 ) Error while initializing imageFile: c:\java\photovault\testdb\2002\200211\20021102_00048.jpg does not exist in volume
(imginfo.ImageInstance               105 ) Error while initializing imageFile: c:\java\photovault\testdb\2002\200212\20021207_00184.jpg does not exist in volume
(imginfo.ImageInstance               105 ) Error while initializing imageFile: c:\java\photovault\testdb\2002\200211\20021102_00049.jpg does not exist in volume
(imginfo.ImageInstance               105 ) Error while initializing imageFile: c:\java\photovault\testdb\2002\200212\20021207_00185.jpg does not exist in volume
(imginfo.ImageInstance               105 ) Error while initializing imageFile: c:\java\photovault\testdb\2002\200211\20021102_00050.jpg does not exist in volume
(imginfo.ImageInstance               105 ) Error while initializing imageFile: c:\java\photovault\testdb\2002\200212\20021207_00186.jpg does not exist in volume
(imginfo.ImageInstance               105 ) Error while initializing imageFile: c:\java\photovault\testdb\2002\200211\20021102_00051.jpg does not exist in volume
(imginfo.ImageInstance               105 ) Error while initializing imageFile: c:\java\photovault\testdb\2002\200212\20021207_00188.jpg does not exist in volume
(imginfo.ImageInstance               105 ) Error while initializing imageFile: c:\java\photovault\testdb\2002\200211\20021102_00052.jpg does not exist in volume
(imginfo.ImageInstance               105 ) Error while initializing imageFile: c:\java\photovault\testdb\2002\200212\20021207_00189.jpg does not exist in volume
(imginfo.ImageInstance               105 ) Error while initializing imageFile: c:\java\photovault\testdb\2002\200211\20021102_00053.jpg does not exist in volume
(imginfo.ImageInstance               105 ) Error while initializing imageFile: c:\java\photovault\testdb\2002\200212\20021207_00190.jpg does not exist in volume
(imginfo.ImageInstance               105 ) Error while initializing imageFile: c:\java\photovault\testdb\2002\200211\20021102_00054.jpg does not exist in volume
(imginfo.ImageInstance               105 ) Error while initializing imageFile: c:\java\photovault\testdb\2002\200212\20021207_00191.jpg does not exist in volume
(imginfo.ImageInstance               105 ) Error while initializing imageFile: c:\java\photovault\testdb\2002\200211\20021102_00055.jpg does not exist in volume
(imginfo.ImageInstance               105 ) Error while initializing imageFile: c:\java\photovault\testdb\2002\200212\20021207_00192.jpg does not exist in volume
(imginfo.ImageInstance               105 ) Error while initializing imageFile: c:\java\photovault\testdb\2002\200211\20021102_00056.jpg does not exist in volume
(imginfo.ImageInstance               105 ) Error while initializing imageFile: c:\java\photovault\testdb\2002\200212\20021207_00193.jpg does not exist in volume
(imginfo.ImageInstance               105 ) Error while initializing imageFile: c:\java\photovault\testdb\2002\200211\20021102_00057.jpg does not exist in volume
(imginfo.ImageInstance               105 ) Error while initializing imageFile: c:\java\photovault\testdb\2002\200212\20021207_00194.jpg does not exist in volume
(imginfo.ImageInstance               105 ) Error while initializing imageFile: c:\java\photovault\testdb\2002\200211\20021102_00058.jpg does not exist in volume
(imginfo.ImageInstance               105 ) Error while initializing imageFile: c:\java\photovault\testdb\2002\200212\20021207_00195.jpg does not exist in volume
(imginfo.ImageInstance               105 ) Error while initializing imageFile: c:\java\photovault\testdb\2002\200212\20021207_00196.jpg does not exist in volume
(imginfo.ImageInstance               105 ) Error while initializing imageFile: c:\java\photovault\testdb\2002\200211\20021102_00059.jpg does not exist in volume
(imginfo.ImageInstance               105 ) Error while initializing imageFile: c:\java\photovault\testdb\2002\200212\20021207_00197.jpg does not exist in volume
(imginfo.ImageInstance               105 ) Error while initializing imageFile: c:\java\photovault\testdb\2002\200211\20021102_00060.jpg does not exist in volume
(imginfo.ImageInstance               105 ) Error while initializing imageFile: c:\java\photovault\testdb\2002\200211\20021102_00061.jpg does not exist in volume
(imginfo.ImageInstance               105 ) Error while initializing imageFile: c:\java\photovault\testdb\2002\200212\20021207_00198.jpg does not exist in volume
(imginfo.ImageInstance               105 ) Error while initializing imageFile: c:\java\photovault\testdb\2002\200212\20021207_00201.jpg does not exist in volume
(imginfo.ImageInstance               105 ) Error while initializing imageFile: c:\java\photovault\testdb\2002\200211\20021102_00062.jpg does not exist in volume
(imginfo.ImageInstance               105 ) Error while initializing imageFile: c:\java\photovault\testdb\2002\200211\20021102_00063.jpg does not exist in volume
(imginfo.ImageInstance               105 ) Error while initializing imageFile: c:\java\photovault\testdb\2002\200212\20021207_00202.jpg does not exist in volume
(imginfo.ImageInstance               105 ) Error while initializing imageFile: c:\java\photovault\testdb\2002\200211\20021102_00064.jpg does not exist in volume
(imginfo.ImageInstance               105 ) Error while initializing imageFile: c:\java\photovault\testdb\2002\200212\20021207_00204.jpg does not exist in volume
(imginfo.ImageInstance               105 ) Error while initializing imageFile: c:\java\photovault\testdb\2002\200211\20021102_00065.jpg does not exist in volume
(imginfo.ImageInstance               105 ) Error while initializing imageFile: c:\java\photovault\testdb\2002\200212\20021207_00206.jpg does not exist in volume
(imginfo.ImageInstance               105 ) Error while initializing imageFile: c:\java\photovault\testdb\2002\200211\20021102_00066.jpg does not exist in volume
(imginfo.ImageInstance               105 ) Error while initializing imageFile: c:\java\photovault\testdb\2002\200212\20021207_00207.jpg does not exist in volume
(imginfo.ImageInstance               105 ) Error while initializing imageFile: c:\java\photovault\testdb\2002\200211\20021102_00067.jpg does not exist in volume
(imginfo.ImageInstance               105 ) Error while initializing imageFile: c:\java\photovault\testdb\2002\200212\20021207_00208.jpg does not exist in volume
(imginfo.ImageInstance               105 ) Error while initializing imageFile: c:\java\photovault\testdb\2002\200211\20021102_00068.jpg does not exist in volume
(imginfo.ImageInstance               105 ) Error while initializing imageFile: c:\java\photovault\testdb\2002\200211\20021102_00069.jpg does not exist in volume
(imginfo.ImageInstance               105 ) Error while initializing imageFile: c:\java\photovault\testdb\2002\200212\20021207_00209.jpg does not exist in volume
(imginfo.ImageInstance               105 ) Error while initializing imageFile: c:\java\photovault\testdb\2002\200211\20021102_00070.jpg does not exist in volume
(imginfo.ImageInstance               105 ) Error while initializing imageFile: c:\java\photovault\testdb\2002\200211\20021102_00071.jpg does not exist in volume
(imginfo.ImageInstance               105 ) Error while initializing imageFile: c:\java\photovault\testdb\2002\200212\20021207_00210.jpg does not exist in volume
(imginfo.ImageInstance               105 ) Error while initializing imageFile: c:\java\photovault\testdb\2002\200211\20021102_00072.jpg does not exist in volume
(imginfo.ImageInstance               105 ) Error while initializing imageFile: c:\java\photovault\testdb\2002\200211\20021102_00073.jpg does not exist in volume
(imginfo.ImageInstance               105 ) Error while initializing imageFile: c:\java\photovault\testdb\2002\200212\20021207_00211.jpg does not exist in volume
(imginfo.ImageInstance               105 ) Error while initializing imageFile: c:\java\photovault\testdb\2002\200212\20021207_00212.jpg does not exist in volume
(imginfo.ImageInstance               105 ) Error while initializing imageFile: c:\java\photovault\testdb\2002\200212\20021207_00213.jpg does not exist in volume
(imginfo.ImageInstance               105 ) Error while initializing imageFile: c:\java\photovault\testdb\2002\200212\20021207_00214.jpg does not exist in volume
(imginfo.ImageInstance               105 ) Error while initializing imageFile: c:\java\photovault\testdb\2002\200212\20021207_00215.jpg does not exist in volume
(imginfo.ImageInstance               105 ) Error while initializing imageFile: c:\java\photovault\testdb\2002\200212\20021207_00216.jpg does not exist in volume
(imginfo.ImageInstance               105 ) Error while initializing imageFile: c:\java\photovault\testdb\2002\200212\20021207_00217.jpg does not exist in volume
(imginfo.ImageInstance               105 ) Error while initializing imageFile: c:\java\photovault\testdb\2002\200212\20021207_00218.jpg does not exist in volume
(imginfo.ImageInstance               105 ) Error while initializing imageFile: c:\java\photovault\testdb\2002\200212\20021207_00219.jpg does not exist in volume
(imginfo.ImageInstance               105 ) Error while initializing imageFile: c:\java\photovault\testdb\2002\200212\20021207_00220.jpg does not exist in volume
(imginfo.ImageInstance               105 ) Error while initializing imageFile: c:\java\photovault\testdb\2002\200212\20021207_00221.jpg does not exist in volume
(imginfo.ImageInstance               105 ) Error while initializing imageFile: c:\java\photovault\testdb\2002\200212\20021207_00222.jpg does not exist in volume
(imginfo.ImageInstance               105 ) Error while initializing imageFile: c:\java\photovault\testdb\2002\200212\20021207_00223.jpg does not exist in volume
(imginfo.ImageInstance               105 ) Error while initializing imageFile: c:\java\photovault\testdb\2002\200212\20021207_00224.jpg does not exist in volume
(imginfo.ImageInstance               105 ) Error while initializing imageFile: c:\java\photovault\testdb\2002\200212\20021207_00225.jpg does not exist in volume
(imginfo.ImageInstance               105 ) Error while initializing imageFile: c:\java\photovault\testdb\2002\200212\20021207_00226.jpg does not exist in volume
(imginfo.ImageInstance               105 ) Error while initializing imageFile: c:\java\photovault\testdb\2002\200212\20021207_00227.jpg does not exist in volume
(imginfo.ImageInstance               105 ) Error while initializing imageFile: c:\java\photovault\testdb\2002\200212\20021207_00228.jpg does not exist in volume
(imginfo.ImageInstance               105 ) Error while initializing imageFile: c:\java\photovault\testdb\2002\200212\20021207_00230.jpg does not exist in volume
(imginfo.ImageInstance               105 ) Error while initializing imageFile: c:\java\photovault\testdb\2002\200211\20021102_00074.jpg does not exist in volume
(imginfo.ImageInstance               105 ) Error while initializing imageFile: c:\java\photovault\testdb\2002\200212\20021207_00229.jpg does not exist in volume
(imginfo.ImageInstance               105 ) Error while initializing imageFile: c:\java\photovault\testdb\2002\200212\20021207_00233.jpg does not exist in volume
(imginfo.ImageInstance               105 ) Error while initializing imageFile: c:\java\photovault\testdb\2002\200211\20021102_00075.jpg does not exist in volume
(imginfo.ImageInstance               105 ) Error while initializing imageFile: c:\java\photovault\testdb\2002\200212\20021207_00231.jpg does not exist in volume
(imginfo.ImageInstance               105 ) Error while initializing imageFile: c:\java\photovault\testdb\2002\200211\20021102_00076.jpg does not exist in volume
(imginfo.ImageInstance               105 ) Error while initializing imageFile: c:\java\photovault\testdb\2002\200212\20021207_00232.jpg does not exist in volume
(imginfo.ImageInstance               105 ) Error while initializing imageFile: c:\java\photovault\testdb\2002\200211\20021102_00077.jpg does not exist in volume
(imginfo.ImageInstance               105 ) Error while initializing imageFile: c:\java\photovault\testdb\2002\200212\20021207_00235.jpg does not exist in volume
(imginfo.ImageInstance               105 ) Error while initializing imageFile: c:\java\photovault\testdb\2002\200212\20021207_00234.jpg does not exist in volume
(imginfo.ImageInstance               105 ) Error while initializing imageFile: c:\java\photovault\testdb\2002\200212\20021207_00236.jpg does not exist in volume
(imginfo.ImageInstance               105 ) Error while initializing imageFile: c:\java\photovault\testdb\2002\200212\20021207_00237.jpg does not exist in volume
(imginfo.ImageInstance               105 ) Error while initializing imageFile: c:\java\photovault\testdb\2002\200212\20021207_00238.jpg does not exist in volume
(imginfo.ImageInstance               105 ) Error while initializing imageFile: c:\java\photovault\testdb\2002\200212\20021207_00239.jpg does not exist in volume
(imginfo.ImageInstance               105 ) Error while initializing imageFile: c:\java\photovault\testdb\2002\200212\20021207_00240.jpg does not exist in volume
(imginfo.ImageInstance               105 ) Error while initializing imageFile: c:\java\photovault\testdb\2002\200212\20021207_00241.jpg does not exist in volume
(imginfo.ImageInstance               105 ) Error while initializing imageFile: c:\java\photovault\testdb\2002\200212\20021207_00263.jpg does not exist in volume
(imginfo.ImageInstance               105 ) Error while initializing imageFile: c:\java\photovault\testdb\2002\200212\20021207_00264.jpg does not exist in volume
(imginfo.ImageInstance               105 ) Error while initializing imageFile: c:\java\photovault\testdb\2002\200210\20021026_00001.JPG does not exist in volume
(imginfo.ImageInstance               105 ) Error while initializing imageFile: c:\java\photovault\testdb\2002\200210\20021026_00002.jpg does not exist in volume
(imginfo.ImageInstance               105 ) Error while initializing imageFile: c:\java\photovault\testdb\2000\200001\20000112_00001.jpg does not exist in volume
(imginfo.ImageInstance               105 ) Error while initializing imageFile: c:\java\photovault\testdb\2000\200001\20000112_00002.jpg does not exist in volume
(imginfo.ImageInstance               105 ) Error while initializing imageFile: c:\java\photovault\testdb\2000\200001\20000127_00001.jpg does not exist in volume
(imginfo.ImageInstance               105 ) Error while initializing imageFile: c:\java\photovault\testdb\2000\200001\20000127_00002.jpg does not exist in volume
(imginfo.ImageInstance               105 ) Error while initializing imageFile: c:\java\photovault\testdb\2002\200204\20020418_00001.JPG does not exist in volume
(imginfo.ImageInstance               105 ) Error while initializing imageFile: c:\java\photovault\testdb\2002\200204\20020418_00002.jpg does not exist in volume
(imginfo.ImageInstance               105 ) Error while initializing imageFile: c:\java\photovault\testdb\2000\200001\20000127_00003.jpg does not exist in volume
(imginfo.ImageInstance               105 ) Error while initializing imageFile: c:\java\photovault\testdb\2000\200001\20000127_00004.jpg does not exist in volume
(imginfo.ImageInstance               105 ) Error while initializing imageFile: c:\java\photovault\testdb\2000\200001\20000127_00005.jpg does not exist in volume
[...]
[org.apache.ojb.broker.cache.ObjectCacheFactory] INFO: New ObjectCache instance was created
[org.apache.ojb.broker.core.PersistenceBrokerFactoryBaseImpl] INFO: Create new PB instance for PBKey org.apache.ojb.broker.PBKey: jcdAlias=repository.xml, user=, password=*****, already created persistence broker instances: 1
[org.apache.ojb.broker.cache.ObjectCacheFactory] INFO: Start creating new ObjectCache instance
[org.apache.ojb.broker.cache.ObjectCacheFactory] INFO: Default ObjectCache class was org.apache.ojb.broker.cache.ObjectCacheDefaultImpl
[org.apache.ojb.broker.cache.CacheDistributor] INFO: Use property 'descriptorBasedCaches' is set 'false'
[org.apache.ojb.broker.cache.ObjectCacheFactory] INFO: Instantiate new org.apache.ojb.broker.cache.CacheDistributor class object
[org.apache.ojb.broker.cache.ObjectCacheFactory] INFO: New ObjectCache instance was created
[org.apache.ojb.broker.accesslayer.ConnectionFactoryPooledImpl] INFO: Create new connection pool:org.apache.ojb.broker.metadata.JdbcConnectionDescriptor@154de0b[
  jcd-alias=repository.xml
  default-connection=true
  dbms=mysql
  jdbc-level=2.0
  driver=com.mysql.jdbc.Driver
  protocol=jdbc
  sub-protocol=mysql
  db-alias=///pv_test
  user=
  password=*****
  eager-release=false
  ConnectionPoolDescriptor={whenExhaustedAction=0, maxIdle=-1, maxActive=21, maxWait=5000, removeAbandoned=false, numTestsPerEvictionRun=10, testWhileIdle=false, minEvictableIdleTimeMillis=600000, testOnReturn=false, logAbandoned=false, removeAbandonedTimeout=300, timeBetweenEvictionRunsMillis=-1, testOnBorrow=true}
  batchMode=false
  useAutoCommit=AUTO_COMMIT_SET_TRUE_AND_TEMPORARY_FALSE
  ignoreAutoCommitExceptions=false
  sequenceDescriptor=org.apache.ojb.broker.metadata.SequenceDescriptor@59b924[
     sequenceManagerClass=class org.apache.ojb.broker.util.sequence.SequenceManagerHighLowImpl
     Properties={grabSize=20}
]
]
[DEFAULT] DEBUG: transition: imginfo.PhotoInfo{10965} (org.apache.ojb.odmg.states.StateNewDirty --> org.apache.ojb.odmg.states.StateOldClean)
[DEFAULT] DEBUG: transition: imginfo.PhotoInfo{10965} (org.apache.ojb.odmg.states.StateOldClean --> org.apache.ojb.odmg.states.StateOldDirty)
[DEFAULT] DEBUG: transition: imginfo.PhotoInfo{10965} (org.apache.ojb.odmg.states.StateOldDirty --> org.apache.ojb.odmg.states.StateOldClean)
[DEFAULT] DEBUG: transition: imginfo.PhotoInfo{10965} (org.apache.ojb.odmg.states.StateOldClean --> org.apache.ojb.odmg.states.StateOldDirty)
[DEFAULT] DEBUG: transition: imginfo.PhotoInfo{10965} (org.apache.ojb.odmg.states.StateOldDirty --> org.apache.ojb.odmg.states.StateOldClean)
[DEFAULT] DEBUG: transition: imginfo.PhotoInfo{10965} (org.apache.ojb.odmg.states.StateOldClean --> org.apache.ojb.odmg.states.StateOldDirty)
[DEFAULT] DEBUG: transition: imginfo.PhotoInfo{10965} (org.apache.ojb.odmg.states.StateOldDirty --> org.apache.ojb.odmg.states.StateOldClean)
[DEFAULT] DEBUG: transition: imginfo.PhotoInfo{10965} (org.apache.ojb.odmg.states.StateOldClean --> org.apache.ojb.odmg.states.StateOldDelete)
[DEFAULT] DEBUG: transition: imginfo.PhotoInfo{10965} (org.apache.ojb.odmg.states.StateOldDelete --> org.apache.ojb.odmg.states.StateOldClean)
[DEFAULT] DEBUG: transition: imginfo.PhotoInfo{10966} (org.apache.ojb.odmg.states.StateNewDirty --> org.apache.ojb.odmg.states.StateOldClean)
[DEFAULT] DEBUG: transition: imginfo.PhotoInfo{10966} (org.apache.ojb.odmg.states.StateOldClean --> org.apache.ojb.odmg.states.StateOldDirty)
[DEFAULT] DEBUG: transition: imginfo.PhotoInfo{10966} (org.apache.ojb.odmg.states.StateOldDirty --> org.apache.ojb.odmg.states.StateOldClean)
[DEFAULT] DEBUG: transition: imginfo.PhotoInfo{10966} (org.apache.ojb.odmg.states.StateOldClean --> org.apache.ojb.odmg.states.StateOldDirty)
[DEFAULT] DEBUG: transition: imginfo.PhotoInfo{10966} (org.apache.ojb.odmg.states.StateOldDirty --> org.apache.ojb.odmg.states.StateOldClean)
[DEFAULT] DEBUG: transition: imginfo.PhotoInfo{10966} (org.apache.ojb.odmg.states.StateOldClean --> org.apache.ojb.odmg.states.StateOldDelete)
[DEFAULT] DEBUG: transition: imginfo.PhotoInfo{10966} (org.apache.ojb.odmg.states.StateOldDelete --> org.apache.ojb.odmg.states.StateOldClean)
[DEFAULT] DEBUG: transition: imginfo.PhotoInfo{10967} (org.apache.ojb.odmg.states.StateNewDirty --> org.apache.ojb.odmg.states.StateOldClean)
[DEFAULT] DEBUG: transition: imginfo.PhotoInfo{10967} (org.apache.ojb.odmg.states.StateOldClean --> org.apache.ojb.odmg.states.StateOldDirty)
[DEFAULT] DEBUG: transition: imginfo.PhotoInfo{10967} (org.apache.ojb.odmg.states.StateOldDirty --> org.apache.ojb.odmg.states.StateOldClean)
[DEFAULT] DEBUG: transition: imginfo.PhotoInfo{10967} (org.apache.ojb.odmg.states.StateOldClean --> org.apache.ojb.odmg.states.StateOldDirty)
[DEFAULT] DEBUG: transition: imginfo.PhotoInfo{10967} (org.apache.ojb.odmg.states.StateOldDirty --> org.apache.ojb.odmg.states.StateOldClean)
[org.apache.ojb.broker.core.PersistenceBrokerImpl] INFO: Cascade store for this collection-descriptor (instances) was set to false.
[DEFAULT] DEBUG: transition: imginfo.PhotoInfo{10968} (org.apache.ojb.odmg.states.StateNewDirty --> org.apache.ojb.odmg.states.StateOldClean)
[DEFAULT] DEBUG: transition: imginfo.ImageInstance{defaultVolume,20040229_00020.jpg} (org.apache.ojb.odmg.states.StateNewDirty --> org.apache.ojb.odmg.states.StateOldClean)
[DEFAULT] DEBUG: transition: imginfo.PhotoInfo{10968} (org.apache.ojb.odmg.states.StateOldClean --> org.apache.ojb.odmg.states.StateOldDirty)
[org.apache.ojb.broker.core.PersistenceBrokerImpl] INFO: Cascade store for this collection-descriptor (instances) was set to false.
[DEFAULT] DEBUG: transition: imginfo.PhotoInfo{10968} (org.apache.ojb.odmg.states.StateOldDirty --> org.apache.ojb.odmg.states.StateOldClean)
[DEFAULT] DEBUG: transition: imginfo.ImageInstance{defaultVolume,20040229_00020.jpg} (org.apache.ojb.odmg.states.StateOldClean --> org.apache.ojb.odmg.states.StateOldDelete)
[DEFAULT] DEBUG: transition: imginfo.PhotoInfo{10968} (org.apache.ojb.odmg.states.StateOldClean --> org.apache.ojb.odmg.states.StateOldDelete)
[DEFAULT] DEBUG: transition: imginfo.ImageInstance{defaultVolume,20040229_00020.jpg} (org.apache.ojb.odmg.states.StateOldDirty --> org.apache.ojb.odmg.states.StateOldClean)
[DEFAULT] DEBUG: transition: imginfo.PhotoInfo{10968} (org.apache.ojb.odmg.states.StateOldDelete --> org.apache.ojb.odmg.states.StateOldClean)
[DEFAULT] DEBUG: transition: imginfo.PhotoInfo{10967} (org.apache.ojb.odmg.states.StateOldClean --> org.apache.ojb.odmg.states.StateOldDelete)
[DEFAULT] DEBUG: transition: imginfo.PhotoInfo{10967} (org.apache.ojb.odmg.states.StateOldDelete --> org.apache.ojb.odmg.states.StateOldClean)
[DEFAULT] DEBUG: transition: imginfo.PhotoInfo{10969} (org.apache.ojb.odmg.states.StateNewDirty --> org.apache.ojb.odmg.states.StateOldClean)
[DEFAULT] DEBUG: transition: imginfo.PhotoInfo{10969} (org.apache.ojb.odmg.states.StateOldClean --> org.apache.ojb.odmg.states.StateOldDirty)
[DEFAULT] DEBUG: transition: imginfo.PhotoInfo{10969} (org.apache.ojb.odmg.states.StateOldDirty --> org.apache.ojb.odmg.states.StateOldClean)
[DEFAULT] DEBUG: transition: imginfo.PhotoInfo{10969} (org.apache.ojb.odmg.states.StateOldClean --> org.apache.ojb.odmg.states.StateOldDirty)
[DEFAULT] DEBUG: transition: imginfo.PhotoInfo{10969} (org.apache.ojb.odmg.states.StateOldDirty --> org.apache.ojb.odmg.states.StateOldClean)
[DEFAULT] DEBUG: transition: imginfo.PhotoInfo{10970} (org.apache.ojb.odmg.states.StateNewDirty --> org.apache.ojb.odmg.states.StateOldClean)
[DEFAULT] DEBUG: transition: imginfo.PhotoInfo{10970} (org.apache.ojb.odmg.states.StateOldClean --> org.apache.ojb.odmg.states.StateOldDelete)
[DEFAULT] DEBUG: transition: imginfo.PhotoInfo{10970} (org.apache.ojb.odmg.states.StateOldDelete --> org.apache.ojb.odmg.states.StateOldClean)
[DEFAULT] DEBUG: transition: imginfo.PhotoInfo{10969} (org.apache.ojb.odmg.states.StateOldClean --> org.apache.ojb.odmg.states.StateOldDelete)
[DEFAULT] DEBUG: transition: imginfo.PhotoInfo{10969} (org.apache.ojb.odmg.states.StateOldDelete --> org.apache.ojb.odmg.states.StateOldClean)
]]></system-out>

      <system-err></system-err>

  </testsuite>
  <testsuite errors="0" failures="0" name="Test_ThumbnailView" package="photovault.swingui" tests="2" time="8.362">
  
    <properties>
[...]
</properties>

      <testcase classname="photovault.swingui.Test_ThumbnailView" name="testThumbnailShow" time="3.725"></testcase>

      <testcase classname="photovault.swingui.Test_ThumbnailView" name="testRotationChange" time="4.156"></testcase>

      <system-out><![CDATA[[org.apache.ojb.broker.core.PersistenceBrokerFactoryDefaultImpl] INFO: Create PersistenceBroker instance pool, pool configuration was {whenExhaustedAction=0, maxIdle=-1, maxActive=100, maxWait=2000, removeAbandoned=false, numTestsPerEvictionRun=10, testWhileIdle=false, minEvictableIdleTimeMillis=1000000, testOnReturn=false, logAbandoned=false, removeAbandonedTimeout=300, timeBetweenEvictionRunsMillis=-1, testOnBorrow=false}
[org.apache.ojb.broker.metadata.RepositoryPersistor] INFO: OJB Descriptor Repository: file:C:/java/photovault/conf/repository.xml
[org.apache.ojb.broker.metadata.RepositoryXmlHandler] INFO: Found attribute (name=grabSize, value=20) but I can not assign them to a descriptor
[org.apache.ojb.broker.metadata.RepositoryPersistor] INFO: Read class descriptors took 260 ms
[org.apache.ojb.broker.metadata.RepositoryPersistor] INFO: OJB Descriptor Repository: file:C:/java/photovault/conf/repository.xml
[org.apache.ojb.broker.metadata.RepositoryPersistor] INFO: Read connection repository took 50 ms
[org.apache.ojb.broker.core.PersistenceBrokerFactoryBaseImpl] INFO: Create new PB instance for PBKey org.apache.ojb.broker.PBKey: jcdAlias=repository.xml, user=, password=*****, already created persistence broker instances: 0
[DEFAULT] WARN: [PlatformFactory] problems with platform org.apache.ojb.broker.platforms.PlatformMysqlImpl: org.apache.ojb.broker.platforms.PlatformMysqlImpl
[DEFAULT] WARN: [PlatformFactory] OJB will use PlatformDefaultImpl instead
[org.apache.ojb.broker.cache.ObjectCacheFactory] INFO: Start creating new ObjectCache instance
[org.apache.ojb.broker.cache.ObjectCacheFactory] INFO: Default ObjectCache class was org.apache.ojb.broker.cache.ObjectCacheDefaultImpl
[org.apache.ojb.broker.cache.CacheDistributor] INFO: Use property 'descriptorBasedCaches' is set 'false'
[org.apache.ojb.broker.cache.ObjectCacheFactory] INFO: Instantiate new org.apache.ojb.broker.cache.CacheDistributor class object
[org.apache.ojb.broker.cache.ObjectCacheFactory] INFO: New ObjectCache instance was created
[org.apache.ojb.broker.core.PersistenceBrokerFactoryBaseImpl] INFO: Create new PB instance for PBKey org.apache.ojb.broker.PBKey: jcdAlias=repository.xml, user=, password=*****, already created persistence broker instances: 1
[org.apache.ojb.broker.cache.ObjectCacheFactory] INFO: Start creating new ObjectCache instance
[org.apache.ojb.broker.cache.ObjectCacheFactory] INFO: Default ObjectCache class was org.apache.ojb.broker.cache.ObjectCacheDefaultImpl
[org.apache.ojb.broker.cache.CacheDistributor] INFO: Use property 'descriptorBasedCaches' is set 'false'
[org.apache.ojb.broker.cache.ObjectCacheFactory] INFO: Instantiate new org.apache.ojb.broker.cache.CacheDistributor class object
[org.apache.ojb.broker.cache.ObjectCacheFactory] INFO: New ObjectCache instance was created
[org.apache.ojb.broker.accesslayer.ConnectionFactoryPooledImpl] INFO: Create new connection pool:org.apache.ojb.broker.metadata.JdbcConnectionDescriptor@fff2a2[
  jcd-alias=repository.xml
  default-connection=true
  dbms=mysql
  jdbc-level=2.0
  driver=com.mysql.jdbc.Driver
  protocol=jdbc
  sub-protocol=mysql
  db-alias=///pv_test
  user=
  password=*****
  eager-release=false
  ConnectionPoolDescriptor={whenExhaustedAction=0, maxIdle=-1, maxActive=21, maxWait=5000, removeAbandoned=false, numTestsPerEvictionRun=10, testWhileIdle=false, minEvictableIdleTimeMillis=600000, testOnReturn=false, logAbandoned=false, removeAbandonedTimeout=300, timeBetweenEvictionRunsMillis=-1, testOnBorrow=true}
  batchMode=false
  useAutoCommit=AUTO_COMMIT_SET_TRUE_AND_TEMPORARY_FALSE
  ignoreAutoCommitExceptions=false
  sequenceDescriptor=org.apache.ojb.broker.metadata.SequenceDescriptor@1fe9999[
     sequenceManagerClass=class org.apache.ojb.broker.util.sequence.SequenceManagerHighLowImpl
     Properties={grabSize=20}
]
]
[DEFAULT] DEBUG: transition: imginfo.ImageInstance{defaultVolume,20040229_00020.jpg} (org.apache.ojb.odmg.states.StateOldClean --> org.apache.ojb.odmg.states.StateOldDirty)
[org.apache.ojb.broker.core.PersistenceBrokerImpl] INFO: Cascade store for this collection-descriptor (instances) was set to false.
[DEFAULT] DEBUG: transition: imginfo.PhotoInfo{10985} (org.apache.ojb.odmg.states.StateNewDirty --> org.apache.ojb.odmg.states.StateOldClean)
[DEFAULT] DEBUG: transition: imginfo.ImageInstance{defaultVolume,20040229_00020.jpg} (org.apache.ojb.odmg.states.StateOldDirty --> org.apache.ojb.odmg.states.StateOldClean)
[DEFAULT] DEBUG: transition: imginfo.PhotoInfo{10985} (org.apache.ojb.odmg.states.StateOldClean --> org.apache.ojb.odmg.states.StateOldDirty)
[org.apache.ojb.broker.core.PersistenceBrokerImpl] INFO: Cascade store for this collection-descriptor (instances) was set to false.
[DEFAULT] DEBUG: transition: imginfo.PhotoInfo{10985} (org.apache.ojb.odmg.states.StateOldDirty --> org.apache.ojb.odmg.states.StateOldClean)
[DEFAULT] DEBUG: transition: imginfo.PhotoInfo{10985} (org.apache.ojb.odmg.states.StateOldClean --> org.apache.ojb.odmg.states.StateOldDirty)
[DEFAULT] DEBUG: transition: imginfo.ImageInstance{defaultVolume,20021102_00005.jpg} (org.apache.ojb.odmg.states.StateOldClean --> org.apache.ojb.odmg.states.StateOldDirty)
[org.apache.ojb.broker.core.PersistenceBrokerImpl] INFO: Cascade store for this collection-descriptor (instances) was set to false.
[org.apache.ojb.broker.core.PersistenceBrokerImpl] INFO: Cascade store for this collection-descriptor (instances) was set to false.
[DEFAULT] DEBUG: transition: imginfo.PhotoInfo{10985} (org.apache.ojb.odmg.states.StateOldDirty --> org.apache.ojb.odmg.states.StateOldClean)
[DEFAULT] DEBUG: transition: imginfo.ImageInstance{defaultVolume,20021102_00005.jpg} (org.apache.ojb.odmg.states.StateOldDirty --> org.apache.ojb.odmg.states.StateOldClean)
[DEFAULT] DEBUG: transition: imginfo.ImageInstance{defaultVolume,20040229_00020.jpg} (org.apache.ojb.odmg.states.StateOldClean --> org.apache.ojb.odmg.states.StateOldDelete)
[DEFAULT] DEBUG: transition: imginfo.ImageInstance{defaultVolume,20021102_00005.jpg} (org.apache.ojb.odmg.states.StateOldClean --> org.apache.ojb.odmg.states.StateOldDelete)
[DEFAULT] DEBUG: transition: imginfo.PhotoInfo{10985} (org.apache.ojb.odmg.states.StateOldClean --> org.apache.ojb.odmg.states.StateOldDelete)
[DEFAULT] DEBUG: transition: imginfo.ImageInstance{defaultVolume,20040229_00020.jpg} (org.apache.ojb.odmg.states.StateOldDirty --> org.apache.ojb.odmg.states.StateOldClean)
[DEFAULT] DEBUG: transition: imginfo.ImageInstance{defaultVolume,20021102_00005.jpg} (org.apache.ojb.odmg.states.StateOldDirty --> org.apache.ojb.odmg.states.StateOldClean)
[DEFAULT] DEBUG: transition: imginfo.PhotoInfo{10985} (org.apache.ojb.odmg.states.StateOldDelete --> org.apache.ojb.odmg.states.StateOldClean)
[DEFAULT] DEBUG: transition: imginfo.ImageInstance{defaultVolume,20040229_00020.jpg} (org.apache.ojb.odmg.states.StateOldClean --> org.apache.ojb.odmg.states.StateOldDirty)
[org.apache.ojb.broker.core.PersistenceBrokerImpl] INFO: Cascade store for this collection-descriptor (instances) was set to false.
[DEFAULT] DEBUG: transition: imginfo.PhotoInfo{10986} (org.apache.ojb.odmg.states.StateNewDirty --> org.apache.ojb.odmg.states.StateOldClean)
[DEFAULT] DEBUG: transition: imginfo.ImageInstance{defaultVolume,20040229_00020.jpg} (org.apache.ojb.odmg.states.StateOldDirty --> org.apache.ojb.odmg.states.StateOldClean)
[DEFAULT] DEBUG: transition: imginfo.PhotoInfo{10986} (org.apache.ojb.odmg.states.StateOldClean --> org.apache.ojb.odmg.states.StateOldDirty)
[org.apache.ojb.broker.core.PersistenceBrokerImpl] INFO: Cascade store for this collection-descriptor (instances) was set to false.
[DEFAULT] DEBUG: transition: imginfo.PhotoInfo{10986} (org.apache.ojb.odmg.states.StateOldDirty --> org.apache.ojb.odmg.states.StateOldClean)
[DEFAULT] DEBUG: transition: imginfo.PhotoInfo{10986} (org.apache.ojb.odmg.states.StateOldClean --> org.apache.ojb.odmg.states.StateOldDirty)
[DEFAULT] DEBUG: transition: imginfo.ImageInstance{defaultVolume,20021102_00005.jpg} (org.apache.ojb.odmg.states.StateOldClean --> org.apache.ojb.odmg.states.StateOldDirty)
[org.apache.ojb.broker.core.PersistenceBrokerImpl] INFO: Cascade store for this collection-descriptor (instances) was set to false.
[org.apache.ojb.broker.core.PersistenceBrokerImpl] INFO: Cascade store for this collection-descriptor (instances) was set to false.
[DEFAULT] DEBUG: transition: imginfo.PhotoInfo{10986} (org.apache.ojb.odmg.states.StateOldDirty --> org.apache.ojb.odmg.states.StateOldClean)
[DEFAULT] DEBUG: transition: imginfo.ImageInstance{defaultVolume,20021102_00005.jpg} (org.apache.ojb.odmg.states.StateOldDirty --> org.apache.ojb.odmg.states.StateOldClean)
[DEFAULT] DEBUG: transition: imginfo.PhotoInfo{10986} (org.apache.ojb.odmg.states.StateOldClean --> org.apache.ojb.odmg.states.StateOldDirty)
[DEFAULT] DEBUG: transition: imginfo.ImageInstance{defaultVolume,20021102_00006.jpg} (org.apache.ojb.odmg.states.StateOldClean --> org.apache.ojb.odmg.states.StateOldDirty)
[org.apache.ojb.broker.core.PersistenceBrokerImpl] INFO: Cascade store for this collection-descriptor (instances) was set to false.
[org.apache.ojb.broker.core.PersistenceBrokerImpl] INFO: Cascade store for this collection-descriptor (instances) was set to false.
[org.apache.ojb.broker.core.PersistenceBrokerImpl] INFO: Cascade store for this collection-descriptor (instances) was set to false.
[DEFAULT] DEBUG: transition: imginfo.PhotoInfo{10986} (org.apache.ojb.odmg.states.StateOldDirty --> org.apache.ojb.odmg.states.StateOldClean)
[DEFAULT] DEBUG: transition: imginfo.ImageInstance{defaultVolume,20021102_00006.jpg} (org.apache.ojb.odmg.states.StateOldDirty --> org.apache.ojb.odmg.states.StateOldClean)
[DEFAULT] DEBUG: transition: imginfo.ImageInstance{defaultVolume,20040229_00020.jpg} (org.apache.ojb.odmg.states.StateOldClean --> org.apache.ojb.odmg.states.StateOldDelete)
[DEFAULT] DEBUG: transition: imginfo.ImageInstance{defaultVolume,20021102_00005.jpg} (org.apache.ojb.odmg.states.StateOldClean --> org.apache.ojb.odmg.states.StateOldDelete)
[DEFAULT] DEBUG: transition: imginfo.ImageInstance{defaultVolume,20021102_00006.jpg} (org.apache.ojb.odmg.states.StateOldClean --> org.apache.ojb.odmg.states.StateOldDelete)
[DEFAULT] DEBUG: transition: imginfo.PhotoInfo{10986} (org.apache.ojb.odmg.states.StateOldClean --> org.apache.ojb.odmg.states.StateOldDelete)
[DEFAULT] DEBUG: transition: imginfo.ImageInstance{defaultVolume,20040229_00020.jpg} (org.apache.ojb.odmg.states.StateOldDirty --> org.apache.ojb.odmg.states.StateOldClean)
[DEFAULT] DEBUG: transition: imginfo.ImageInstance{defaultVolume,20021102_00005.jpg} (org.apache.ojb.odmg.states.StateOldDirty --> org.apache.ojb.odmg.states.StateOldClean)
[DEFAULT] DEBUG: transition: imginfo.ImageInstance{defaultVolume,20021102_00006.jpg} (org.apache.ojb.odmg.states.StateOldDirty --> org.apache.ojb.odmg.states.StateOldClean)
[DEFAULT] DEBUG: transition: imginfo.PhotoInfo{10986} (org.apache.ojb.odmg.states.StateOldDelete --> org.apache.ojb.odmg.states.StateOldClean)
]]></system-out>

      <system-err><![CDATA[File thumbnailShow1.png exists
Read image
Equal size
File thumbnailShow2.png exists
Read image
Equal size
File thumbnailShow3.png exists
Read image
Equal size
File thumbnailRotation1.png exists
Read image
Equal size
File thumbnailRotation2.png exists
Read image
Equal size
]]></system-err>

  </testsuite>
</testsuites>
