<?xml version="1.0" encoding="UTF-8" ?>
<testsuites>
  <testsuite errors="0" failures="0" id="0" name="Test_DateRangeQuery" package="imginfo" tests="5" time="2.724">
  
    <properties>
[...]
</properties>

      <testcase classname="imginfo.Test_DateRangeQuery" name="testUpperUnboundedRange" time="1.152"></testcase>

      <testcase classname="imginfo.Test_DateRangeQuery" name="testBoundedRange" time="0.08"></testcase>

      <testcase classname="imginfo.Test_DateRangeQuery" name="testLowerUnboundedRange" time="0.801"></testcase>

      <testcase classname="imginfo.Test_DateRangeQuery" name="testQueryModification" time="0.601"></testcase>

      <testcase classname="imginfo.Test_DateRangeQuery" name="testNotification" time="0.02"></testcase>

      <system-out><![CDATA[(common.JUnitOJBManager              28  ) Initializing OB for JUnit tests
photovault.configfile conf/junittest_config.xml
conf\junittest_config.xml
[org.apache.ojb.broker.accesslayer.JdbcAccessImpl] DEBUG: executeQuery: QueryByCriteria from class photovault.folder.PhotoFolder  where [folderId = 1]
[org.apache.ojb.broker.accesslayer.JdbcAccessImpl] DEBUG: executeQuery: com.mysql.jdbc.PreparedStatement@1963b3e: SELECT A0.collection_id,A0.collection_name,A0.COLLECTION_DESC,A0.parent FROM photo_collections A0 WHERE A0.collection_id = 1
[org.apache.ojb.broker.accesslayer.JdbcAccessImpl] DEBUG: executeInsert: imginfo.PhotoInfo@162e295
[org.apache.ojb.broker.accesslayer.JdbcAccessImpl] DEBUG: executeUpdate: org.apache.ojb.broker.util.sequence.HighLowSequence@164b09c[name=SEQ_photos,grabSize=20,version=184,maxKey=21584,currentKey=21564]
[org.apache.ojb.broker.accesslayer.JdbcAccessImpl] DEBUG: executeUpdate: com.mysql.jdbc.PreparedStatement@186f247: UPDATE OJB_HL_SEQ SET MAX_KEY=21584,GRAB_SIZE=20,VERSION=185 WHERE TABLENAME = 'SEQ_photos'  AND VERSION = 184 
[org.apache.ojb.broker.accesslayer.JdbcAccessImpl] DEBUG: executeInsert: com.mysql.jdbc.PreparedStatement@8c4a77: INSERT INTO photos (photo_id,shooting_place,photographer,f_stop,focal_length,shoot_time,time_accuracy,shutter_speed,camera,lens,film,film_speed,pref_rotation,description,tech_notes,photo_quality,last_modified,orig_fname) VALUES (21565,null,null,0.0,0.0,null,0.0,0.0,null,null,null,0,0.0,null,null,0,null,null) 
[org.apache.ojb.broker.accesslayer.JdbcAccessImpl] DEBUG: executeUpdate: imginfo.PhotoInfo@162e295
[org.apache.ojb.broker.accesslayer.JdbcAccessImpl] DEBUG: executeUpdate: com.mysql.jdbc.PreparedStatement@1fa6d18: UPDATE photos SET shooting_place=null,photographer=null,f_stop=0.0,focal_length=0.0,shoot_time='2002-12-23 17:45:20',time_accuracy=0.0,shutter_speed=0.0,camera=null,lens=null,film=null,film_speed=0,pref_rotation=0.0,description=null,tech_notes=null,photo_quality=0,last_modified='2006-01-06 17:45:20',orig_fname=null WHERE photo_id = 21565 
[org.apache.ojb.broker.accesslayer.JdbcAccessImpl] DEBUG: executeInsert: imginfo.PhotoInfo@32060c
[org.apache.ojb.broker.accesslayer.JdbcAccessImpl] DEBUG: executeInsert: com.mysql.jdbc.PreparedStatement@2b323e: INSERT INTO photos (photo_id,shooting_place,photographer,f_stop,focal_length,shoot_time,time_accuracy,shutter_speed,camera,lens,film,film_speed,pref_rotation,description,tech_notes,photo_quality,last_modified,orig_fname) VALUES (21566,null,null,0.0,0.0,null,0.0,0.0,null,null,null,0,0.0,null,null,0,null,null) 
[org.apache.ojb.broker.accesslayer.JdbcAccessImpl] DEBUG: executeUpdate: imginfo.PhotoInfo@32060c
[org.apache.ojb.broker.accesslayer.JdbcAccessImpl] DEBUG: executeUpdate: com.mysql.jdbc.PreparedStatement@1d8c528: UPDATE photos SET shooting_place=null,photographer=null,f_stop=0.0,focal_length=0.0,shoot_time='2002-12-24 17:45:20',time_accuracy=0.0,shutter_speed=0.0,camera=null,lens=null,film=null,film_speed=0,pref_rotation=0.0,description=null,tech_notes=null,photo_quality=0,last_modified='2006-01-06 17:45:20',orig_fname=null WHERE photo_id = 21566 
[org.apache.ojb.broker.accesslayer.JdbcAccessImpl] DEBUG: executeInsert: imginfo.PhotoInfo@1038de7
[org.apache.ojb.broker.accesslayer.JdbcAccessImpl] DEBUG: executeInsert: com.mysql.jdbc.PreparedStatement@5976c2: INSERT INTO photos (photo_id,shooting_place,photographer,f_stop,focal_length,shoot_time,time_accuracy,shutter_speed,camera,lens,film,film_speed,pref_rotation,description,tech_notes,photo_quality,last_modified,orig_fname) VALUES (21567,null,null,0.0,0.0,null,0.0,0.0,null,null,null,0,0.0,null,null,0,null,null) 
[org.apache.ojb.broker.accesslayer.JdbcAccessImpl] DEBUG: executeUpdate: imginfo.PhotoInfo@1038de7
[org.apache.ojb.broker.accesslayer.JdbcAccessImpl] DEBUG: executeUpdate: com.mysql.jdbc.PreparedStatement@186d484: UPDATE photos SET shooting_place=null,photographer=null,f_stop=0.0,focal_length=0.0,shoot_time='2002-12-24 17:45:20',time_accuracy=0.0,shutter_speed=0.0,camera=null,lens=null,film=null,film_speed=0,pref_rotation=0.0,description=null,tech_notes=null,photo_quality=0,last_modified='2006-01-06 17:45:20',orig_fname=null WHERE photo_id = 21567 
[org.apache.ojb.broker.accesslayer.JdbcAccessImpl] DEBUG: executeInsert: imginfo.PhotoInfo@2f8b5a
[org.apache.ojb.broker.accesslayer.JdbcAccessImpl] DEBUG: executeInsert: com.mysql.jdbc.PreparedStatement@165c7f6: INSERT INTO photos (photo_id,shooting_place,photographer,f_stop,focal_length,shoot_time,time_accuracy,shutter_speed,camera,lens,film,film_speed,pref_rotation,description,tech_notes,photo_quality,last_modified,orig_fname) VALUES (21568,null,null,0.0,0.0,null,0.0,0.0,null,null,null,0,0.0,null,null,0,null,null) 
[org.apache.ojb.broker.accesslayer.JdbcAccessImpl] DEBUG: executeUpdate: imginfo.PhotoInfo@2f8b5a
[org.apache.ojb.broker.accesslayer.JdbcAccessImpl] DEBUG: executeUpdate: com.mysql.jdbc.PreparedStatement@968fda: UPDATE photos SET shooting_place=null,photographer=null,f_stop=0.0,focal_length=0.0,shoot_time='2002-12-25 17:45:20',time_accuracy=0.0,shutter_speed=0.0,camera=null,lens=null,film=null,film_speed=0,pref_rotation=0.0,description=null,tech_notes=null,photo_quality=0,last_modified='2006-01-06 17:45:20',orig_fname=null WHERE photo_id = 21568 
[org.apache.ojb.broker.accesslayer.JdbcAccessImpl] DEBUG: executeQuery: QueryByCriteria from class imginfo.PhotoInfo  where [shootTime >= Tue Dec 24 17:45:20 EET 2002]
[org.apache.ojb.broker.accesslayer.JdbcAccessImpl] DEBUG: executeQuery: com.mysql.jdbc.PreparedStatement@1989b5: SELECT A0.photo_id,A0.shooting_place,A0.photographer,A0.f_stop,A0.focal_length,A0.shoot_time,A0.time_accuracy,A0.shutter_speed,A0.camera,A0.lens,A0.film,A0.film_speed,A0.pref_rotation,A0.description,A0.tech_notes,A0.photo_quality,A0.last_modified,A0.orig_fname FROM photos A0 WHERE A0.shoot_time >= '2002-12-24 17:45:20'
[org.apache.ojb.broker.accesslayer.JdbcAccessImpl] DEBUG: executeQuery: QueryByCriteria from class imginfo.ImageInstance  where [[photoUid IN [18210, 18108, 18251, 17988, 17980, 18087, 18262, 18148, 18120, 18104, 18206, 18170, 17972, 18098, 17968, 18258, 18118, 18092, 17976, 18267, 18172, 18102, 18259, 18270, 18255, 18240, 18246, 18207, 18264, 18111, 18132, 18171, 18107, 18211, 18095, 18147, 18227, 18236, 18131, 17956, 18099, 18168, 18094, 17984, 18208, 18123, 18235, 18088, 18112, 18106, 18124, 17952, 18247, 18260, 18242, 18248, 18122, 18146, 18096, 18128, 17960, 18254, 18243, 18228, 18250, 18256, 18266, 18091, 18167, 18263, 17948, 18090, 18268, 18114, 17992, 18110, 18226, 18188, 18126, 18232, 18230, 18166, 18127, 18103, 18115, 18119, 17964, 18086, 18244, 18239, 18238, 18231, 18186, 18187, 18100, 18234, 18212, 18116, 18130, 18252]]]
[org.apache.ojb.broker.accesslayer.JdbcAccessImpl] DEBUG: executeQuery: com.mysql.jdbc.PreparedStatement@1c9e67a: SELECT A0.volume_id,A0.fname,A0.photo_id,A0.instance_type,A0.width,A0.height,A0.rotated FROM image_instances A0 WHERE A0.photo_id IN (18210,18108,18251,17988,17980,18087,18262,18148,18120,18104,18206,18170,17972,18098,17968,18258,18118,18092,17976,18267,18172,18102,18259,18270,18255,18240,18246,18207,18264,18111,18132,18171,18107,18211,18095,18147,18227,18236,18131,17956,18099,18168,18094,17984,18208,18123,18235,18088,18112,18106,18124,17952,18247,18260,18242,18248,18122,18146,18096,18128,17960,18254,18243,18228,18250,18256,18266,18091,18167,18263,17948,18090,18268,18114,17992,18110,18226,18188,18126,18232,18230,18166,18127,18103,18115,18119,17964,18086,18244,18239,18238,18231,18186,18187,18100,18234,18212,18116,18130,18252)
[org.apache.ojb.broker.accesslayer.JdbcAccessImpl] DEBUG: executeQuery: QueryByCriteria from class imginfo.ImageInstance  where [[photoUid IN [18407, 18350, 18306, 18387, 18326, 18308, 18466, 18368, 18392, 18472, 18307, 18388, 18386, 18470, 21245, 18272, 18366, 18426, 18328, 18428, 18448, 18351, 18347, 18352, 18327, 18487, 18468, 18271, 18367, 18346, 18348, 18286, 18288, 21205, 18471, 18391, 18406, 18447, 18486, 18488, 18427, 18408, 18446, 18287, 18390, 18467]]]
[org.apache.ojb.broker.accesslayer.JdbcAccessImpl] DEBUG: executeQuery: com.mysql.jdbc.PreparedStatement@3a5794: SELECT A0.volume_id,A0.fname,A0.photo_id,A0.instance_type,A0.width,A0.height,A0.rotated FROM image_instances A0 WHERE A0.photo_id IN (18407,18350,18306,18387,18326,18308,18466,18368,18392,18472,18307,18388,18386,18470,21245,18272,18366,18426,18328,18428,18448,18351,18347,18352,18327,18487,18468,18271,18367,18346,18348,18286,18288,21205,18471,18391,18406,18447,18486,18488,18427,18408,18446,18287,18390,18467)
[org.apache.ojb.broker.accesslayer.JdbcAccessImpl] DEBUG: executeDelete: imginfo.PhotoInfo@162e295
[org.apache.ojb.broker.accesslayer.JdbcAccessImpl] DEBUG: executeDelete: com.mysql.jdbc.PreparedStatement@1c297a3: DELETE FROM photos WHERE photo_id = 21565 
[org.apache.ojb.broker.accesslayer.JdbcAccessImpl] DEBUG: executeDelete: imginfo.PhotoInfo@32060c
[org.apache.ojb.broker.accesslayer.JdbcAccessImpl] DEBUG: executeDelete: com.mysql.jdbc.PreparedStatement@3e1bc8: DELETE FROM photos WHERE photo_id = 21566 
[org.apache.ojb.broker.accesslayer.JdbcAccessImpl] DEBUG: executeDelete: imginfo.PhotoInfo@1038de7
[org.apache.ojb.broker.accesslayer.JdbcAccessImpl] DEBUG: executeDelete: com.mysql.jdbc.PreparedStatement@313170: DELETE FROM photos WHERE photo_id = 21567 
[org.apache.ojb.broker.accesslayer.JdbcAccessImpl] DEBUG: executeDelete: imginfo.PhotoInfo@2f8b5a
[org.apache.ojb.broker.accesslayer.JdbcAccessImpl] DEBUG: executeDelete: com.mysql.jdbc.PreparedStatement@afae4a: DELETE FROM photos WHERE photo_id = 21568 
[org.apache.ojb.broker.accesslayer.JdbcAccessImpl] DEBUG: executeInsert: imginfo.PhotoInfo@6504bc
[org.apache.ojb.broker.accesslayer.JdbcAccessImpl] DEBUG: executeInsert: com.mysql.jdbc.PreparedStatement@19f9d2: INSERT INTO photos (photo_id,shooting_place,photographer,f_stop,focal_length,shoot_time,time_accuracy,shutter_speed,camera,lens,film,film_speed,pref_rotation,description,tech_notes,photo_quality,last_modified,orig_fname) VALUES (21569,null,null,0.0,0.0,null,0.0,0.0,null,null,null,0,0.0,null,null,0,null,null) 
[org.apache.ojb.broker.accesslayer.JdbcAccessImpl] DEBUG: executeUpdate: imginfo.PhotoInfo@6504bc
[org.apache.ojb.broker.accesslayer.JdbcAccessImpl] DEBUG: executeUpdate: com.mysql.jdbc.PreparedStatement@ecb67f: UPDATE photos SET shooting_place=null,photographer=null,f_stop=0.0,focal_length=0.0,shoot_time='2002-12-23 17:45:21',time_accuracy=0.0,shutter_speed=0.0,camera=null,lens=null,film=null,film_speed=0,pref_rotation=0.0,description=null,tech_notes=null,photo_quality=0,last_modified='2006-01-06 17:45:21',orig_fname=null WHERE photo_id = 21569 
[org.apache.ojb.broker.accesslayer.JdbcAccessImpl] DEBUG: executeInsert: imginfo.PhotoInfo@a7c45e
[org.apache.ojb.broker.accesslayer.JdbcAccessImpl] DEBUG: executeInsert: com.mysql.jdbc.PreparedStatement@4d2af2: INSERT INTO photos (photo_id,shooting_place,photographer,f_stop,focal_length,shoot_time,time_accuracy,shutter_speed,camera,lens,film,film_speed,pref_rotation,description,tech_notes,photo_quality,last_modified,orig_fname) VALUES (21570,null,null,0.0,0.0,null,0.0,0.0,null,null,null,0,0.0,null,null,0,null,null) 
[org.apache.ojb.broker.accesslayer.JdbcAccessImpl] DEBUG: executeUpdate: imginfo.PhotoInfo@a7c45e
[org.apache.ojb.broker.accesslayer.JdbcAccessImpl] DEBUG: executeUpdate: com.mysql.jdbc.PreparedStatement@2f2295: UPDATE photos SET shooting_place=null,photographer=null,f_stop=0.0,focal_length=0.0,shoot_time='2002-12-24 17:45:21',time_accuracy=0.0,shutter_speed=0.0,camera=null,lens=null,film=null,film_speed=0,pref_rotation=0.0,description=null,tech_notes=null,photo_quality=0,last_modified='2006-01-06 17:45:21',orig_fname=null WHERE photo_id = 21570 
[org.apache.ojb.broker.accesslayer.JdbcAccessImpl] DEBUG: executeInsert: imginfo.PhotoInfo@1d47b2b
[org.apache.ojb.broker.accesslayer.JdbcAccessImpl] DEBUG: executeInsert: com.mysql.jdbc.PreparedStatement@e265d0: INSERT INTO photos (photo_id,shooting_place,photographer,f_stop,focal_length,shoot_time,time_accuracy,shutter_speed,camera,lens,film,film_speed,pref_rotation,description,tech_notes,photo_quality,last_modified,orig_fname) VALUES (21571,null,null,0.0,0.0,null,0.0,0.0,null,null,null,0,0.0,null,null,0,null,null) 
[org.apache.ojb.broker.accesslayer.JdbcAccessImpl] DEBUG: executeUpdate: imginfo.PhotoInfo@1d47b2b
[org.apache.ojb.broker.accesslayer.JdbcAccessImpl] DEBUG: executeUpdate: com.mysql.jdbc.PreparedStatement@8997d1: UPDATE photos SET shooting_place=null,photographer=null,f_stop=0.0,focal_length=0.0,shoot_time='2002-12-24 17:45:21',time_accuracy=0.0,shutter_speed=0.0,camera=null,lens=null,film=null,film_speed=0,pref_rotation=0.0,description=null,tech_notes=null,photo_quality=0,last_modified='2006-01-06 17:45:21',orig_fname=null WHERE photo_id = 21571 
[org.apache.ojb.broker.accesslayer.JdbcAccessImpl] DEBUG: executeInsert: imginfo.PhotoInfo@33b121
[org.apache.ojb.broker.accesslayer.JdbcAccessImpl] DEBUG: executeInsert: com.mysql.jdbc.PreparedStatement@137d4a4: INSERT INTO photos (photo_id,shooting_place,photographer,f_stop,focal_length,shoot_time,time_accuracy,shutter_speed,camera,lens,film,film_speed,pref_rotation,description,tech_notes,photo_quality,last_modified,orig_fname) VALUES (21572,null,null,0.0,0.0,null,0.0,0.0,null,null,null,0,0.0,null,null,0,null,null) 
[org.apache.ojb.broker.accesslayer.JdbcAccessImpl] DEBUG: executeUpdate: imginfo.PhotoInfo@33b121
[org.apache.ojb.broker.accesslayer.JdbcAccessImpl] DEBUG: executeUpdate: com.mysql.jdbc.PreparedStatement@1700391: UPDATE photos SET shooting_place=null,photographer=null,f_stop=0.0,focal_length=0.0,shoot_time='2002-12-25 17:45:21',time_accuracy=0.0,shutter_speed=0.0,camera=null,lens=null,film=null,film_speed=0,pref_rotation=0.0,description=null,tech_notes=null,photo_quality=0,last_modified='2006-01-06 17:45:21',orig_fname=null WHERE photo_id = 21572 
[org.apache.ojb.broker.accesslayer.JdbcAccessImpl] DEBUG: executeQuery: QueryByCriteria from class imginfo.PhotoInfo  where [shootTime >= Tue Dec 24 17:45:21 EET 2002, [shootTime <= Tue Dec 24 17:45:21 EET 2002]]
[org.apache.ojb.broker.accesslayer.JdbcAccessImpl] DEBUG: executeQuery: com.mysql.jdbc.PreparedStatement@1c18a4c: SELECT A0.photo_id,A0.shooting_place,A0.photographer,A0.f_stop,A0.focal_length,A0.shoot_time,A0.time_accuracy,A0.shutter_speed,A0.camera,A0.lens,A0.film,A0.film_speed,A0.pref_rotation,A0.description,A0.tech_notes,A0.photo_quality,A0.last_modified,A0.orig_fname FROM photos A0 WHERE ( A0.shoot_time >= '2002-12-24 17:45:21') AND  (A0.shoot_time <= '2002-12-24 17:45:21')
[org.apache.ojb.broker.accesslayer.JdbcAccessImpl] DEBUG: executeDelete: imginfo.PhotoInfo@6504bc
[org.apache.ojb.broker.accesslayer.JdbcAccessImpl] DEBUG: executeDelete: com.mysql.jdbc.PreparedStatement@f894ce: DELETE FROM photos WHERE photo_id = 21569 
[org.apache.ojb.broker.accesslayer.JdbcAccessImpl] DEBUG: executeDelete: imginfo.PhotoInfo@a7c45e
[org.apache.ojb.broker.accesslayer.JdbcAccessImpl] DEBUG: executeDelete: com.mysql.jdbc.PreparedStatement@1e6e305: DELETE FROM photos WHERE photo_id = 21570 
[org.apache.ojb.broker.accesslayer.JdbcAccessImpl] DEBUG: executeDelete: imginfo.PhotoInfo@1d47b2b
[org.apache.ojb.broker.accesslayer.JdbcAccessImpl] DEBUG: executeDelete: com.mysql.jdbc.PreparedStatement@45e228: DELETE FROM photos WHERE photo_id = 21571 
[org.apache.ojb.broker.accesslayer.JdbcAccessImpl] DEBUG: executeDelete: imginfo.PhotoInfo@33b121
[org.apache.ojb.broker.accesslayer.JdbcAccessImpl] DEBUG: executeDelete: com.mysql.jdbc.PreparedStatement@106daba: DELETE FROM photos WHERE photo_id = 21572 
[org.apache.ojb.broker.accesslayer.JdbcAccessImpl] DEBUG: executeInsert: imginfo.PhotoInfo@163956
[org.apache.ojb.broker.accesslayer.JdbcAccessImpl] DEBUG: executeInsert: com.mysql.jdbc.PreparedStatement@10e434d: INSERT INTO photos (photo_id,shooting_place,photographer,f_stop,focal_length,shoot_time,time_accuracy,shutter_speed,camera,lens,film,film_speed,pref_rotation,description,tech_notes,photo_quality,last_modified,orig_fname) VALUES (21573,null,null,0.0,0.0,null,0.0,0.0,null,null,null,0,0.0,null,null,0,null,null) 
[org.apache.ojb.broker.accesslayer.JdbcAccessImpl] DEBUG: executeUpdate: imginfo.PhotoInfo@163956
[org.apache.ojb.broker.accesslayer.JdbcAccessImpl] DEBUG: executeUpdate: com.mysql.jdbc.PreparedStatement@f864fe: UPDATE photos SET shooting_place=null,photographer=null,f_stop=0.0,focal_length=0.0,shoot_time='2002-12-23 17:45:21',time_accuracy=0.0,shutter_speed=0.0,camera=null,lens=null,film=null,film_speed=0,pref_rotation=0.0,description=null,tech_notes=null,photo_quality=0,last_modified='2006-01-06 17:45:21',orig_fname=null WHERE photo_id = 21573 
[org.apache.ojb.broker.accesslayer.JdbcAccessImpl] DEBUG: executeInsert: imginfo.PhotoInfo@33788d
[org.apache.ojb.broker.accesslayer.JdbcAccessImpl] DEBUG: executeInsert: com.mysql.jdbc.PreparedStatement@12fb0af: INSERT INTO photos (photo_id,shooting_place,photographer,f_stop,focal_length,shoot_time,time_accuracy,shutter_speed,camera,lens,film,film_speed,pref_rotation,description,tech_notes,photo_quality,last_modified,orig_fname) VALUES (21574,null,null,0.0,0.0,null,0.0,0.0,null,null,null,0,0.0,null,null,0,null,null) 
[org.apache.ojb.broker.accesslayer.JdbcAccessImpl] DEBUG: executeUpdate: imginfo.PhotoInfo@33788d
[org.apache.ojb.broker.accesslayer.JdbcAccessImpl] DEBUG: executeUpdate: com.mysql.jdbc.PreparedStatement@15e293a: UPDATE photos SET shooting_place=null,photographer=null,f_stop=0.0,focal_length=0.0,shoot_time='2002-12-24 17:45:21',time_accuracy=0.0,shutter_speed=0.0,camera=null,lens=null,film=null,film_speed=0,pref_rotation=0.0,description=null,tech_notes=null,photo_quality=0,last_modified='2006-01-06 17:45:21',orig_fname=null WHERE photo_id = 21574 
[org.apache.ojb.broker.accesslayer.JdbcAccessImpl] DEBUG: executeInsert: imginfo.PhotoInfo@e2ecc7
[org.apache.ojb.broker.accesslayer.JdbcAccessImpl] DEBUG: executeInsert: com.mysql.jdbc.PreparedStatement@272961: INSERT INTO photos (photo_id,shooting_place,photographer,f_stop,focal_length,shoot_time,time_accuracy,shutter_speed,camera,lens,film,film_speed,pref_rotation,description,tech_notes,photo_quality,last_modified,orig_fname) VALUES (21575,null,null,0.0,0.0,null,0.0,0.0,null,null,null,0,0.0,null,null,0,null,null) 
[org.apache.ojb.broker.accesslayer.JdbcAccessImpl] DEBUG: executeUpdate: imginfo.PhotoInfo@e2ecc7
[org.apache.ojb.broker.accesslayer.JdbcAccessImpl] DEBUG: executeUpdate: com.mysql.jdbc.PreparedStatement@1584807: UPDATE photos SET shooting_place=null,photographer=null,f_stop=0.0,focal_length=0.0,shoot_time='2002-12-24 17:45:21',time_accuracy=0.0,shutter_speed=0.0,camera=null,lens=null,film=null,film_speed=0,pref_rotation=0.0,description=null,tech_notes=null,photo_quality=0,last_modified='2006-01-06 17:45:21',orig_fname=null WHERE photo_id = 21575 
[org.apache.ojb.broker.accesslayer.JdbcAccessImpl] DEBUG: executeInsert: imginfo.PhotoInfo@78dc4c
[org.apache.ojb.broker.accesslayer.JdbcAccessImpl] DEBUG: executeInsert: com.mysql.jdbc.PreparedStatement@c70b0d: INSERT INTO photos (photo_id,shooting_place,photographer,f_stop,focal_length,shoot_time,time_accuracy,shutter_speed,camera,lens,film,film_speed,pref_rotation,description,tech_notes,photo_quality,last_modified,orig_fname) VALUES (21576,null,null,0.0,0.0,null,0.0,0.0,null,null,null,0,0.0,null,null,0,null,null) 
[org.apache.ojb.broker.accesslayer.JdbcAccessImpl] DEBUG: executeUpdate: imginfo.PhotoInfo@78dc4c
[org.apache.ojb.broker.accesslayer.JdbcAccessImpl] DEBUG: executeUpdate: com.mysql.jdbc.PreparedStatement@bef361: UPDATE photos SET shooting_place=null,photographer=null,f_stop=0.0,focal_length=0.0,shoot_time='2002-12-25 17:45:21',time_accuracy=0.0,shutter_speed=0.0,camera=null,lens=null,film=null,film_speed=0,pref_rotation=0.0,description=null,tech_notes=null,photo_quality=0,last_modified='2006-01-06 17:45:21',orig_fname=null WHERE photo_id = 21576 
[org.apache.ojb.broker.accesslayer.JdbcAccessImpl] DEBUG: executeQuery: QueryByCriteria from class imginfo.PhotoInfo  where [shootTime <= Tue Dec 24 17:45:21 EET 2002]
[org.apache.ojb.broker.accesslayer.JdbcAccessImpl] DEBUG: executeQuery: com.mysql.jdbc.PreparedStatement@2f8116: SELECT A0.photo_id,A0.shooting_place,A0.photographer,A0.f_stop,A0.focal_length,A0.shoot_time,A0.time_accuracy,A0.shutter_speed,A0.camera,A0.lens,A0.film,A0.film_speed,A0.pref_rotation,A0.description,A0.tech_notes,A0.photo_quality,A0.last_modified,A0.orig_fname FROM photos A0 WHERE A0.shoot_time <= '2002-12-24 17:45:21'
[org.apache.ojb.broker.accesslayer.JdbcAccessImpl] DEBUG: executeQuery: QueryByCriteria from class imginfo.ImageInstance  where [[photoUid IN [17967, 17936, 14756, 17961, 17985, 17982, 17981, 18025, 17971, 15296, 17955, 18129, 17975, 16916, 18089, 17979, 17616, 17990, 17454, 18027, 15834, 17945, 15474, 17953, 17934, 18101, 17614, 18145, 17636, 17977, 16554, 17951, 16736, 17954, 15116, 17959, 18113, 18105, 18125, 18026, 17654, 17965, 14394, 16374, 17969, 17696, 17274, 17957, 17983, 15476, 16914, 18121, 17946, 16194, 16556, 16734, 17973, 17947, 15294, 17989, 14574, 16196, 14754, 14576, 14214, 15836, 15654, 14396, 17096, 14934, 18085, 17276, 17656, 16014, 17949, 16376, 17962, 17963, 17978, 17456, 15656, 17987, 17094, 16016, 18097, 17970, 14216, 17986, 17991, 15114, 17950, 14936, 17974, 17634, 18093, 17966, 18109, 17958, 18117, 17694]]]
[org.apache.ojb.broker.accesslayer.JdbcAccessImpl] DEBUG: executeQuery: com.mysql.jdbc.PreparedStatement@2b349d: SELECT A0.volume_id,A0.fname,A0.photo_id,A0.instance_type,A0.width,A0.height,A0.rotated FROM image_instances A0 WHERE A0.photo_id IN (17967,17936,14756,17961,17985,17982,17981,18025,17971,15296,17955,18129,17975,16916,18089,17979,17616,17990,17454,18027,15834,17945,15474,17953,17934,18101,17614,18145,17636,17977,16554,17951,16736,17954,15116,17959,18113,18105,18125,18026,17654,17965,14394,16374,17969,17696,17274,17957,17983,15476,16914,18121,17946,16194,16556,16734,17973,17947,15294,17989,14574,16196,14754,14576,14214,15836,15654,14396,17096,14934,18085,17276,17656,16014,17949,16376,17962,17963,17978,17456,15656,17987,17094,16016,18097,17970,14216,17986,17991,15114,17950,14936,17974,17634,18093,17966,18109,17958,18117,17694)
[org.apache.ojb.broker.accesslayer.JdbcAccessImpl] DEBUG: executeQuery: QueryByCriteria from class imginfo.ImageInstance  where [[photoUid IN [18329, 19254, 18405, 19076, 19434, 20876, 18785, 20874, 18685, 19976, 18345, 18233, 18349, 20516, 18745, 18269, 18229, 18253, 18165, 18205, 18241, 20696, 20694, 18237, 21054, 18469, 18389, 18169, 19796, 18245, 18185, 21249, 18425, 18365, 21056, 18285, 19616, 19436, 18445, 20156, 18261, 18209, 19974, 19614, 18465, 20514, 18385, 18305, 18325, 21345, 20154, 18594, 18249, 18765, 18894, 19074, 19256, 18485, 21254, 18896, 18596, 18257, 20334, 21256, 20336, 19794, 18225, 18265]]]
[org.apache.ojb.broker.accesslayer.JdbcAccessImpl] DEBUG: executeQuery: com.mysql.jdbc.PreparedStatement@1c1c92b: SELECT A0.volume_id,A0.fname,A0.photo_id,A0.instance_type,A0.width,A0.height,A0.rotated FROM image_instances A0 WHERE A0.photo_id IN (18329,19254,18405,19076,19434,20876,18785,20874,18685,19976,18345,18233,18349,20516,18745,18269,18229,18253,18165,18205,18241,20696,20694,18237,21054,18469,18389,18169,19796,18245,18185,21249,18425,18365,21056,18285,19616,19436,18445,20156,18261,18209,19974,19614,18465,20514,18385,18305,18325,21345,20154,18594,18249,18765,18894,19074,19256,18485,21254,18896,18596,18257,20334,21256,20336,19794,18225,18265)
[org.apache.ojb.broker.accesslayer.JdbcAccessImpl] DEBUG: executeDelete: imginfo.PhotoInfo@163956
[org.apache.ojb.broker.accesslayer.JdbcAccessImpl] DEBUG: executeDelete: com.mysql.jdbc.PreparedStatement@cd4544: DELETE FROM photos WHERE photo_id = 21573 
[org.apache.ojb.broker.accesslayer.JdbcAccessImpl] DEBUG: executeDelete: imginfo.PhotoInfo@33788d
[org.apache.ojb.broker.accesslayer.JdbcAccessImpl] DEBUG: executeDelete: com.mysql.jdbc.PreparedStatement@694f12: DELETE FROM photos WHERE photo_id = 21574 
[org.apache.ojb.broker.accesslayer.JdbcAccessImpl] DEBUG: executeDelete: imginfo.PhotoInfo@e2ecc7
[org.apache.ojb.broker.accesslayer.JdbcAccessImpl] DEBUG: executeDelete: com.mysql.jdbc.PreparedStatement@345b43: DELETE FROM photos WHERE photo_id = 21575 
[org.apache.ojb.broker.accesslayer.JdbcAccessImpl] DEBUG: executeDelete: imginfo.PhotoInfo@78dc4c
[org.apache.ojb.broker.accesslayer.JdbcAccessImpl] DEBUG: executeDelete: com.mysql.jdbc.PreparedStatement@1ff2e1b: DELETE FROM photos WHERE photo_id = 21576 
[org.apache.ojb.broker.accesslayer.JdbcAccessImpl] DEBUG: executeInsert: imginfo.PhotoInfo@3fa6cd
[org.apache.ojb.broker.accesslayer.JdbcAccessImpl] DEBUG: executeInsert: com.mysql.jdbc.PreparedStatement@dfe303: INSERT INTO photos (photo_id,shooting_place,photographer,f_stop,focal_length,shoot_time,time_accuracy,shutter_speed,camera,lens,film,film_speed,pref_rotation,description,tech_notes,photo_quality,last_modified,orig_fname) VALUES (21577,null,null,0.0,0.0,null,0.0,0.0,null,null,null,0,0.0,null,null,0,null,null) 
[org.apache.ojb.broker.accesslayer.JdbcAccessImpl] DEBUG: executeUpdate: imginfo.PhotoInfo@3fa6cd
[org.apache.ojb.broker.accesslayer.JdbcAccessImpl] DEBUG: executeUpdate: com.mysql.jdbc.PreparedStatement@1d27069: UPDATE photos SET shooting_place=null,photographer=null,f_stop=0.0,focal_length=0.0,shoot_time='2002-12-23 17:45:22',time_accuracy=0.0,shutter_speed=0.0,camera=null,lens=null,film=null,film_speed=0,pref_rotation=0.0,description=null,tech_notes=null,photo_quality=0,last_modified='2006-01-06 17:45:22',orig_fname=null WHERE photo_id = 21577 
[org.apache.ojb.broker.accesslayer.JdbcAccessImpl] DEBUG: executeInsert: imginfo.PhotoInfo@1b6634c
[org.apache.ojb.broker.accesslayer.JdbcAccessImpl] DEBUG: executeInsert: com.mysql.jdbc.PreparedStatement@1315415: INSERT INTO photos (photo_id,shooting_place,photographer,f_stop,focal_length,shoot_time,time_accuracy,shutter_speed,camera,lens,film,film_speed,pref_rotation,description,tech_notes,photo_quality,last_modified,orig_fname) VALUES (21578,null,null,0.0,0.0,null,0.0,0.0,null,null,null,0,0.0,null,null,0,null,null) 
[org.apache.ojb.broker.accesslayer.JdbcAccessImpl] DEBUG: executeUpdate: imginfo.PhotoInfo@1b6634c
[org.apache.ojb.broker.accesslayer.JdbcAccessImpl] DEBUG: executeUpdate: com.mysql.jdbc.PreparedStatement@25491d: UPDATE photos SET shooting_place=null,photographer=null,f_stop=0.0,focal_length=0.0,shoot_time='2002-12-24 17:45:22',time_accuracy=0.0,shutter_speed=0.0,camera=null,lens=null,film=null,film_speed=0,pref_rotation=0.0,description=null,tech_notes=null,photo_quality=0,last_modified='2006-01-06 17:45:22',orig_fname=null WHERE photo_id = 21578 
[org.apache.ojb.broker.accesslayer.JdbcAccessImpl] DEBUG: executeInsert: imginfo.PhotoInfo@234265
[org.apache.ojb.broker.accesslayer.JdbcAccessImpl] DEBUG: executeInsert: com.mysql.jdbc.PreparedStatement@dc1f04: INSERT INTO photos (photo_id,shooting_place,photographer,f_stop,focal_length,shoot_time,time_accuracy,shutter_speed,camera,lens,film,film_speed,pref_rotation,description,tech_notes,photo_quality,last_modified,orig_fname) VALUES (21579,null,null,0.0,0.0,null,0.0,0.0,null,null,null,0,0.0,null,null,0,null,null) 
[org.apache.ojb.broker.accesslayer.JdbcAccessImpl] DEBUG: executeUpdate: imginfo.PhotoInfo@234265
[org.apache.ojb.broker.accesslayer.JdbcAccessImpl] DEBUG: executeUpdate: com.mysql.jdbc.PreparedStatement@c272bc: UPDATE photos SET shooting_place=null,photographer=null,f_stop=0.0,focal_length=0.0,shoot_time='2002-12-24 17:45:22',time_accuracy=0.0,shutter_speed=0.0,camera=null,lens=null,film=null,film_speed=0,pref_rotation=0.0,description=null,tech_notes=null,photo_quality=0,last_modified='2006-01-06 17:45:22',orig_fname=null WHERE photo_id = 21579 
[org.apache.ojb.broker.accesslayer.JdbcAccessImpl] DEBUG: executeInsert: imginfo.PhotoInfo@6d1750
[org.apache.ojb.broker.accesslayer.JdbcAccessImpl] DEBUG: executeInsert: com.mysql.jdbc.PreparedStatement@15a94f: INSERT INTO photos (photo_id,shooting_place,photographer,f_stop,focal_length,shoot_time,time_accuracy,shutter_speed,camera,lens,film,film_speed,pref_rotation,description,tech_notes,photo_quality,last_modified,orig_fname) VALUES (21580,null,null,0.0,0.0,null,0.0,0.0,null,null,null,0,0.0,null,null,0,null,null) 
[org.apache.ojb.broker.accesslayer.JdbcAccessImpl] DEBUG: executeUpdate: imginfo.PhotoInfo@6d1750
[org.apache.ojb.broker.accesslayer.JdbcAccessImpl] DEBUG: executeUpdate: com.mysql.jdbc.PreparedStatement@189635d: UPDATE photos SET shooting_place=null,photographer=null,f_stop=0.0,focal_length=0.0,shoot_time='2002-12-25 17:45:22',time_accuracy=0.0,shutter_speed=0.0,camera=null,lens=null,film=null,film_speed=0,pref_rotation=0.0,description=null,tech_notes=null,photo_quality=0,last_modified='2006-01-06 17:45:22',orig_fname=null WHERE photo_id = 21580 
[org.apache.ojb.broker.accesslayer.JdbcAccessImpl] DEBUG: executeQuery: QueryByCriteria from class imginfo.PhotoInfo  where [shootTime <= Tue Dec 24 17:45:22 EET 2002]
[org.apache.ojb.broker.accesslayer.JdbcAccessImpl] DEBUG: executeQuery: com.mysql.jdbc.PreparedStatement@6e41b5: SELECT A0.photo_id,A0.shooting_place,A0.photographer,A0.f_stop,A0.focal_length,A0.shoot_time,A0.time_accuracy,A0.shutter_speed,A0.camera,A0.lens,A0.film,A0.film_speed,A0.pref_rotation,A0.description,A0.tech_notes,A0.photo_quality,A0.last_modified,A0.orig_fname FROM photos A0 WHERE A0.shoot_time <= '2002-12-24 17:45:22'
[org.apache.ojb.broker.accesslayer.JdbcAccessImpl] DEBUG: executeQuery: QueryByCriteria from class imginfo.PhotoInfo  where [shootTime >= Tue Dec 24 17:45:22 EET 2002, [shootTime <= Tue Dec 24 17:45:22 EET 2002]]
[org.apache.ojb.broker.accesslayer.JdbcAccessImpl] DEBUG: executeQuery: com.mysql.jdbc.PreparedStatement@11c55bb: SELECT A0.photo_id,A0.shooting_place,A0.photographer,A0.f_stop,A0.focal_length,A0.shoot_time,A0.time_accuracy,A0.shutter_speed,A0.camera,A0.lens,A0.film,A0.film_speed,A0.pref_rotation,A0.description,A0.tech_notes,A0.photo_quality,A0.last_modified,A0.orig_fname FROM photos A0 WHERE ( A0.shoot_time >= '2002-12-24 17:45:22') AND  (A0.shoot_time <= '2002-12-24 17:45:22')
[org.apache.ojb.broker.accesslayer.JdbcAccessImpl] DEBUG: executeDelete: imginfo.PhotoInfo@3fa6cd
[org.apache.ojb.broker.accesslayer.JdbcAccessImpl] DEBUG: executeDelete: com.mysql.jdbc.PreparedStatement@1e9d9b1: DELETE FROM photos WHERE photo_id = 21577 
[org.apache.ojb.broker.accesslayer.JdbcAccessImpl] DEBUG: executeDelete: imginfo.PhotoInfo@1b6634c
[org.apache.ojb.broker.accesslayer.JdbcAccessImpl] DEBUG: executeDelete: com.mysql.jdbc.PreparedStatement@1e3a0ec: DELETE FROM photos WHERE photo_id = 21578 
[org.apache.ojb.broker.accesslayer.JdbcAccessImpl] DEBUG: executeDelete: imginfo.PhotoInfo@234265
[org.apache.ojb.broker.accesslayer.JdbcAccessImpl] DEBUG: executeDelete: com.mysql.jdbc.PreparedStatement@1b2b131: DELETE FROM photos WHERE photo_id = 21579 
[org.apache.ojb.broker.accesslayer.JdbcAccessImpl] DEBUG: executeDelete: imginfo.PhotoInfo@6d1750
[org.apache.ojb.broker.accesslayer.JdbcAccessImpl] DEBUG: executeDelete: com.mysql.jdbc.PreparedStatement@1f7cdc7: DELETE FROM photos WHERE photo_id = 21580 
[org.apache.ojb.broker.accesslayer.JdbcAccessImpl] DEBUG: executeInsert: imginfo.PhotoInfo@1083717
[org.apache.ojb.broker.accesslayer.JdbcAccessImpl] DEBUG: executeInsert: com.mysql.jdbc.PreparedStatement@58cca9: INSERT INTO photos (photo_id,shooting_place,photographer,f_stop,focal_length,shoot_time,time_accuracy,shutter_speed,camera,lens,film,film_speed,pref_rotation,description,tech_notes,photo_quality,last_modified,orig_fname) VALUES (21581,null,null,0.0,0.0,null,0.0,0.0,null,null,null,0,0.0,null,null,0,null,null) 
[org.apache.ojb.broker.accesslayer.JdbcAccessImpl] DEBUG: executeUpdate: imginfo.PhotoInfo@1083717
[org.apache.ojb.broker.accesslayer.JdbcAccessImpl] DEBUG: executeUpdate: com.mysql.jdbc.PreparedStatement@c12474: UPDATE photos SET shooting_place=null,photographer=null,f_stop=0.0,focal_length=0.0,shoot_time='2002-12-23 17:45:22',time_accuracy=0.0,shutter_speed=0.0,camera=null,lens=null,film=null,film_speed=0,pref_rotation=0.0,description=null,tech_notes=null,photo_quality=0,last_modified='2006-01-06 17:45:22',orig_fname=null WHERE photo_id = 21581 
[org.apache.ojb.broker.accesslayer.JdbcAccessImpl] DEBUG: executeInsert: imginfo.PhotoInfo@126ba64
[org.apache.ojb.broker.accesslayer.JdbcAccessImpl] DEBUG: executeInsert: com.mysql.jdbc.PreparedStatement@1971eb3: INSERT INTO photos (photo_id,shooting_place,photographer,f_stop,focal_length,shoot_time,time_accuracy,shutter_speed,camera,lens,film,film_speed,pref_rotation,description,tech_notes,photo_quality,last_modified,orig_fname) VALUES (21582,null,null,0.0,0.0,null,0.0,0.0,null,null,null,0,0.0,null,null,0,null,null) 
[org.apache.ojb.broker.accesslayer.JdbcAccessImpl] DEBUG: executeUpdate: imginfo.PhotoInfo@126ba64
[org.apache.ojb.broker.accesslayer.JdbcAccessImpl] DEBUG: executeUpdate: com.mysql.jdbc.PreparedStatement@cb754f: UPDATE photos SET shooting_place=null,photographer=null,f_stop=0.0,focal_length=0.0,shoot_time='2002-12-24 17:45:22',time_accuracy=0.0,shutter_speed=0.0,camera=null,lens=null,film=null,film_speed=0,pref_rotation=0.0,description=null,tech_notes=null,photo_quality=0,last_modified='2006-01-06 17:45:22',orig_fname=null WHERE photo_id = 21582 
[org.apache.ojb.broker.accesslayer.JdbcAccessImpl] DEBUG: executeInsert: imginfo.PhotoInfo@1603522
[org.apache.ojb.broker.accesslayer.JdbcAccessImpl] DEBUG: executeInsert: com.mysql.jdbc.PreparedStatement@1408a75: INSERT INTO photos (photo_id,shooting_place,photographer,f_stop,focal_length,shoot_time,time_accuracy,shutter_speed,camera,lens,film,film_speed,pref_rotation,description,tech_notes,photo_quality,last_modified,orig_fname) VALUES (21583,null,null,0.0,0.0,null,0.0,0.0,null,null,null,0,0.0,null,null,0,null,null) 
[org.apache.ojb.broker.accesslayer.JdbcAccessImpl] DEBUG: executeUpdate: imginfo.PhotoInfo@1603522
[org.apache.ojb.broker.accesslayer.JdbcAccessImpl] DEBUG: executeUpdate: com.mysql.jdbc.PreparedStatement@c713d2: UPDATE photos SET shooting_place=null,photographer=null,f_stop=0.0,focal_length=0.0,shoot_time='2002-12-24 17:45:22',time_accuracy=0.0,shutter_speed=0.0,camera=null,lens=null,film=null,film_speed=0,pref_rotation=0.0,description=null,tech_notes=null,photo_quality=0,last_modified='2006-01-06 17:45:22',orig_fname=null WHERE photo_id = 21583 
[org.apache.ojb.broker.accesslayer.JdbcAccessImpl] DEBUG: executeInsert: imginfo.PhotoInfo@7e5130
[org.apache.ojb.broker.accesslayer.JdbcAccessImpl] DEBUG: executeInsert: com.mysql.jdbc.PreparedStatement@1042fcc: INSERT INTO photos (photo_id,shooting_place,photographer,f_stop,focal_length,shoot_time,time_accuracy,shutter_speed,camera,lens,film,film_speed,pref_rotation,description,tech_notes,photo_quality,last_modified,orig_fname) VALUES (21584,null,null,0.0,0.0,null,0.0,0.0,null,null,null,0,0.0,null,null,0,null,null) 
[org.apache.ojb.broker.accesslayer.JdbcAccessImpl] DEBUG: executeUpdate: imginfo.PhotoInfo@7e5130
[org.apache.ojb.broker.accesslayer.JdbcAccessImpl] DEBUG: executeUpdate: com.mysql.jdbc.PreparedStatement@e85825: UPDATE photos SET shooting_place=null,photographer=null,f_stop=0.0,focal_length=0.0,shoot_time='2002-12-25 17:45:22',time_accuracy=0.0,shutter_speed=0.0,camera=null,lens=null,film=null,film_speed=0,pref_rotation=0.0,description=null,tech_notes=null,photo_quality=0,last_modified='2006-01-06 17:45:22',orig_fname=null WHERE photo_id = 21584 
[org.apache.ojb.broker.accesslayer.JdbcAccessImpl] DEBUG: executeDelete: imginfo.PhotoInfo@1083717
[org.apache.ojb.broker.accesslayer.JdbcAccessImpl] DEBUG: executeDelete: com.mysql.jdbc.PreparedStatement@11710be: DELETE FROM photos WHERE photo_id = 21581 
[org.apache.ojb.broker.accesslayer.JdbcAccessImpl] DEBUG: executeDelete: imginfo.PhotoInfo@126ba64
[org.apache.ojb.broker.accesslayer.JdbcAccessImpl] DEBUG: executeDelete: com.mysql.jdbc.PreparedStatement@6c5356: DELETE FROM photos WHERE photo_id = 21582 
[org.apache.ojb.broker.accesslayer.JdbcAccessImpl] DEBUG: executeDelete: imginfo.PhotoInfo@1603522
[org.apache.ojb.broker.accesslayer.JdbcAccessImpl] DEBUG: executeDelete: com.mysql.jdbc.PreparedStatement@97d3f0: DELETE FROM photos WHERE photo_id = 21583 
[org.apache.ojb.broker.accesslayer.JdbcAccessImpl] DEBUG: executeDelete: imginfo.PhotoInfo@7e5130
[org.apache.ojb.broker.accesslayer.JdbcAccessImpl] DEBUG: executeDelete: com.mysql.jdbc.PreparedStatement@1db9f45: DELETE FROM photos WHERE photo_id = 21584 
]]></system-out>

      <system-err></system-err>

  </testsuite>
  <testsuite errors="0" failures="0" id="1" name="Test_FuzzyDate" package="imginfo" tests="7" time="0.4">
  
    <properties>
[...]
</properties>

      <testcase classname="imginfo.Test_FuzzyDate" name="testNullDate" time="0.08"></testcase>

      <testcase classname="imginfo.Test_FuzzyDate" name="testParseDateRange" time="0.02"></testcase>

      <testcase classname="imginfo.Test_FuzzyDate" name="testParseWeek" time="0.0"></testcase>

      <testcase classname="imginfo.Test_FuzzyDate" name="testParseMonth" time="0.05"></testcase>

      <testcase classname="imginfo.Test_FuzzyDate" name="testParseYear" time="0.01"></testcase>

      <testcase classname="imginfo.Test_FuzzyDate" name="testConversionInvariances" time="0.01"></testcase>

      <testcase classname="imginfo.Test_FuzzyDate" name="testEquals" time="0.0"></testcase>

      <system-out><![CDATA[(imginfo.FuzzyDate                   165 ) Parsing 2.3.2005 - 13.4.2005
(imginfo.FuzzyDate                   165 ) Parsing 2.3.2005
(imginfo.FuzzyDate                   63  ) ParseException: Unparseable date: "2.3.2005"
(imginfo.FuzzyDate                   165 ) Parsing 13.4.2005
(imginfo.FuzzyDate                   63  ) ParseException: Unparseable date: "13.4.2005"
(imginfo.FuzzyDate                   165 ) Parsing wk 44 2005
(imginfo.FuzzyDate                   63  ) ParseException: Unparseable date: "wk 44 2005"
(imginfo.FuzzyDate                   63  ) ParseException: Unparseable date: "wk 44 2005"
(imginfo.FuzzyDate                   165 ) Parsing tammikuu 2005
(imginfo.FuzzyDate                   63  ) ParseException: Unparseable date: "tammikuu 2005"
(imginfo.FuzzyDate                   63  ) ParseException: Unparseable date: "tammikuu 2005"
(imginfo.FuzzyDate                   63  ) ParseException: Unparseable date: "tammikuu 2005"
(imginfo.FuzzyDate                   165 ) Parsing helmikuu 2005
(imginfo.FuzzyDate                   63  ) ParseException: Unparseable date: "helmikuu 2005"
(imginfo.FuzzyDate                   63  ) ParseException: Unparseable date: "helmikuu 2005"
(imginfo.FuzzyDate                   63  ) ParseException: Unparseable date: "helmikuu 2005"
(imginfo.FuzzyDate                   165 ) Parsing maaliskuu 2005
(imginfo.FuzzyDate                   63  ) ParseException: Unparseable date: "maaliskuu 2005"
(imginfo.FuzzyDate                   63  ) ParseException: Unparseable date: "maaliskuu 2005"
(imginfo.FuzzyDate                   63  ) ParseException: Unparseable date: "maaliskuu 2005"
(imginfo.FuzzyDate                   165 ) Parsing huhtikuu 2005
(imginfo.FuzzyDate                   63  ) ParseException: Unparseable date: "huhtikuu 2005"
(imginfo.FuzzyDate                   63  ) ParseException: Unparseable date: "huhtikuu 2005"
(imginfo.FuzzyDate                   63  ) ParseException: Unparseable date: "huhtikuu 2005"
(imginfo.FuzzyDate                   165 ) Parsing toukokuu 2005
(imginfo.FuzzyDate                   63  ) ParseException: Unparseable date: "toukokuu 2005"
(imginfo.FuzzyDate                   63  ) ParseException: Unparseable date: "toukokuu 2005"
(imginfo.FuzzyDate                   63  ) ParseException: Unparseable date: "toukokuu 2005"
(imginfo.FuzzyDate                   165 ) Parsing kesäkuu 2005
(imginfo.FuzzyDate                   63  ) ParseException: Unparseable date: "kesäkuu 2005"
(imginfo.FuzzyDate                   63  ) ParseException: Unparseable date: "kesäkuu 2005"
(imginfo.FuzzyDate                   63  ) ParseException: Unparseable date: "kesäkuu 2005"
(imginfo.FuzzyDate                   165 ) Parsing heinäkuu 2005
(imginfo.FuzzyDate                   63  ) ParseException: Unparseable date: "heinäkuu 2005"
(imginfo.FuzzyDate                   63  ) ParseException: Unparseable date: "heinäkuu 2005"
(imginfo.FuzzyDate                   63  ) ParseException: Unparseable date: "heinäkuu 2005"
(imginfo.FuzzyDate                   165 ) Parsing elokuu 2005
(imginfo.FuzzyDate                   63  ) ParseException: Unparseable date: "elokuu 2005"
(imginfo.FuzzyDate                   63  ) ParseException: Unparseable date: "elokuu 2005"
(imginfo.FuzzyDate                   63  ) ParseException: Unparseable date: "elokuu 2005"
(imginfo.FuzzyDate                   165 ) Parsing syyskuu 2005
(imginfo.FuzzyDate                   63  ) ParseException: Unparseable date: "syyskuu 2005"
(imginfo.FuzzyDate                   63  ) ParseException: Unparseable date: "syyskuu 2005"
(imginfo.FuzzyDate                   63  ) ParseException: Unparseable date: "syyskuu 2005"
(imginfo.FuzzyDate                   165 ) Parsing lokakuu 2005
(imginfo.FuzzyDate                   63  ) ParseException: Unparseable date: "lokakuu 2005"
(imginfo.FuzzyDate                   63  ) ParseException: Unparseable date: "lokakuu 2005"
(imginfo.FuzzyDate                   63  ) ParseException: Unparseable date: "lokakuu 2005"
(imginfo.FuzzyDate                   165 ) Parsing marraskuu 2005
(imginfo.FuzzyDate                   63  ) ParseException: Unparseable date: "marraskuu 2005"
(imginfo.FuzzyDate                   63  ) ParseException: Unparseable date: "marraskuu 2005"
(imginfo.FuzzyDate                   63  ) ParseException: Unparseable date: "marraskuu 2005"
(imginfo.FuzzyDate                   165 ) Parsing joulukuu 2005
(imginfo.FuzzyDate                   63  ) ParseException: Unparseable date: "joulukuu 2005"
(imginfo.FuzzyDate                   63  ) ParseException: Unparseable date: "joulukuu 2005"
(imginfo.FuzzyDate                   63  ) ParseException: Unparseable date: "joulukuu 2005"
(imginfo.FuzzyDate                   165 ) Parsing 2005
(imginfo.FuzzyDate                   63  ) ParseException: Unparseable date: "2005"
(imginfo.FuzzyDate                   63  ) ParseException: Unparseable date: "2005"
(imginfo.FuzzyDate                   63  ) ParseException: Unparseable date: "2005"
(imginfo.FuzzyDate                   63  ) ParseException: Unparseable date: "2005"
(imginfo.FuzzyDate                   165 ) Parsing 2004
(imginfo.FuzzyDate                   63  ) ParseException: Unparseable date: "2004"
(imginfo.FuzzyDate                   63  ) ParseException: Unparseable date: "2004"
(imginfo.FuzzyDate                   63  ) ParseException: Unparseable date: "2004"
(imginfo.FuzzyDate                   63  ) ParseException: Unparseable date: "2004"
(imginfo.FuzzyDate                   165 ) Parsing 2000
(imginfo.FuzzyDate                   63  ) ParseException: Unparseable date: "2000"
(imginfo.FuzzyDate                   63  ) ParseException: Unparseable date: "2000"
(imginfo.FuzzyDate                   63  ) ParseException: Unparseable date: "2000"
(imginfo.FuzzyDate                   63  ) ParseException: Unparseable date: "2000"
(imginfo.FuzzyDate                   165 ) Parsing 01.01.2005 12:34
(imginfo.FuzzyDate                   165 ) Parsing 01.01.2005
(imginfo.FuzzyDate                   63  ) ParseException: Unparseable date: "01.01.2005"
(imginfo.FuzzyDate                   165 ) Parsing 30.06.2005
(imginfo.FuzzyDate                   63  ) ParseException: Unparseable date: "30.06.2005"
(imginfo.FuzzyDate                   165 ) Parsing wk 8 2000
(imginfo.FuzzyDate                   63  ) ParseException: Unparseable date: "wk 8 2000"
(imginfo.FuzzyDate                   63  ) ParseException: Unparseable date: "wk 8 2000"
(imginfo.FuzzyDate                   165 ) Parsing wk 52 2000
(imginfo.FuzzyDate                   63  ) ParseException: Unparseable date: "wk 52 2000"
(imginfo.FuzzyDate                   63  ) ParseException: Unparseable date: "wk 52 2000"
(imginfo.FuzzyDate                   165 ) Parsing tammikuu 2005
(imginfo.FuzzyDate                   63  ) ParseException: Unparseable date: "tammikuu 2005"
(imginfo.FuzzyDate                   63  ) ParseException: Unparseable date: "tammikuu 2005"
(imginfo.FuzzyDate                   63  ) ParseException: Unparseable date: "tammikuu 2005"
(imginfo.FuzzyDate                   165 ) Parsing helmikuu 2000
(imginfo.FuzzyDate                   63  ) ParseException: Unparseable date: "helmikuu 2000"
(imginfo.FuzzyDate                   63  ) ParseException: Unparseable date: "helmikuu 2000"
(imginfo.FuzzyDate                   63  ) ParseException: Unparseable date: "helmikuu 2000"
(imginfo.FuzzyDate                   165 ) Parsing 2000
(imginfo.FuzzyDate                   63  ) ParseException: Unparseable date: "2000"
(imginfo.FuzzyDate                   63  ) ParseException: Unparseable date: "2000"
(imginfo.FuzzyDate                   63  ) ParseException: Unparseable date: "2000"
(imginfo.FuzzyDate                   63  ) ParseException: Unparseable date: "2000"
(imginfo.FuzzyDate                   165 ) Parsing 2005
(imginfo.FuzzyDate                   63  ) ParseException: Unparseable date: "2005"
(imginfo.FuzzyDate                   63  ) ParseException: Unparseable date: "2005"
(imginfo.FuzzyDate                   63  ) ParseException: Unparseable date: "2005"
(imginfo.FuzzyDate                   63  ) ParseException: Unparseable date: "2005"
]]></system-out>

      <system-err></system-err>

  </testsuite>
  <testsuite errors="0" failures="0" id="2" name="Test_ImageInstance" package="imginfo" tests="3" time="0.811">
  
    <properties>
[...]
</properties>

      <testcase classname="imginfo.Test_ImageInstance" name="testImageInstanceCreate" time="0.631"></testcase>

      <testcase classname="imginfo.Test_ImageInstance" name="testImageInstanceUpdate" time="0.08"></testcase>

      <testcase classname="imginfo.Test_ImageInstance" name="testImageInstanceDelete" time="0.04"></testcase>

      <system-out><![CDATA[(common.JUnitOJBManager              28  ) Initializing OB for JUnit tests
photovault.configfile conf/junittest_config.xml
conf\junittest_config.xml
[org.apache.ojb.broker.accesslayer.JdbcAccessImpl] DEBUG: executeQuery: QueryByCriteria from class photovault.folder.PhotoFolder  where [folderId = 1]
[org.apache.ojb.broker.accesslayer.JdbcAccessImpl] DEBUG: executeQuery: com.mysql.jdbc.PreparedStatement@48edb5: SELECT A0.collection_id,A0.collection_name,A0.COLLECTION_DESC,A0.parent FROM photo_collections A0 WHERE A0.collection_id = 1
[org.apache.ojb.broker.accesslayer.JdbcAccessImpl] DEBUG: executeQuery: QueryByCriteria from class imginfo.PhotoInfo  where [uid = 1]
[org.apache.ojb.broker.accesslayer.JdbcAccessImpl] DEBUG: executeQuery: com.mysql.jdbc.PreparedStatement@a45536: SELECT A0.photo_id,A0.shooting_place,A0.photographer,A0.f_stop,A0.focal_length,A0.shoot_time,A0.time_accuracy,A0.shutter_speed,A0.camera,A0.lens,A0.film,A0.film_speed,A0.pref_rotation,A0.description,A0.tech_notes,A0.photo_quality,A0.last_modified,A0.orig_fname FROM photos A0 WHERE A0.photo_id = 1
[org.apache.ojb.broker.accesslayer.JdbcAccessImpl] DEBUG: executeQuery: QueryByCriteria from class imginfo.ImageInstance  where [photoUid = 1]
[org.apache.ojb.broker.accesslayer.JdbcAccessImpl] DEBUG: executeQuery: com.mysql.jdbc.PreparedStatement@1049d3: SELECT A0.volume_id,A0.fname,A0.photo_id,A0.instance_type,A0.width,A0.height,A0.rotated FROM image_instances A0 WHERE A0.photo_id = 1
[org.apache.ojb.broker.accesslayer.JdbcAccessImpl] DEBUG: executeInsert: imginfo.ImageInstance@157ea4a
[org.apache.ojb.broker.accesslayer.JdbcAccessImpl] DEBUG: executeInsert: com.mysql.jdbc.PreparedStatement@d3c65d: INSERT INTO image_instances (volume_id,fname,photo_id,instance_type,width,height,rotated) VALUES ('imageInstanceTest','20050405_00001.jpg',1,'original',2560,1920,0.0) 
[org.apache.ojb.broker.accesslayer.JdbcAccessImpl] DEBUG: executeDelete: imginfo.ImageInstance@157ea4a
[org.apache.ojb.broker.accesslayer.JdbcAccessImpl] DEBUG: executeDelete: com.mysql.jdbc.PreparedStatement@17aece8: DELETE FROM image_instances WHERE volume_id = 'imageInstanceTest'  AND fname = '20050405_00001.jpg' 
[org.apache.ojb.broker.accesslayer.JdbcAccessImpl] DEBUG: executeQuery: QueryByCriteria from class imginfo.PhotoInfo  where [uid = 1]
[org.apache.ojb.broker.accesslayer.JdbcAccessImpl] DEBUG: executeQuery: com.mysql.jdbc.PreparedStatement@691dee: SELECT A0.photo_id,A0.shooting_place,A0.photographer,A0.f_stop,A0.focal_length,A0.shoot_time,A0.time_accuracy,A0.shutter_speed,A0.camera,A0.lens,A0.film,A0.film_speed,A0.pref_rotation,A0.description,A0.tech_notes,A0.photo_quality,A0.last_modified,A0.orig_fname FROM photos A0 WHERE A0.photo_id = 1
[org.apache.ojb.broker.accesslayer.JdbcAccessImpl] DEBUG: executeInsert: imginfo.ImageInstance@1077fc9
[org.apache.ojb.broker.accesslayer.JdbcAccessImpl] DEBUG: executeInsert: com.mysql.jdbc.PreparedStatement@1568fb5: INSERT INTO image_instances (volume_id,fname,photo_id,instance_type,width,height,rotated) VALUES ('imageInstanceTest','20050405_00001.jpg',1,'original',2560,1920,0.0) 
[org.apache.ojb.broker.accesslayer.JdbcAccessImpl] DEBUG: executeUpdate: imginfo.ImageInstance@1077fc9
[org.apache.ojb.broker.accesslayer.JdbcAccessImpl] DEBUG: executeUpdate: com.mysql.jdbc.PreparedStatement@a4488: UPDATE image_instances SET photo_id=1,instance_type='original',width=2560,height=1921,rotated=0.0 WHERE volume_id = 'imageInstanceTest'  AND fname = '20050405_00001.jpg' 
[org.apache.ojb.broker.accesslayer.JdbcAccessImpl] DEBUG: executeUpdate: imginfo.ImageInstance@1077fc9
[org.apache.ojb.broker.accesslayer.JdbcAccessImpl] DEBUG: executeUpdate: com.mysql.jdbc.PreparedStatement@19e215b: UPDATE image_instances SET photo_id=1,instance_type='original',width=2561,height=1921,rotated=0.0 WHERE volume_id = 'imageInstanceTest'  AND fname = '20050405_00001.jpg' 
[org.apache.ojb.broker.accesslayer.JdbcAccessImpl] DEBUG: executeUpdate: imginfo.ImageInstance@1077fc9
[org.apache.ojb.broker.accesslayer.JdbcAccessImpl] DEBUG: executeUpdate: com.mysql.jdbc.PreparedStatement@9a9b65: UPDATE image_instances SET photo_id=1,instance_type='thumbnail',width=2561,height=1921,rotated=0.0 WHERE volume_id = 'imageInstanceTest'  AND fname = '20050405_00001.jpg' 
[org.apache.ojb.broker.accesslayer.JdbcAccessImpl] DEBUG: executeQuery: QueryByCriteria from class imginfo.ImageInstance  where [volumeId = imageInstanceTest, [fname = 20050405_00001.jpg]]
[org.apache.ojb.broker.accesslayer.JdbcAccessImpl] DEBUG: executeQuery: com.mysql.jdbc.PreparedStatement@1d6747b: SELECT A0.volume_id,A0.fname,A0.photo_id,A0.instance_type,A0.width,A0.height,A0.rotated FROM image_instances A0 WHERE ( A0.volume_id = 'imageInstanceTest') AND  (A0.fname = '20050405_00001.jpg')
[org.apache.ojb.broker.accesslayer.JdbcAccessImpl] DEBUG: executeDelete: imginfo.ImageInstance@1077fc9
[org.apache.ojb.broker.accesslayer.JdbcAccessImpl] DEBUG: executeDelete: com.mysql.jdbc.PreparedStatement@bb494b: DELETE FROM image_instances WHERE volume_id = 'imageInstanceTest'  AND fname = '20050405_00001.jpg' 
[org.apache.ojb.broker.accesslayer.JdbcAccessImpl] DEBUG: executeQuery: QueryByCriteria from class imginfo.PhotoInfo  where [uid = 1]
[org.apache.ojb.broker.accesslayer.JdbcAccessImpl] DEBUG: executeQuery: com.mysql.jdbc.PreparedStatement@1636e4e: SELECT A0.photo_id,A0.shooting_place,A0.photographer,A0.f_stop,A0.focal_length,A0.shoot_time,A0.time_accuracy,A0.shutter_speed,A0.camera,A0.lens,A0.film,A0.film_speed,A0.pref_rotation,A0.description,A0.tech_notes,A0.photo_quality,A0.last_modified,A0.orig_fname FROM photos A0 WHERE A0.photo_id = 1
[org.apache.ojb.broker.accesslayer.JdbcAccessImpl] DEBUG: executeInsert: imginfo.ImageInstance@d90453
[org.apache.ojb.broker.accesslayer.JdbcAccessImpl] DEBUG: executeInsert: com.mysql.jdbc.PreparedStatement@1ab11b0: INSERT INTO image_instances (volume_id,fname,photo_id,instance_type,width,height,rotated) VALUES ('imageInstanceTest','20050405_00001.jpg',1,'original',2560,1920,0.0) 
[org.apache.ojb.broker.accesslayer.JdbcAccessImpl] DEBUG: executeDelete: imginfo.ImageInstance@d90453
[org.apache.ojb.broker.accesslayer.JdbcAccessImpl] DEBUG: executeDelete: com.mysql.jdbc.PreparedStatement@1d0d124: DELETE FROM image_instances WHERE volume_id = 'imageInstanceTest'  AND fname = '20050405_00001.jpg' 
]]></system-out>

      <system-err><![CDATA[getNewFname Tue Apr 05 22:14:55 EEST 2005 jpg
YearDir: \tmp\photoVaultImageInstanceTest\2005
making yeardir
MontDir: \tmp\photoVaultImageInstanceTest\2005\200504
making yeardir
getNewFname Tue Apr 05 22:14:55 EEST 2005 jpg
YearDir: \tmp\photoVaultImageInstanceTest\2005
making yeardir
MontDir: \tmp\photoVaultImageInstanceTest\2005\200504
making yeardir
getNewFname Tue Apr 05 22:14:55 EEST 2005 jpg
YearDir: \tmp\photoVaultImageInstanceTest\2005
making yeardir
MontDir: \tmp\photoVaultImageInstanceTest\2005\200504
making yeardir
]]></system-err>

  </testsuite>
  <testsuite errors="0" failures="4" id="3" name="Test_PhotoInfo" package="imginfo" tests="18" time="14.241">
  
    <properties>
[...]
</properties>

      <testcase classname="imginfo.Test_PhotoInfo" name="testRetrievalSuccess" time="0.03"></testcase>

      <testcase classname="imginfo.Test_PhotoInfo" name="testRetrievalNotFound" time="0.751"></testcase>

      <testcase classname="imginfo.Test_PhotoInfo" name="testUpdate" time="0.02"></testcase>

      <testcase classname="imginfo.Test_PhotoInfo" name="testNullShootDateUpdate" time="0.02"></testcase>

      <testcase classname="imginfo.Test_PhotoInfo" name="testPhotoCreation" time="0.08"></testcase>

      <testcase classname="imginfo.Test_PhotoInfo" name="testPhotoDeletion" time="0.011"></testcase>

      <testcase classname="imginfo.Test_PhotoInfo" name="testInstanceAddition" time="0.19"></testcase>

      <testcase classname="imginfo.Test_PhotoInfo" name="testCreationFromImage" time="0.06"></testcase>

      <testcase classname="imginfo.Test_PhotoInfo" name="testfailedCreation" time="0.0"></testcase>

      <testcase classname="imginfo.Test_PhotoInfo" name="testThumbnailCreate" time="2.013"></testcase>

      <testcase classname="imginfo.Test_PhotoInfo" name="testThumbnailCreateNoInstances" time="0.01"></testcase>

      <testcase classname="imginfo.Test_PhotoInfo" name="testThumbnailCreateCorruptInstances" time="0.04"></testcase>

      <testcase classname="imginfo.Test_PhotoInfo" name="testGetThumbnail" time="1.071"></testcase>

      <testcase classname="imginfo.Test_PhotoInfo" name="testThumbWithNoInstances" time="0.03">
    
      <failure message="After instance addition, getThumbnail should not return default thumbnail" type="junit.framework.AssertionFailedError">junit.framework.AssertionFailedError: After instance addition, getThumbnail should not return default thumbnail
	at imginfo.Test_PhotoInfo.testThumbWithNoInstances(Test_PhotoInfo.java:491)
</failure>

      </testcase>

      <testcase classname="imginfo.Test_PhotoInfo" name="testThumbnailRotation" time="1.272">
    
      <failure message="Thumbnail with 45 deg rotation does not match" type="junit.framework.AssertionFailedError">junit.framework.AssertionFailedError: Thumbnail with 45 deg rotation does not match
	at imginfo.Test_PhotoInfo.testThumbnailRotation(Test_PhotoInfo.java:518)
</failure>

      </testcase>

      <testcase classname="imginfo.Test_PhotoInfo" name="testListener" time="0.03"></testcase>

      <testcase classname="imginfo.Test_PhotoInfo" name="testExport" time="8.543">
    
      <failure message="Exported image \tmp\exportedImage.png does not match reference tests\images\photovault\imginfo\exportedImage.png" type="junit.framework.AssertionFailedError">junit.framework.AssertionFailedError: Exported image \tmp\exportedImage.png does not match reference tests\images\photovault\imginfo\exportedImage.png
	at imginfo.Test_PhotoInfo.testExport(Test_PhotoInfo.java:635)
</failure>

      </testcase>

      <testcase classname="imginfo.Test_PhotoInfo" name="testExportWriteNotAllowed" time="0.0">
    
      <failure message="Test case not implemented" type="junit.framework.AssertionFailedError">junit.framework.AssertionFailedError: Test case not implemented
	at imginfo.Test_PhotoInfo.testExportWriteNotAllowed(Test_PhotoInfo.java:645)
</failure>

      </testcase>

      <system-out><![CDATA[(common.JUnitOJBManager              28  ) Initializing OB for JUnit tests
photovault.configfile conf/junittest_config.xml
conf\junittest_config.xml
[org.apache.ojb.broker.accesslayer.JdbcAccessImpl] DEBUG: executeQuery: QueryByCriteria from class photovault.folder.PhotoFolder  where [folderId = 1]
[org.apache.ojb.broker.accesslayer.JdbcAccessImpl] DEBUG: executeQuery: com.mysql.jdbc.PreparedStatement@1ee2c2c: SELECT A0.collection_id,A0.collection_name,A0.COLLECTION_DESC,A0.parent FROM photo_collections A0 WHERE A0.collection_id = 1
[org.apache.ojb.broker.accesslayer.JdbcAccessImpl] DEBUG: executeQuery: QueryByCriteria from class imginfo.PhotoInfo  where [uid = 1]
[org.apache.ojb.broker.accesslayer.JdbcAccessImpl] DEBUG: executeQuery: com.mysql.jdbc.PreparedStatement@164b09c: SELECT A0.photo_id,A0.shooting_place,A0.photographer,A0.f_stop,A0.focal_length,A0.shoot_time,A0.time_accuracy,A0.shutter_speed,A0.camera,A0.lens,A0.film,A0.film_speed,A0.pref_rotation,A0.description,A0.tech_notes,A0.photo_quality,A0.last_modified,A0.orig_fname FROM photos A0 WHERE A0.photo_id = 1
[org.apache.ojb.broker.accesslayer.JdbcAccessImpl] DEBUG: executeQuery: QueryByCriteria from class imginfo.ImageInstance  where [photoUid = 1]
[org.apache.ojb.broker.accesslayer.JdbcAccessImpl] DEBUG: executeQuery: com.mysql.jdbc.PreparedStatement@9444d1: SELECT A0.volume_id,A0.fname,A0.photo_id,A0.instance_type,A0.width,A0.height,A0.rotated FROM image_instances A0 WHERE A0.photo_id = 1
[org.apache.ojb.broker.accesslayer.JdbcAccessImpl] DEBUG: executeQuery: QueryByCriteria from class imginfo.PhotoInfo 
[org.apache.ojb.broker.accesslayer.JdbcAccessImpl] DEBUG: executeQuery: com.mysql.jdbc.PreparedStatement@1038de7: SELECT A0.photo_id,A0.shooting_place,A0.photographer,A0.f_stop,A0.focal_length,A0.shoot_time,A0.time_accuracy,A0.shutter_speed,A0.camera,A0.lens,A0.film,A0.film_speed,A0.pref_rotation,A0.description,A0.tech_notes,A0.photo_quality,A0.last_modified,A0.orig_fname FROM photos A0
[org.apache.ojb.broker.accesslayer.JdbcAccessImpl] DEBUG: executeQuery: QueryByCriteria from class imginfo.ImageInstance  where [[photoUid IN [16013, 14087, 17274, 15653, 15005, 16196, 17945, 17096, 14753, 17345, 16913, 15654, 14825, 15365, 14396, 17934, 16445, 17634, 17636, 16194, 15474, 16985, 3, 17693, 16376, 17946, 16014, 14465, 16265, 16085, 14216, 16805, 14285, 16374, 15116, 2, 15113, 17633, 17694, 15905, 17616, 14754, 16553, 14934, 15185, 15656, 16193, 16625, 17950, 17525, 15294, 16736, 17093, 17654, 14573, 16554, 17276, 14756, 14574, 17094, 15296, 14936, 16734, 15114, 16916, 14645, 17653, 16556, 14394, 14214, 15833, 16373, 15476, 17656, 17696, 17614, 16733, 14213, 14576, 17947, 15473, 14393, 15545, 14933, 17933, 17273, 17948, 15293, 17765, 15834, 17454, 17453, 17949, 16914, 17456, 17165, 15725, 16016, 17613, 15836]]]
[org.apache.ojb.broker.accesslayer.JdbcAccessImpl] DEBUG: executeQuery: com.mysql.jdbc.PreparedStatement@1ce669e: SELECT A0.volume_id,A0.fname,A0.photo_id,A0.instance_type,A0.width,A0.height,A0.rotated FROM image_instances A0 WHERE A0.photo_id IN (16013,14087,17274,15653,15005,16196,17945,17096,14753,17345,16913,15654,14825,15365,14396,17934,16445,17634,17636,16194,15474,16985,3,17693,16376,17946,16014,14465,16265,16085,14216,16805,14285,16374,15116,2,15113,17633,17694,15905,17616,14754,16553,14934,15185,15656,16193,16625,17950,17525,15294,16736,17093,17654,14573,16554,17276,14756,14574,17094,15296,14936,16734,15114,16916,14645,17653,16556,14394,14214,15833,16373,15476,17656,17696,17614,16733,14213,14576,17947,15473,14393,15545,14933,17933,17273,17948,15293,17765,15834,17454,17453,17949,16914,17456,17165,15725,16016,17613,15836)
[org.apache.ojb.broker.accesslayer.JdbcAccessImpl] DEBUG: executeQuery: QueryByCriteria from class imginfo.ImageInstance  where [[photoUid IN [18092, 17992, 18148, 17963, 18026, 18101, 17975, 17984, 18085, 17981, 17952, 17973, 17983, 18146, 18086, 18093, 18124, 17977, 18090, 17980, 17954, 17969, 18105, 18126, 17982, 18025, 17967, 18027, 17962, 18145, 18094, 17955, 18111, 17951, 18103, 18087, 18089, 18125, 18099, 18102, 18123, 17987, 18127, 17971, 18108, 18114, 17976, 18117, 17966, 18095, 18096, 18122, 18116, 17970, 18088, 18107, 17985, 18128, 18097, 17961, 17957, 18118, 18091, 17989, 17960, 17986, 17956, 17936, 17990, 17991, 18110, 18147, 17968, 17959, 18165, 17974, 18115, 18098, 18109, 17958, 18129, 17978, 17964, 18132, 18104, 18131, 18100, 18121, 18112, 18106, 17988, 18119, 17953, 18120, 17979, 18005, 17965, 18113, 18130, 17972]]]
[org.apache.ojb.broker.accesslayer.JdbcAccessImpl] DEBUG: executeQuery: com.mysql.jdbc.PreparedStatement@12c3327: SELECT A0.volume_id,A0.fname,A0.photo_id,A0.instance_type,A0.width,A0.height,A0.rotated FROM image_instances A0 WHERE A0.photo_id IN (18092,17992,18148,17963,18026,18101,17975,17984,18085,17981,17952,17973,17983,18146,18086,18093,18124,17977,18090,17980,17954,17969,18105,18126,17982,18025,17967,18027,17962,18145,18094,17955,18111,17951,18103,18087,18089,18125,18099,18102,18123,17987,18127,17971,18108,18114,17976,18117,17966,18095,18096,18122,18116,17970,18088,18107,17985,18128,18097,17961,17957,18118,18091,17989,17960,17986,17956,17936,17990,17991,18110,18147,17968,17959,18165,17974,18115,18098,18109,17958,18129,17978,17964,18132,18104,18131,18100,18121,18112,18106,17988,18119,17953,18120,17979,18005,17965,18113,18130,17972)
[org.apache.ojb.broker.accesslayer.JdbcAccessImpl] DEBUG: executeQuery: QueryByCriteria from class imginfo.ImageInstance  where [[photoUid IN [18265, 18389, 18240, 18245, 18256, 18211, 18272, 18260, 18266, 18268, 18349, 18252, 18287, 18261, 18250, 18246, 18171, 18229, 18385, 18207, 18228, 18185, 18368, 18345, 18387, 18306, 18209, 18388, 18367, 18270, 18225, 18208, 18288, 18226, 18255, 18307, 18249, 18350, 18243, 18366, 18352, 18206, 18392, 18258, 18235, 18210, 18170, 18233, 18328, 18254, 18167, 18247, 18169, 18325, 18351, 18305, 18267, 18227, 18253, 18205, 18230, 18285, 18168, 18248, 18166, 18239, 18257, 18232, 18259, 18326, 18269, 18386, 18242, 18346, 18251, 18264, 18244, 18236, 18241, 18188, 18308, 18263, 18238, 18348, 18271, 18212, 18186, 18347, 18172, 18286, 18262, 18391, 18365, 18327, 18390, 18187, 18329, 18237, 18234, 18231]]]
[org.apache.ojb.broker.accesslayer.JdbcAccessImpl] DEBUG: executeQuery: com.mysql.jdbc.PreparedStatement@10f41e9: SELECT A0.volume_id,A0.fname,A0.photo_id,A0.instance_type,A0.width,A0.height,A0.rotated FROM image_instances A0 WHERE A0.photo_id IN (18265,18389,18240,18245,18256,18211,18272,18260,18266,18268,18349,18252,18287,18261,18250,18246,18171,18229,18385,18207,18228,18185,18368,18345,18387,18306,18209,18388,18367,18270,18225,18208,18288,18226,18255,18307,18249,18350,18243,18366,18352,18206,18392,18258,18235,18210,18170,18233,18328,18254,18167,18247,18169,18325,18351,18305,18267,18227,18253,18205,18230,18285,18168,18248,18166,18239,18257,18232,18259,18326,18269,18386,18242,18346,18251,18264,18244,18236,18241,18188,18308,18263,18238,18348,18271,18212,18186,18347,18172,18286,18262,18391,18365,18327,18390,18187,18329,18237,18234,18231)
[org.apache.ojb.broker.accesslayer.JdbcAccessImpl] DEBUG: executeQuery: QueryByCriteria from class imginfo.ImageInstance  where [[photoUid IN [21325, 21125, 20514, 19254, 18485, 20156, 18593, 18893, 19865, 20405, 19616, 18445, 18406, 20045, 21253, 18896, 19505, 19253, 18469, 20693, 20765, 18408, 18596, 20333, 18405, 18426, 19074, 18465, 18466, 18765, 19434, 20153, 21345, 21205, 18486, 20516, 21368, 21054, 18785, 20696, 21245, 18894, 18428, 21370, 21053, 18487, 19436, 18472, 18447, 21485, 19613, 19796, 20876, 19433, 18685, 21249, 19145, 19325, 20336, 20225, 19974, 20585, 18665, 20154, 20334, 19256, 18407, 19073, 19793, 18745, 18467, 21056, 19794, 18594, 19076, 21256, 18488, 18470, 19976, 20694, 18471, 18448, 20513, 18446, 19614, 18427, 20945, 20873, 19973, 20874, 19685, 18425, 18468, 21254, 18965]]]
[org.apache.ojb.broker.accesslayer.JdbcAccessImpl] DEBUG: executeQuery: com.mysql.jdbc.PreparedStatement@b05acd: SELECT A0.volume_id,A0.fname,A0.photo_id,A0.instance_type,A0.width,A0.height,A0.rotated FROM image_instances A0 WHERE A0.photo_id IN (21325,21125,20514,19254,18485,20156,18593,18893,19865,20405,19616,18445,18406,20045,21253,18896,19505,19253,18469,20693,20765,18408,18596,20333,18405,18426,19074,18465,18466,18765,19434,20153,21345,21205,18486,20516,21368,21054,18785,20696,21245,18894,18428,21370,21053,18487,19436,18472,18447,21485,19613,19796,20876,19433,18685,21249,19145,19325,20336,20225,19974,20585,18665,20154,20334,19256,18407,19073,19793,18745,18467,21056,19794,18594,19076,21256,18488,18470,19976,20694,18471,18448,20513,18446,19614,18427,20945,20873,19973,20874,19685,18425,18468,21254,18965)
(imginfo.PhotoInfo                   68  ) Found photo with ID = 1 while looking for ID -1
[org.apache.ojb.broker.accesslayer.JdbcAccessImpl] DEBUG: executeQuery: QueryByCriteria from class imginfo.PhotoInfo  where [uid = 1]
[org.apache.ojb.broker.accesslayer.JdbcAccessImpl] DEBUG: executeQuery: com.mysql.jdbc.PreparedStatement@c5e9c: SELECT A0.photo_id,A0.shooting_place,A0.photographer,A0.f_stop,A0.focal_length,A0.shoot_time,A0.time_accuracy,A0.shutter_speed,A0.camera,A0.lens,A0.film,A0.film_speed,A0.pref_rotation,A0.description,A0.tech_notes,A0.photo_quality,A0.last_modified,A0.orig_fname FROM photos A0 WHERE A0.photo_id = 1
[org.apache.ojb.broker.accesslayer.JdbcAccessImpl] DEBUG: executeUpdate: imginfo.PhotoInfo@11756a4
[org.apache.ojb.broker.accesslayer.JdbcAccessImpl] DEBUG: executeUpdate: com.mysql.jdbc.PreparedStatement@4be2cc: UPDATE photos SET shooting_place='Testipaikka',photographer=null,f_stop=0.0,focal_length=0.0,shoot_time=null,time_accuracy=0.0,shutter_speed=0.0,camera=null,lens=null,film=null,film_speed=0,pref_rotation=0.0,description='testPhoto1',tech_notes=null,photo_quality=0,last_modified='2006-01-06 17:45:29',orig_fname=null WHERE photo_id = 1 
[org.apache.ojb.broker.accesslayer.JdbcAccessImpl] DEBUG: executeQuery: QueryByCriteria from class imginfo.PhotoInfo  where [uid = 1]
[org.apache.ojb.broker.accesslayer.JdbcAccessImpl] DEBUG: executeQuery: com.mysql.jdbc.PreparedStatement@1c208b0: SELECT A0.photo_id,A0.shooting_place,A0.photographer,A0.f_stop,A0.focal_length,A0.shoot_time,A0.time_accuracy,A0.shutter_speed,A0.camera,A0.lens,A0.film,A0.film_speed,A0.pref_rotation,A0.description,A0.tech_notes,A0.photo_quality,A0.last_modified,A0.orig_fname FROM photos A0 WHERE A0.photo_id = 1
[org.apache.ojb.broker.accesslayer.JdbcAccessImpl] DEBUG: executeUpdate: imginfo.PhotoInfo@11756a4
[org.apache.ojb.broker.accesslayer.JdbcAccessImpl] DEBUG: executeUpdate: com.mysql.jdbc.PreparedStatement@1d88db7: UPDATE photos SET shooting_place=null,photographer=null,f_stop=0.0,focal_length=0.0,shoot_time=null,time_accuracy=0.0,shutter_speed=0.0,camera=null,lens=null,film=null,film_speed=0,pref_rotation=0.0,description='testPhoto1',tech_notes=null,photo_quality=0,last_modified='2006-01-06 17:45:29',orig_fname=null WHERE photo_id = 1 
[org.apache.ojb.broker.accesslayer.JdbcAccessImpl] DEBUG: executeQuery: QueryByCriteria from class imginfo.PhotoInfo  where [uid = 1]
[org.apache.ojb.broker.accesslayer.JdbcAccessImpl] DEBUG: executeQuery: com.mysql.jdbc.PreparedStatement@31f2a7: SELECT A0.photo_id,A0.shooting_place,A0.photographer,A0.f_stop,A0.focal_length,A0.shoot_time,A0.time_accuracy,A0.shutter_speed,A0.camera,A0.lens,A0.film,A0.film_speed,A0.pref_rotation,A0.description,A0.tech_notes,A0.photo_quality,A0.last_modified,A0.orig_fname FROM photos A0 WHERE A0.photo_id = 1
[org.apache.ojb.broker.accesslayer.JdbcAccessImpl] DEBUG: executeUpdate: imginfo.PhotoInfo@11756a4
[org.apache.ojb.broker.accesslayer.JdbcAccessImpl] DEBUG: executeUpdate: com.mysql.jdbc.PreparedStatement@1e9c82e: UPDATE photos SET shooting_place=null,photographer=null,f_stop=0.0,focal_length=0.0,shoot_time=null,time_accuracy=0.0,shutter_speed=0.0,camera=null,lens=null,film=null,film_speed=0,pref_rotation=0.0,description='testPhoto1',tech_notes=null,photo_quality=0,last_modified='2006-01-06 17:45:29',orig_fname=null WHERE photo_id = 1 
[org.apache.ojb.broker.accesslayer.JdbcAccessImpl] DEBUG: executeQuery: QueryByCriteria from class imginfo.PhotoInfo  where [uid = 1]
[org.apache.ojb.broker.accesslayer.JdbcAccessImpl] DEBUG: executeQuery: com.mysql.jdbc.PreparedStatement@13f136e: SELECT A0.photo_id,A0.shooting_place,A0.photographer,A0.f_stop,A0.focal_length,A0.shoot_time,A0.time_accuracy,A0.shutter_speed,A0.camera,A0.lens,A0.film,A0.film_speed,A0.pref_rotation,A0.description,A0.tech_notes,A0.photo_quality,A0.last_modified,A0.orig_fname FROM photos A0 WHERE A0.photo_id = 1
[org.apache.ojb.broker.accesslayer.JdbcAccessImpl] DEBUG: executeUpdate: imginfo.PhotoInfo@11756a4
[org.apache.ojb.broker.accesslayer.JdbcAccessImpl] DEBUG: executeUpdate: com.mysql.jdbc.PreparedStatement@82751: UPDATE photos SET shooting_place=null,photographer=null,f_stop=0.0,focal_length=0.0,shoot_time=null,time_accuracy=0.0,shutter_speed=0.0,camera=null,lens=null,film=null,film_speed=0,pref_rotation=0.0,description='testPhoto1',tech_notes=null,photo_quality=0,last_modified='2006-01-06 17:45:29',orig_fname=null WHERE photo_id = 1 
[org.apache.ojb.broker.accesslayer.JdbcAccessImpl] DEBUG: executeInsert: imginfo.PhotoInfo@1202d69
[org.apache.ojb.broker.accesslayer.JdbcAccessImpl] DEBUG: executeUpdate: org.apache.ojb.broker.util.sequence.HighLowSequence@1a19458[name=SEQ_photos,grabSize=20,version=185,maxKey=21604,currentKey=21584]
[org.apache.ojb.broker.accesslayer.JdbcAccessImpl] DEBUG: executeUpdate: com.mysql.jdbc.PreparedStatement@1124746: UPDATE OJB_HL_SEQ SET MAX_KEY=21604,GRAB_SIZE=20,VERSION=186 WHERE TABLENAME = 'SEQ_photos'  AND VERSION = 185 
[org.apache.ojb.broker.accesslayer.JdbcAccessImpl] DEBUG: executeInsert: com.mysql.jdbc.PreparedStatement@105691e: INSERT INTO photos (photo_id,shooting_place,photographer,f_stop,focal_length,shoot_time,time_accuracy,shutter_speed,camera,lens,film,film_speed,pref_rotation,description,tech_notes,photo_quality,last_modified,orig_fname) VALUES (21585,null,null,0.0,0.0,null,0.0,0.0,null,null,null,0,0.0,null,null,0,null,null) 
[org.apache.ojb.broker.accesslayer.JdbcAccessImpl] DEBUG: executeUpdate: imginfo.PhotoInfo@1202d69
[org.apache.ojb.broker.accesslayer.JdbcAccessImpl] DEBUG: executeUpdate: com.mysql.jdbc.PreparedStatement@11f23e5: UPDATE photos SET shooting_place=null,photographer='TESTIKUVAAJA',f_stop=0.0,focal_length=0.0,shoot_time=null,time_accuracy=0.0,shutter_speed=0.0,camera=null,lens=null,film=null,film_speed=0,pref_rotation=0.0,description=null,tech_notes=null,photo_quality=0,last_modified='2006-01-06 17:45:29',orig_fname=null WHERE photo_id = 21585 
[org.apache.ojb.broker.accesslayer.JdbcAccessImpl] DEBUG: executeUpdate: imginfo.PhotoInfo@1202d69
[org.apache.ojb.broker.accesslayer.JdbcAccessImpl] DEBUG: executeUpdate: com.mysql.jdbc.PreparedStatement@7e8c4d: UPDATE photos SET shooting_place='TESTPLACE',photographer='TESTIKUVAAJA',f_stop=0.0,focal_length=0.0,shoot_time=null,time_accuracy=0.0,shutter_speed=0.0,camera=null,lens=null,film=null,film_speed=0,pref_rotation=0.0,description=null,tech_notes=null,photo_quality=0,last_modified='2006-01-06 17:45:29',orig_fname=null WHERE photo_id = 21585 
[org.apache.ojb.broker.accesslayer.JdbcAccessImpl] DEBUG: executeUpdate: imginfo.PhotoInfo@1202d69
[org.apache.ojb.broker.accesslayer.JdbcAccessImpl] DEBUG: executeUpdate: com.mysql.jdbc.PreparedStatement@e29820: UPDATE photos SET shooting_place='TESTPLACE',photographer='TESTIKUVAAJA',f_stop=0.0,focal_length=0.0,shoot_time='2006-01-06 17:45:29',time_accuracy=0.0,shutter_speed=0.0,camera=null,lens=null,film=null,film_speed=0,pref_rotation=0.0,description=null,tech_notes=null,photo_quality=0,last_modified='2006-01-06 17:45:29',orig_fname=null WHERE photo_id = 21585 
[org.apache.ojb.broker.accesslayer.JdbcAccessImpl] DEBUG: executeUpdate: imginfo.PhotoInfo@1202d69
[org.apache.ojb.broker.accesslayer.JdbcAccessImpl] DEBUG: executeUpdate: com.mysql.jdbc.PreparedStatement@987a33: UPDATE photos SET shooting_place='TESTPLACE',photographer='TESTIKUVAAJA',f_stop=5.6,focal_length=0.0,shoot_time='2006-01-06 17:45:29',time_accuracy=0.0,shutter_speed=0.0,camera=null,lens=null,film=null,film_speed=0,pref_rotation=0.0,description=null,tech_notes=null,photo_quality=0,last_modified='2006-01-06 17:45:29',orig_fname=null WHERE photo_id = 21585 
[org.apache.ojb.broker.accesslayer.JdbcAccessImpl] DEBUG: executeUpdate: imginfo.PhotoInfo@1202d69
[org.apache.ojb.broker.accesslayer.JdbcAccessImpl] DEBUG: executeUpdate: com.mysql.jdbc.PreparedStatement@118d189: UPDATE photos SET shooting_place='TESTPLACE',photographer='TESTIKUVAAJA',f_stop=5.6,focal_length=0.0,shoot_time='2006-01-06 17:45:29',time_accuracy=0.0,shutter_speed=0.04,camera=null,lens=null,film=null,film_speed=0,pref_rotation=0.0,description=null,tech_notes=null,photo_quality=0,last_modified='2006-01-06 17:45:29',orig_fname=null WHERE photo_id = 21585 
[org.apache.ojb.broker.accesslayer.JdbcAccessImpl] DEBUG: executeUpdate: imginfo.PhotoInfo@1202d69
[org.apache.ojb.broker.accesslayer.JdbcAccessImpl] DEBUG: executeUpdate: com.mysql.jdbc.PreparedStatement@1551b0: UPDATE photos SET shooting_place='TESTPLACE',photographer='TESTIKUVAAJA',f_stop=5.6,focal_length=50.0,shoot_time='2006-01-06 17:45:29',time_accuracy=0.0,shutter_speed=0.04,camera=null,lens=null,film=null,film_speed=0,pref_rotation=0.0,description=null,tech_notes=null,photo_quality=0,last_modified='2006-01-06 17:45:29',orig_fname=null WHERE photo_id = 21585 
[org.apache.ojb.broker.accesslayer.JdbcAccessImpl] DEBUG: executeUpdate: imginfo.PhotoInfo@1202d69
[org.apache.ojb.broker.accesslayer.JdbcAccessImpl] DEBUG: executeUpdate: com.mysql.jdbc.PreparedStatement@1c391c3: UPDATE photos SET shooting_place='TESTPLACE',photographer='TESTIKUVAAJA',f_stop=5.6,focal_length=50.0,shoot_time='2006-01-06 17:45:29',time_accuracy=0.0,shutter_speed=0.04,camera='Canon FTb',lens=null,film=null,film_speed=0,pref_rotation=0.0,description=null,tech_notes=null,photo_quality=0,last_modified='2006-01-06 17:45:29',orig_fname=null WHERE photo_id = 21585 
[org.apache.ojb.broker.accesslayer.JdbcAccessImpl] DEBUG: executeUpdate: imginfo.PhotoInfo@1202d69
[org.apache.ojb.broker.accesslayer.JdbcAccessImpl] DEBUG: executeUpdate: com.mysql.jdbc.PreparedStatement@1e67e6a: UPDATE photos SET shooting_place='TESTPLACE',photographer='TESTIKUVAAJA',f_stop=5.6,focal_length=50.0,shoot_time='2006-01-06 17:45:29',time_accuracy=0.0,shutter_speed=0.04,camera='Canon FTb',lens=null,film='Tri-X',film_speed=0,pref_rotation=0.0,description=null,tech_notes=null,photo_quality=0,last_modified='2006-01-06 17:45:29',orig_fname=null WHERE photo_id = 21585 
[org.apache.ojb.broker.accesslayer.JdbcAccessImpl] DEBUG: executeUpdate: imginfo.PhotoInfo@1202d69
[org.apache.ojb.broker.accesslayer.JdbcAccessImpl] DEBUG: executeUpdate: com.mysql.jdbc.PreparedStatement@6ed322: UPDATE photos SET shooting_place='TESTPLACE',photographer='TESTIKUVAAJA',f_stop=5.6,focal_length=50.0,shoot_time='2006-01-06 17:45:29',time_accuracy=0.0,shutter_speed=0.04,camera='Canon FTb',lens=null,film='Tri-X',film_speed=400,pref_rotation=0.0,description=null,tech_notes=null,photo_quality=0,last_modified='2006-01-06 17:45:29',orig_fname=null WHERE photo_id = 21585 
[org.apache.ojb.broker.accesslayer.JdbcAccessImpl] DEBUG: executeUpdate: imginfo.PhotoInfo@1202d69
[org.apache.ojb.broker.accesslayer.JdbcAccessImpl] DEBUG: executeUpdate: com.mysql.jdbc.PreparedStatement@bf053f: UPDATE photos SET shooting_place='TESTPLACE',photographer='TESTIKUVAAJA',f_stop=5.6,focal_length=50.0,shoot_time='2006-01-06 17:45:29',time_accuracy=0.0,shutter_speed=0.04,camera='Canon FTb',lens='Canon FD 50mm/F1.4',film='Tri-X',film_speed=400,pref_rotation=0.0,description=null,tech_notes=null,photo_quality=0,last_modified='2006-01-06 17:45:29',orig_fname=null WHERE photo_id = 21585 
[org.apache.ojb.broker.accesslayer.JdbcAccessImpl] DEBUG: executeUpdate: imginfo.PhotoInfo@1202d69
[org.apache.ojb.broker.accesslayer.JdbcAccessImpl] DEBUG: executeUpdate: com.mysql.jdbc.PreparedStatement@18330bf: UPDATE photos SET shooting_place='TESTPLACE',photographer='TESTIKUVAAJA',f_stop=5.6,focal_length=50.0,shoot_time='2006-01-06 17:45:29',time_accuracy=0.0,shutter_speed=0.04,camera='Canon FTb',lens='Canon FD 50mm/F1.4',film='Tri-X',film_speed=400,pref_rotation=0.0,description='This is a long test description that tries to verify that the description mechanism really works',tech_notes=null,photo_quality=0,last_modified='2006-01-06 17:45:29',orig_fname=null WHERE photo_id = 21585 
[org.apache.ojb.broker.accesslayer.JdbcAccessImpl] DEBUG: executeQuery: QueryByCriteria from class imginfo.PhotoInfo  where [uid = 21585]
[org.apache.ojb.broker.accesslayer.JdbcAccessImpl] DEBUG: executeQuery: com.mysql.jdbc.PreparedStatement@18b8914: SELECT A0.photo_id,A0.shooting_place,A0.photographer,A0.f_stop,A0.focal_length,A0.shoot_time,A0.time_accuracy,A0.shutter_speed,A0.camera,A0.lens,A0.film,A0.film_speed,A0.pref_rotation,A0.description,A0.tech_notes,A0.photo_quality,A0.last_modified,A0.orig_fname FROM photos A0 WHERE A0.photo_id = 21585
[org.apache.ojb.broker.accesslayer.JdbcAccessImpl] DEBUG: executeDelete: imginfo.PhotoInfo@1202d69
[org.apache.ojb.broker.accesslayer.JdbcAccessImpl] DEBUG: executeDelete: com.mysql.jdbc.PreparedStatement@10e35d5: DELETE FROM photos WHERE photo_id = 21585 
[org.apache.ojb.broker.accesslayer.JdbcAccessImpl] DEBUG: executeInsert: imginfo.PhotoInfo@1ce85c4
[org.apache.ojb.broker.accesslayer.JdbcAccessImpl] DEBUG: executeInsert: com.mysql.jdbc.PreparedStatement@1b03c1a: INSERT INTO photos (photo_id,shooting_place,photographer,f_stop,focal_length,shoot_time,time_accuracy,shutter_speed,camera,lens,film,film_speed,pref_rotation,description,tech_notes,photo_quality,last_modified,orig_fname) VALUES (21586,null,null,0.0,0.0,null,0.0,0.0,null,null,null,0,0.0,null,null,0,null,null) 
[org.apache.ojb.broker.accesslayer.JdbcAccessImpl] DEBUG: executeDelete: imginfo.PhotoInfo@1ce85c4
[org.apache.ojb.broker.accesslayer.JdbcAccessImpl] DEBUG: executeDelete: com.mysql.jdbc.PreparedStatement@51127a: DELETE FROM photos WHERE photo_id = 21586 
[org.apache.ojb.broker.accesslayer.JdbcAccessImpl] DEBUG: executeInsert: imginfo.PhotoInfo@12bf892
[...]
[org.apache.ojb.broker.accesslayer.JdbcAccessImpl] DEBUG: executeQuery: QueryByCriteria from class imginfo.PhotoInfo  where [uid = 21705]
[org.apache.ojb.broker.accesslayer.JdbcAccessImpl] DEBUG: executeQuery: com.mysql.jdbc.PreparedStatement@1328c7a: SELECT A0.photo_id,A0.shooting_place,A0.photographer,A0.f_stop,A0.focal_length,A0.shoot_time,A0.time_accuracy,A0.shutter_speed,A0.camera,A0.lens,A0.film,A0.film_speed,A0.pref_rotation,A0.description,A0.tech_notes,A0.photo_quality,A0.last_modified,A0.orig_fname FROM photos A0 WHERE A0.photo_id = 21705
[org.apache.ojb.broker.accesslayer.JdbcAccessImpl] DEBUG: executeDelete: imginfo.PhotoInfo@1682598
[org.apache.ojb.broker.accesslayer.JdbcAccessImpl] DEBUG: executeDelete: com.mysql.jdbc.PreparedStatement@c01e99: DELETE FROM photos WHERE photo_id = 21705 
[org.apache.ojb.broker.accesslayer.JdbcAccessImpl] DEBUG: executeInsert: imginfo.PhotoInfo@1eb0
[org.apache.ojb.broker.accesslayer.JdbcAccessImpl] DEBUG: executeInsert: com.mysql.jdbc.PreparedStatement@1dee400: INSERT INTO photos (photo_id,shooting_place,photographer,f_stop,focal_length,shoot_time,time_accuracy,shutter_speed,camera,lens,film,film_speed,pref_rotation,description,tech_notes,photo_quality,last_modified,orig_fname) VALUES (21706,null,null,0.0,0.0,null,0.0,0.0,null,null,null,0,0.0,null,null,0,null,null) 
[org.apache.ojb.broker.accesslayer.JdbcAccessImpl] DEBUG: executeUpdate: imginfo.PhotoInfo@1eb0
[org.apache.ojb.broker.accesslayer.JdbcAccessImpl] DEBUG: executeUpdate: com.mysql.jdbc.PreparedStatement@11756a4: UPDATE photos SET shooting_place=null,photographer='TESTIKUVAAJA',f_stop=0.0,focal_length=0.0,shoot_time=null,time_accuracy=0.0,shutter_speed=0.0,camera=null,lens=null,film=null,film_speed=0,pref_rotation=0.0,description=null,tech_notes=null,photo_quality=0,last_modified='2006-01-06 17:46:38',orig_fname=null WHERE photo_id = 21706 
[org.apache.ojb.broker.accesslayer.JdbcAccessImpl] DEBUG: executeUpdate: imginfo.PhotoInfo@1eb0
[org.apache.ojb.broker.accesslayer.JdbcAccessImpl] DEBUG: executeUpdate: com.mysql.jdbc.PreparedStatement@141fab6: UPDATE photos SET shooting_place=null,photographer='TESTIKUVAAJA',f_stop=5.6,focal_length=0.0,shoot_time=null,time_accuracy=0.0,shutter_speed=0.0,camera=null,lens=null,film=null,film_speed=0,pref_rotation=0.0,description=null,tech_notes=null,photo_quality=0,last_modified='2006-01-06 17:46:38',orig_fname=null WHERE photo_id = 21706 
[org.apache.ojb.broker.accesslayer.JdbcAccessImpl] DEBUG: executeDelete: imginfo.PhotoInfo@1eb0
[org.apache.ojb.broker.accesslayer.JdbcAccessImpl] DEBUG: executeDelete: com.mysql.jdbc.PreparedStatement@1202d69: DELETE FROM photos WHERE photo_id = 21706 
[org.apache.ojb.broker.accesslayer.JdbcAccessImpl] DEBUG: executeInsert: imginfo.PhotoInfo@1d439fe
[org.apache.ojb.broker.accesslayer.JdbcAccessImpl] DEBUG: executeInsert: com.mysql.jdbc.PreparedStatement@2b7db1: INSERT INTO photos (photo_id,shooting_place,photographer,f_stop,focal_length,shoot_time,time_accuracy,shutter_speed,camera,lens,film,film_speed,pref_rotation,description,tech_notes,photo_quality,last_modified,orig_fname) VALUES (21707,null,null,0.0,0.0,null,0.0,0.0,null,null,null,0,0.0,null,null,0,null,null) 
[org.apache.ojb.broker.accesslayer.JdbcAccessImpl] DEBUG: executeUpdate: imginfo.PhotoInfo@1d439fe
[org.apache.ojb.broker.accesslayer.JdbcAccessImpl] DEBUG: executeUpdate: com.mysql.jdbc.PreparedStatement@1c5466b: UPDATE photos SET shooting_place=null,photographer='TESTIKUVAAJA',f_stop=0.0,focal_length=0.0,shoot_time=null,time_accuracy=0.0,shutter_speed=0.0,camera=null,lens=null,film=null,film_speed=0,pref_rotation=0.0,description=null,tech_notes=null,photo_quality=0,last_modified='2006-01-06 17:46:38',orig_fname=null WHERE photo_id = 21707 
[org.apache.ojb.broker.accesslayer.JdbcAccessImpl] DEBUG: executeUpdate: imginfo.PhotoInfo@1d439fe
[org.apache.ojb.broker.accesslayer.JdbcAccessImpl] DEBUG: executeUpdate: com.mysql.jdbc.PreparedStatement@1815338: UPDATE photos SET shooting_place=null,photographer='TESTIKUVAAJA',f_stop=5.6,focal_length=0.0,shoot_time=null,time_accuracy=0.0,shutter_speed=0.0,camera=null,lens=null,film=null,film_speed=0,pref_rotation=0.0,description=null,tech_notes=null,photo_quality=0,last_modified='2006-01-06 17:46:38',orig_fname=null WHERE photo_id = 21707 
[org.apache.ojb.broker.accesslayer.JdbcAccessImpl] DEBUG: executeInsert: imginfo.PhotoInfo@12368df
[org.apache.ojb.broker.accesslayer.JdbcAccessImpl] DEBUG: executeInsert: com.mysql.jdbc.PreparedStatement@1b4c1d7: INSERT INTO photos (photo_id,shooting_place,photographer,f_stop,focal_length,shoot_time,time_accuracy,shutter_speed,camera,lens,film,film_speed,pref_rotation,description,tech_notes,photo_quality,last_modified,orig_fname) VALUES (21708,null,'Test photographer',0.0,0.0,null,0.0,0.0,null,null,null,0,0.0,null,null,0,'2006-01-06 17:46:38','test1.jpg') 
[org.apache.ojb.broker.accesslayer.JdbcAccessImpl] DEBUG: executeInsert: imginfo.ImageInstance@221e9e
[org.apache.ojb.broker.accesslayer.JdbcAccessImpl] DEBUG: executeInsert: com.mysql.jdbc.PreparedStatement@83e1e: INSERT INTO image_instances (volume_id,fname,photo_id,instance_type,width,height,rotated) VALUES ('junitVolume','20050405_00391.jpg',21708,'original',2560,1920,0.0) 
[org.apache.ojb.broker.accesslayer.JdbcAccessImpl] DEBUG: executeQuery: QueryByCriteria from class imginfo.PhotoInfo  where [uid = 21708]
[org.apache.ojb.broker.accesslayer.JdbcAccessImpl] DEBUG: executeQuery: com.mysql.jdbc.PreparedStatement@430b6: SELECT A0.photo_id,A0.shooting_place,A0.photographer,A0.f_stop,A0.focal_length,A0.shoot_time,A0.time_accuracy,A0.shutter_speed,A0.camera,A0.lens,A0.film,A0.film_speed,A0.pref_rotation,A0.description,A0.tech_notes,A0.photo_quality,A0.last_modified,A0.orig_fname FROM photos A0 WHERE A0.photo_id = 21708
[org.apache.ojb.broker.accesslayer.JdbcAccessImpl] DEBUG: executeUpdate: imginfo.PhotoInfo@12368df
[org.apache.ojb.broker.accesslayer.JdbcAccessImpl] DEBUG: executeUpdate: com.mysql.jdbc.PreparedStatement@1797795: UPDATE photos SET shooting_place=null,photographer='New photographer',f_stop=0.0,focal_length=0.0,shoot_time=null,time_accuracy=0.0,shutter_speed=0.0,camera=null,lens=null,film=null,film_speed=0,pref_rotation=0.0,description=null,tech_notes=null,photo_quality=0,last_modified='2006-01-06 17:46:39',orig_fname='test1.jpg' WHERE photo_id = 21708 
[org.apache.ojb.broker.accesslayer.JdbcAccessImpl] DEBUG: executeQuery: QueryByCriteria from class imginfo.PhotoInfo  where [uid = 21708]
[org.apache.ojb.broker.accesslayer.JdbcAccessImpl] DEBUG: executeQuery: com.mysql.jdbc.PreparedStatement@1e12f6d: SELECT A0.photo_id,A0.shooting_place,A0.photographer,A0.f_stop,A0.focal_length,A0.shoot_time,A0.time_accuracy,A0.shutter_speed,A0.camera,A0.lens,A0.film,A0.film_speed,A0.pref_rotation,A0.description,A0.tech_notes,A0.photo_quality,A0.last_modified,A0.orig_fname FROM photos A0 WHERE A0.photo_id = 21708
[org.apache.ojb.broker.accesslayer.JdbcAccessImpl] DEBUG: executeDelete: imginfo.ImageInstance@221e9e
[org.apache.ojb.broker.accesslayer.JdbcAccessImpl] DEBUG: executeDelete: com.mysql.jdbc.PreparedStatement@182ef6b: DELETE FROM image_instances WHERE volume_id = 'junitVolume'  AND fname = '20050405_00391.jpg' 
[org.apache.ojb.broker.accesslayer.JdbcAccessImpl] DEBUG: executeDelete: imginfo.PhotoInfo@12368df
[org.apache.ojb.broker.accesslayer.JdbcAccessImpl] DEBUG: executeDelete: com.mysql.jdbc.PreparedStatement@1347124: DELETE FROM photos WHERE photo_id = 21708 
[org.apache.ojb.broker.accesslayer.JdbcAccessImpl] DEBUG: executeDelete: imginfo.PhotoInfo@1d439fe
[org.apache.ojb.broker.accesslayer.JdbcAccessImpl] DEBUG: executeDelete: com.mysql.jdbc.PreparedStatement@b957ea: DELETE FROM photos WHERE photo_id = 21707 
[org.apache.ojb.broker.accesslayer.JdbcAccessImpl] DEBUG: executeInsert: imginfo.PhotoInfo@a53de4
[org.apache.ojb.broker.accesslayer.JdbcAccessImpl] DEBUG: executeInsert: com.mysql.jdbc.PreparedStatement@827968: INSERT INTO photos (photo_id,shooting_place,photographer,f_stop,focal_length,shoot_time,time_accuracy,shutter_speed,camera,lens,film,film_speed,pref_rotation,description,tech_notes,photo_quality,last_modified,orig_fname) VALUES (21709,null,null,0.0,0.0,null,0.0,0.0,null,null,null,0,0.0,null,null,0,null,null) 
[org.apache.ojb.broker.accesslayer.JdbcAccessImpl] DEBUG: executeUpdate: imginfo.PhotoInfo@a53de4
[org.apache.ojb.broker.accesslayer.JdbcAccessImpl] DEBUG: executeUpdate: com.mysql.jdbc.PreparedStatement@b4be3d: UPDATE photos SET shooting_place=null,photographer='TESTIKUVAAJA',f_stop=0.0,focal_length=0.0,shoot_time=null,time_accuracy=0.0,shutter_speed=0.0,camera=null,lens=null,film=null,film_speed=0,pref_rotation=0.0,description=null,tech_notes=null,photo_quality=0,last_modified='2006-01-06 17:46:39',orig_fname=null WHERE photo_id = 21709 
[org.apache.ojb.broker.accesslayer.JdbcAccessImpl] DEBUG: executeUpdate: imginfo.PhotoInfo@a53de4
[org.apache.ojb.broker.accesslayer.JdbcAccessImpl] DEBUG: executeUpdate: com.mysql.jdbc.PreparedStatement@18bd7f1: UPDATE photos SET shooting_place=null,photographer='TESTIKUVAAJA',f_stop=5.6,focal_length=0.0,shoot_time=null,time_accuracy=0.0,shutter_speed=0.0,camera=null,lens=null,film=null,film_speed=0,pref_rotation=0.0,description=null,tech_notes=null,photo_quality=0,last_modified='2006-01-06 17:46:39',orig_fname=null WHERE photo_id = 21709 
[org.apache.ojb.broker.accesslayer.JdbcAccessImpl] DEBUG: executeInsert: imginfo.PhotoInfo@20fa83
[org.apache.ojb.broker.accesslayer.JdbcAccessImpl] DEBUG: executeInsert: com.mysql.jdbc.PreparedStatement@11eb199: INSERT INTO photos (photo_id,shooting_place,photographer,f_stop,focal_length,shoot_time,time_accuracy,shutter_speed,camera,lens,film,film_speed,pref_rotation,description,tech_notes,photo_quality,last_modified,orig_fname) VALUES (21710,null,'Test photographer',0.0,0.0,null,0.0,0.0,null,null,null,0,0.0,null,null,0,'2006-01-06 17:46:39',null) 
[org.apache.ojb.broker.accesslayer.JdbcAccessImpl] DEBUG: executeQuery: QueryByCriteria from class imginfo.PhotoInfo  where [uid = 21710]
[org.apache.ojb.broker.accesslayer.JdbcAccessImpl] DEBUG: executeQuery: com.mysql.jdbc.PreparedStatement@29c204: SELECT A0.photo_id,A0.shooting_place,A0.photographer,A0.f_stop,A0.focal_length,A0.shoot_time,A0.time_accuracy,A0.shutter_speed,A0.camera,A0.lens,A0.film,A0.film_speed,A0.pref_rotation,A0.description,A0.tech_notes,A0.photo_quality,A0.last_modified,A0.orig_fname FROM photos A0 WHERE A0.photo_id = 21710
[org.apache.ojb.broker.accesslayer.JdbcAccessImpl] DEBUG: executeDelete: imginfo.PhotoInfo@20fa83
[org.apache.ojb.broker.accesslayer.JdbcAccessImpl] DEBUG: executeDelete: com.mysql.jdbc.PreparedStatement@4cd580: DELETE FROM photos WHERE photo_id = 21710 
[org.apache.ojb.broker.accesslayer.JdbcAccessImpl] DEBUG: executeDelete: imginfo.PhotoInfo@a53de4
[org.apache.ojb.broker.accesslayer.JdbcAccessImpl] DEBUG: executeDelete: com.mysql.jdbc.PreparedStatement@e576d4: DELETE FROM photos WHERE photo_id = 21709 
]]></system-out>

      <system-err><![CDATA[getNewFname Tue Apr 05 22:14:55 EEST 2005 jpg
YearDir: test_volume\junitVolume\2005
MontDir: test_volume\junitVolume\2005\200504
]]></system-err>

  </testsuite>
  <testsuite errors="0" failures="2" id="13" name="Test_ThumbnailView" package="photovault.swingui" tests="2" time="4.616">
  
    <properties>
[...]
</properties>

      <testcase classname="photovault.swingui.Test_ThumbnailView" name="testThumbnailShow" time="3.234">
    
      <failure type="junit.framework.AssertionFailedError">junit.framework.AssertionFailedError
	at photovault.swingui.Test_ThumbnailView.testThumbnailShow(Test_ThumbnailView.java:80)
</failure>

      </testcase>

      <testcase classname="photovault.swingui.Test_ThumbnailView" name="testRotationChange" time="1.322">
    
      <failure message="thumbnailRotationn not correct" type="junit.framework.AssertionFailedError">junit.framework.AssertionFailedError: thumbnailRotationn not correct
	at photovault.swingui.Test_ThumbnailView.testRotationChange(Test_ThumbnailView.java:107)
</failure>

      </testcase>

      <system-out><![CDATA[(common.JUnitOJBManager              28  ) Initializing OB for JUnit tests
photovault.configfile conf/junittest_config.xml
conf\junittest_config.xml
[org.apache.ojb.broker.accesslayer.JdbcAccessImpl] DEBUG: executeQuery: QueryByCriteria from class photovault.folder.PhotoFolder  where [folderId = 1]
[org.apache.ojb.broker.accesslayer.JdbcAccessImpl] DEBUG: executeQuery: com.mysql.jdbc.PreparedStatement@d17ec3: SELECT A0.collection_id,A0.collection_name,A0.COLLECTION_DESC,A0.parent FROM photo_collections A0 WHERE A0.collection_id = 1
[org.apache.ojb.broker.accesslayer.JdbcAccessImpl] DEBUG: executeInsert: imginfo.PhotoInfo@dfcb47
[org.apache.ojb.broker.accesslayer.JdbcAccessImpl] DEBUG: executeUpdate: org.apache.ojb.broker.util.sequence.HighLowSequence@eafb71[name=SEQ_photos,grabSize=20,version=192,maxKey=21744,currentKey=21724]
[org.apache.ojb.broker.accesslayer.JdbcAccessImpl] DEBUG: executeUpdate: com.mysql.jdbc.PreparedStatement@121df2a: UPDATE OJB_HL_SEQ SET MAX_KEY=21744,GRAB_SIZE=20,VERSION=193 WHERE TABLENAME = 'SEQ_photos'  AND VERSION = 192 
[org.apache.ojb.broker.accesslayer.JdbcAccessImpl] DEBUG: executeInsert: com.mysql.jdbc.PreparedStatement@4ab2f: INSERT INTO photos (photo_id,shooting_place,photographer,f_stop,focal_length,shoot_time,time_accuracy,shutter_speed,camera,lens,film,film_speed,pref_rotation,description,tech_notes,photo_quality,last_modified,orig_fname) VALUES (21725,null,null,3.5,12.91796875,'2002-11-02 14:33:35',0.0,0.1,'Minolta Co., Ltd. DiMAGE 7i',null,null,400,0.0,null,null,0,'2006-01-06 17:46:41','test1.jpg') 
[org.apache.ojb.broker.accesslayer.JdbcAccessImpl] DEBUG: executeInsert: imginfo.ImageInstance@82d210
[org.apache.ojb.broker.accesslayer.JdbcAccessImpl] DEBUG: executeInsert: com.mysql.jdbc.PreparedStatement@ad2c30: INSERT INTO image_instances (volume_id,fname,photo_id,instance_type,width,height,rotated) VALUES ('junitVolume','20050405_00391.jpg',21725,'original',2560,1920,0.0) 
[org.apache.ojb.broker.accesslayer.JdbcAccessImpl] DEBUG: executeUpdate: imginfo.PhotoInfo@dfcb47
[org.apache.ojb.broker.accesslayer.JdbcAccessImpl] DEBUG: executeUpdate: com.mysql.jdbc.PreparedStatement@903025: UPDATE photos SET shooting_place='TESSTPLACE',photographer=null,f_stop=3.5,focal_length=12.91796875,shoot_time='2002-11-02 14:33:35',time_accuracy=0.0,shutter_speed=0.1,camera='Minolta Co., Ltd. DiMAGE 7i',lens=null,film=null,film_speed=400,pref_rotation=0.0,description=null,tech_notes=null,photo_quality=0,last_modified='2006-01-06 17:46:41',orig_fname='test1.jpg' WHERE photo_id = 21725 
[org.apache.ojb.broker.accesslayer.JdbcAccessImpl] DEBUG: executeInsert: imginfo.ImageInstance@1cf662f
[org.apache.ojb.broker.accesslayer.JdbcAccessImpl] DEBUG: executeInsert: com.mysql.jdbc.PreparedStatement@13dd208: INSERT INTO image_instances (volume_id,fname,photo_id,instance_type,width,height,rotated) VALUES ('junitVolume','20021102_00047.jpg',21725,'thumbnail',100,75,0.0) 
(swingui.ThumbnailView               54  ) Accuracy = 0
(swingui.ThumbnailView               54  ) Accuracy = 0
[org.apache.ojb.broker.accesslayer.JdbcAccessImpl] DEBUG: executeDelete: imginfo.ImageInstance@82d210
[org.apache.ojb.broker.accesslayer.JdbcAccessImpl] DEBUG: executeDelete: com.mysql.jdbc.PreparedStatement@a33ce2: DELETE FROM image_instances WHERE volume_id = 'junitVolume'  AND fname = '20050405_00391.jpg' 
[org.apache.ojb.broker.accesslayer.JdbcAccessImpl] DEBUG: executeDelete: imginfo.ImageInstance@1cf662f
[org.apache.ojb.broker.accesslayer.JdbcAccessImpl] DEBUG: executeDelete: com.mysql.jdbc.PreparedStatement@f221f6: DELETE FROM image_instances WHERE volume_id = 'junitVolume'  AND fname = '20021102_00047.jpg' 
[org.apache.ojb.broker.accesslayer.JdbcAccessImpl] DEBUG: executeDelete: imginfo.PhotoInfo@dfcb47
[org.apache.ojb.broker.accesslayer.JdbcAccessImpl] DEBUG: executeDelete: com.mysql.jdbc.PreparedStatement@93c4f1: DELETE FROM photos WHERE photo_id = 21725 
[org.apache.ojb.broker.accesslayer.JdbcAccessImpl] DEBUG: executeInsert: imginfo.PhotoInfo@61ec49
[org.apache.ojb.broker.accesslayer.JdbcAccessImpl] DEBUG: executeInsert: com.mysql.jdbc.PreparedStatement@1248f2b: INSERT INTO photos (photo_id,shooting_place,photographer,f_stop,focal_length,shoot_time,time_accuracy,shutter_speed,camera,lens,film,film_speed,pref_rotation,description,tech_notes,photo_quality,last_modified,orig_fname) VALUES (21726,null,null,3.5,12.91796875,'2002-11-02 14:33:35',0.0,0.1,'Minolta Co., Ltd. DiMAGE 7i',null,null,400,0.0,null,null,0,'2006-01-06 17:46:44','test1.jpg') 
[org.apache.ojb.broker.accesslayer.JdbcAccessImpl] DEBUG: executeInsert: imginfo.ImageInstance@1336006
[org.apache.ojb.broker.accesslayer.JdbcAccessImpl] DEBUG: executeInsert: com.mysql.jdbc.PreparedStatement@1e536d6: INSERT INTO image_instances (volume_id,fname,photo_id,instance_type,width,height,rotated) VALUES ('junitVolume','20050405_00392.jpg',21726,'original',2560,1920,0.0) 
[org.apache.ojb.broker.accesslayer.JdbcAccessImpl] DEBUG: executeUpdate: imginfo.PhotoInfo@61ec49
[org.apache.ojb.broker.accesslayer.JdbcAccessImpl] DEBUG: executeUpdate: com.mysql.jdbc.PreparedStatement@651e95: UPDATE photos SET shooting_place='TESSTPLACE',photographer=null,f_stop=3.5,focal_length=12.91796875,shoot_time='2002-11-02 14:33:35',time_accuracy=0.0,shutter_speed=0.1,camera='Minolta Co., Ltd. DiMAGE 7i',lens=null,film=null,film_speed=400,pref_rotation=0.0,description=null,tech_notes=null,photo_quality=0,last_modified='2006-01-06 17:46:44',orig_fname='test1.jpg' WHERE photo_id = 21726 
[org.apache.ojb.broker.accesslayer.JdbcAccessImpl] DEBUG: executeInsert: imginfo.ImageInstance@c12474
[org.apache.ojb.broker.accesslayer.JdbcAccessImpl] DEBUG: executeInsert: com.mysql.jdbc.PreparedStatement@407166: INSERT INTO image_instances (volume_id,fname,photo_id,instance_type,width,height,rotated) VALUES ('junitVolume','20021102_00047.jpg',21726,'thumbnail',100,75,0.0) 
(swingui.ThumbnailView               54  ) Accuracy = 0
[org.apache.ojb.broker.accesslayer.JdbcAccessImpl] DEBUG: executeDelete: imginfo.ImageInstance@1336006
[org.apache.ojb.broker.accesslayer.JdbcAccessImpl] DEBUG: executeDelete: com.mysql.jdbc.PreparedStatement@1042fcc: DELETE FROM image_instances WHERE volume_id = 'junitVolume'  AND fname = '20050405_00392.jpg' 
[org.apache.ojb.broker.accesslayer.JdbcAccessImpl] DEBUG: executeDelete: imginfo.ImageInstance@c12474
[org.apache.ojb.broker.accesslayer.JdbcAccessImpl] DEBUG: executeDelete: com.mysql.jdbc.PreparedStatement@1de0c09: DELETE FROM image_instances WHERE volume_id = 'junitVolume'  AND fname = '20021102_00047.jpg' 
[org.apache.ojb.broker.accesslayer.JdbcAccessImpl] DEBUG: executeDelete: imginfo.PhotoInfo@61ec49
[org.apache.ojb.broker.accesslayer.JdbcAccessImpl] DEBUG: executeDelete: com.mysql.jdbc.PreparedStatement@e85825: DELETE FROM photos WHERE photo_id = 21726 
]]></system-out>

      <system-err><![CDATA[getNewFname Tue Apr 05 22:14:55 EEST 2005 jpg
YearDir: test_volume\junitVolume\2005
MontDir: test_volume\junitVolume\2005\200504
getNewFname Sat Nov 02 14:33:35 EET 2002 jpg
YearDir: test_volume\junitVolume\2002
MontDir: test_volume\junitVolume\2002\200211
File thumbnailShow1.png exists
Read image
Equal size
getNewFname Tue Apr 05 22:14:55 EEST 2005 jpg
YearDir: test_volume\junitVolume\2005
MontDir: test_volume\junitVolume\2005\200504
getNewFname Sat Nov 02 14:33:35 EET 2002 jpg
YearDir: test_volume\junitVolume\2002
MontDir: test_volume\junitVolume\2002\200211
File thumbnailRotation1.png exists
Read image
Equal size
]]></system-err>

  </testsuite>
</testsuites>
